<?xml version="1.0" encoding="UTF-8"?>
<coverage generated="1619506967793" clover="3.2.0">
  <project timestamp="1619506967793" name="All files">
    <metrics statements="11213" coveredstatements="9523" conditionals="4590" coveredconditionals="3385" methods="5470" coveredmethods="4736" elements="21273" coveredelements="17644" complexity="0" loc="11213" ncloc="11213" packages="125" files="450" classes="450"/>
    <package name="demo.ext-app.fixture">
      <metrics statements="14" coveredstatements="12" conditionals="0" coveredconditionals="0" methods="4" coveredmethods="3"/>
      <file name="folders.js" path="/Users/maxencezanardo/Projects/passbolt-styleguide/demo/ext-app/fixture/folders.js">
        <metrics statements="7" coveredstatements="5" conditionals="0" coveredconditionals="0" methods="2" coveredmethods="1"/>
        <line num="3" count="2" type="stmt"/>
        <line num="4" count="0" type="stmt"/>
        <line num="27" count="2" type="stmt"/>
        <line num="28" count="2" type="stmt"/>
        <line num="29" count="0" type="stmt"/>
        <line num="31" count="2" type="stmt"/>
        <line num="36" count="2" type="stmt"/>
      </file>
      <file name="groups.js" path="/Users/maxencezanardo/Projects/passbolt-styleguide/demo/ext-app/fixture/groups.js">
        <metrics statements="0" coveredstatements="0" conditionals="0" coveredconditionals="0" methods="0" coveredmethods="0"/>
      </file>
      <file name="resources.js" path="/Users/maxencezanardo/Projects/passbolt-styleguide/demo/ext-app/fixture/resources.js">
        <metrics statements="7" coveredstatements="7" conditionals="0" coveredconditionals="0" methods="2" coveredmethods="2"/>
        <line num="3" count="2" type="stmt"/>
        <line num="4" count="200" type="stmt"/>
        <line num="52" count="2" type="stmt"/>
        <line num="53" count="2" type="stmt"/>
        <line num="54" count="200" type="stmt"/>
        <line num="56" count="2" type="stmt"/>
        <line num="61" count="2" type="stmt"/>
      </file>
      <file name="users.js" path="/Users/maxencezanardo/Projects/passbolt-styleguide/demo/ext-app/fixture/users.js">
        <metrics statements="0" coveredstatements="0" conditionals="0" coveredconditionals="0" methods="0" coveredmethods="0"/>
      </file>
    </package>
    <package name="demo.ext-app.mock">
      <metrics statements="46" coveredstatements="46" conditionals="0" coveredconditionals="0" methods="1" coveredmethods="1"/>
      <file name="mockPort.js" path="/Users/maxencezanardo/Projects/passbolt-styleguide/demo/ext-app/mock/mockPort.js">
        <metrics statements="46" coveredstatements="46" conditionals="0" coveredconditionals="0" methods="1" coveredmethods="1"/>
        <line num="60" count="2" type="stmt"/>
        <line num="61" count="2" type="stmt"/>
        <line num="62" count="2" type="stmt"/>
        <line num="63" count="2" type="stmt"/>
        <line num="64" count="2" type="stmt"/>
        <line num="65" count="2" type="stmt"/>
        <line num="66" count="2" type="stmt"/>
        <line num="67" count="2" type="stmt"/>
        <line num="68" count="2" type="stmt"/>
        <line num="69" count="2" type="stmt"/>
        <line num="70" count="2" type="stmt"/>
        <line num="71" count="2" type="stmt"/>
        <line num="72" count="2" type="stmt"/>
        <line num="73" count="2" type="stmt"/>
        <line num="74" count="2" type="stmt"/>
        <line num="75" count="2" type="stmt"/>
        <line num="76" count="2" type="stmt"/>
        <line num="77" count="2" type="stmt"/>
        <line num="78" count="2" type="stmt"/>
        <line num="79" count="2" type="stmt"/>
        <line num="80" count="2" type="stmt"/>
        <line num="81" count="2" type="stmt"/>
        <line num="82" count="2" type="stmt"/>
        <line num="83" count="2" type="stmt"/>
        <line num="84" count="2" type="stmt"/>
        <line num="85" count="2" type="stmt"/>
        <line num="86" count="2" type="stmt"/>
        <line num="87" count="2" type="stmt"/>
        <line num="88" count="2" type="stmt"/>
        <line num="89" count="2" type="stmt"/>
        <line num="90" count="2" type="stmt"/>
        <line num="91" count="2" type="stmt"/>
        <line num="92" count="2" type="stmt"/>
        <line num="93" count="2" type="stmt"/>
        <line num="94" count="2" type="stmt"/>
        <line num="95" count="2" type="stmt"/>
        <line num="96" count="2" type="stmt"/>
        <line num="97" count="2" type="stmt"/>
        <line num="98" count="2" type="stmt"/>
        <line num="99" count="2" type="stmt"/>
        <line num="100" count="2" type="stmt"/>
        <line num="101" count="2" type="stmt"/>
        <line num="102" count="2" type="stmt"/>
        <line num="103" count="2" type="stmt"/>
        <line num="104" count="2" type="stmt"/>
        <line num="106" count="2" type="stmt"/>
      </file>
    </package>
    <package name="demo.ext-app.mock.request">
      <metrics statements="217" coveredstatements="1" conditionals="47" coveredconditionals="0" methods="78" coveredmethods="0"/>
      <file name="mockRequestAuthIsAuthenticated.js" path="/Users/maxencezanardo/Projects/passbolt-styleguide/demo/ext-app/mock/request/mockRequestAuthIsAuthenticated.js">
        <metrics statements="1" coveredstatements="0" conditionals="0" coveredconditionals="0" methods="1" coveredmethods="0"/>
        <line num="15" count="0" type="stmt"/>
      </file>
      <file name="mockRequestClipboardCopy.js" path="/Users/maxencezanardo/Projects/passbolt-styleguide/demo/ext-app/mock/request/mockRequestClipboardCopy.js">
        <metrics statements="9" coveredstatements="0" conditionals="0" coveredconditionals="0" methods="1" coveredmethods="0"/>
        <line num="15" count="0" type="stmt"/>
        <line num="16" count="0" type="stmt"/>
        <line num="17" count="0" type="stmt"/>
        <line num="18" count="0" type="stmt"/>
        <line num="19" count="0" type="stmt"/>
        <line num="20" count="0" type="stmt"/>
        <line num="21" count="0" type="stmt"/>
        <line num="22" count="0" type="stmt"/>
        <line num="23" count="0" type="stmt"/>
      </file>
      <file name="mockRequestCommentsCreate.js" path="/Users/maxencezanardo/Projects/passbolt-styleguide/demo/ext-app/mock/request/mockRequestCommentsCreate.js">
        <metrics statements="2" coveredstatements="0" conditionals="0" coveredconditionals="0" methods="2" coveredmethods="0"/>
        <line num="6" count="0" type="stmt"/>
        <line num="7" count="0" type="stmt"/>
      </file>
      <file name="mockRequestCommentsFind.js" path="/Users/maxencezanardo/Projects/passbolt-styleguide/demo/ext-app/mock/request/mockRequestCommentsFind.js">
        <metrics statements="1" coveredstatements="0" conditionals="0" coveredconditionals="0" methods="1" coveredmethods="0"/>
        <line num="6" count="0" type="stmt"/>
      </file>
      <file name="mockRequestDeleteTags.js" path="/Users/maxencezanardo/Projects/passbolt-styleguide/demo/ext-app/mock/request/mockRequestDeleteTags.js">
        <metrics statements="12" coveredstatements="0" conditionals="4" coveredconditionals="0" methods="4" coveredmethods="0"/>
        <line num="18" count="0" type="stmt"/>
        <line num="19" count="0" type="stmt"/>
        <line num="20" count="0" type="stmt"/>
        <line num="21" count="0" type="cond" truecount="0" falsecount="2"/>
        <line num="22" count="0" type="stmt"/>
        <line num="23" count="0" type="cond" truecount="0" falsecount="2"/>
        <line num="24" count="0" type="stmt"/>
        <line num="25" count="0" type="stmt"/>
        <line num="26" count="0" type="stmt"/>
        <line num="27" count="0" type="stmt"/>
        <line num="31" count="0" type="stmt"/>
        <line num="32" count="0" type="stmt"/>
      </file>
      <file name="mockRequestDisableMFA.js" path="/Users/maxencezanardo/Projects/passbolt-styleguide/demo/ext-app/mock/request/mockRequestDisableMFA.js">
        <metrics statements="0" coveredstatements="0" conditionals="0" coveredconditionals="0" methods="1" coveredmethods="0"/>
      </file>
      <file name="mockRequestFindActivities.js" path="/Users/maxencezanardo/Projects/passbolt-styleguide/demo/ext-app/mock/request/mockRequestFindActivities.js">
        <metrics statements="8" coveredstatements="0" conditionals="16" coveredconditionals="0" methods="1" coveredmethods="0"/>
        <line num="16" count="0" type="cond" truecount="0" falsecount="4"/>
        <line num="17" count="0" type="stmt"/>
        <line num="211" count="0" type="cond" truecount="0" falsecount="4"/>
        <line num="212" count="0" type="stmt"/>
        <line num="290" count="0" type="cond" truecount="0" falsecount="4"/>
        <line num="291" count="0" type="stmt"/>
        <line num="506" count="0" type="cond" truecount="0" falsecount="4"/>
        <line num="507" count="0" type="stmt"/>
      </file>
      <file name="mockRequestFindAllThemes.js" path="/Users/maxencezanardo/Projects/passbolt-styleguide/demo/ext-app/mock/request/mockRequestFindAllThemes.js">
        <metrics statements="1" coveredstatements="0" conditionals="0" coveredconditionals="0" methods="1" coveredmethods="0"/>
        <line num="17" count="0" type="stmt"/>
      </file>
      <file name="mockRequestFoldersCreate.js" path="/Users/maxencezanardo/Projects/passbolt-styleguide/demo/ext-app/mock/request/mockRequestFoldersCreate.js">
        <metrics statements="12" coveredstatements="0" conditionals="0" coveredconditionals="0" methods="2" coveredmethods="0"/>
        <line num="19" count="0" type="stmt"/>
        <line num="20" count="0" type="stmt"/>
        <line num="21" count="0" type="stmt"/>
        <line num="22" count="0" type="stmt"/>
        <line num="23" count="0" type="stmt"/>
        <line num="24" count="0" type="stmt"/>
        <line num="25" count="0" type="stmt"/>
        <line num="26" count="0" type="stmt"/>
        <line num="27" count="0" type="stmt"/>
        <line num="35" count="0" type="stmt"/>
        <line num="36" count="0" type="stmt"/>
        <line num="37" count="0" type="stmt"/>
      </file>
      <file name="mockRequestFoldersDelete.js" path="/Users/maxencezanardo/Projects/passbolt-styleguide/demo/ext-app/mock/request/mockRequestFoldersDelete.js">
        <metrics statements="6" coveredstatements="0" conditionals="0" coveredconditionals="0" methods="3" coveredmethods="0"/>
        <line num="16" count="0" type="stmt"/>
        <line num="17" count="0" type="stmt"/>
        <line num="18" count="0" type="stmt"/>
        <line num="19" count="0" type="stmt"/>
        <line num="20" count="0" type="stmt"/>
        <line num="21" count="0" type="stmt"/>
      </file>
      <file name="mockRequestFoldersFindPermissions.js" path="/Users/maxencezanardo/Projects/passbolt-styleguide/demo/ext-app/mock/request/mockRequestFoldersFindPermissions.js">
        <metrics statements="1" coveredstatements="0" conditionals="0" coveredconditionals="0" methods="1" coveredmethods="0"/>
        <line num="16" count="0" type="stmt"/>
      </file>
      <file name="mockRequestFoldersUpdate.js" path="/Users/maxencezanardo/Projects/passbolt-styleguide/demo/ext-app/mock/request/mockRequestFoldersUpdate.js">
        <metrics statements="10" coveredstatements="0" conditionals="0" coveredconditionals="0" methods="3" coveredmethods="0"/>
        <line num="18" count="0" type="stmt"/>
        <line num="19" count="0" type="stmt"/>
        <line num="20" count="0" type="stmt"/>
        <line num="21" count="0" type="stmt"/>
        <line num="22" count="0" type="stmt"/>
        <line num="23" count="0" type="stmt"/>
        <line num="24" count="0" type="stmt"/>
        <line num="25" count="0" type="stmt"/>
        <line num="26" count="0" type="stmt"/>
        <line num="27" count="0" type="stmt"/>
      </file>
      <file name="mockRequestFoldersUpdateLocalStorage.js" path="/Users/maxencezanardo/Projects/passbolt-styleguide/demo/ext-app/mock/request/mockRequestFoldersUpdateLocalStorage.js">
        <metrics statements="1" coveredstatements="0" conditionals="0" coveredconditionals="0" methods="1" coveredmethods="0"/>
        <line num="18" count="0" type="stmt"/>
      </file>
      <file name="mockRequestGetLocale.js" path="/Users/maxencezanardo/Projects/passbolt-styleguide/demo/ext-app/mock/request/mockRequestGetLocale.js">
        <metrics statements="1" coveredstatements="0" conditionals="0" coveredconditionals="0" methods="1" coveredmethods="0"/>
        <line num="16" count="0" type="stmt"/>
      </file>
      <file name="mockRequestGetVersion.js" path="/Users/maxencezanardo/Projects/passbolt-styleguide/demo/ext-app/mock/request/mockRequestGetVersion.js">
        <metrics statements="1" coveredstatements="0" conditionals="0" coveredconditionals="0" methods="1" coveredmethods="0"/>
        <line num="7" count="0" type="stmt"/>
      </file>
      <file name="mockRequestGpgKeysFindByUserId.js" path="/Users/maxencezanardo/Projects/passbolt-styleguide/demo/ext-app/mock/request/mockRequestGpgKeysFindByUserId.js">
        <metrics statements="1" coveredstatements="0" conditionals="0" coveredconditionals="0" methods="1" coveredmethods="0"/>
        <line num="9" count="0" type="stmt"/>
      </file>
      <file name="mockRequestGroupDeleteDryRun.js" path="/Users/maxencezanardo/Projects/passbolt-styleguide/demo/ext-app/mock/request/mockRequestGroupDeleteDryRun.js">
        <metrics statements="4" coveredstatements="0" conditionals="2" coveredconditionals="0" methods="1" coveredmethods="0"/>
        <line num="15" count="0" type="cond" truecount="0" falsecount="2"/>
        <line num="16" count="0" type="stmt"/>
        <line num="2014" count="0" type="stmt"/>
        <line num="2016" count="0" type="stmt"/>
      </file>
      <file name="mockRequestGroupsCreate.js" path="/Users/maxencezanardo/Projects/passbolt-styleguide/demo/ext-app/mock/request/mockRequestGroupsCreate.js">
        <metrics statements="12" coveredstatements="0" conditionals="2" coveredconditionals="0" methods="3" coveredmethods="0"/>
        <line num="19" count="0" type="stmt"/>
        <line num="20" count="0" type="stmt"/>
        <line num="21" count="0" type="stmt"/>
        <line num="22" count="0" type="stmt"/>
        <line num="23" count="0" type="stmt"/>
        <line num="24" count="0" type="stmt"/>
        <line num="25" count="0" type="stmt"/>
        <line num="26" count="0" type="stmt"/>
        <line num="27" count="0" type="cond" truecount="0" falsecount="2"/>
        <line num="29" count="0" type="stmt"/>
        <line num="30" count="0" type="stmt"/>
        <line num="31" count="0" type="stmt"/>
      </file>
      <file name="mockRequestGroupsUpdate.js" path="/Users/maxencezanardo/Projects/passbolt-styleguide/demo/ext-app/mock/request/mockRequestGroupsUpdate.js">
        <metrics statements="10" coveredstatements="0" conditionals="2" coveredconditionals="0" methods="4" coveredmethods="0"/>
        <line num="19" count="0" type="stmt"/>
        <line num="20" count="0" type="stmt"/>
        <line num="21" count="0" type="stmt"/>
        <line num="22" count="0" type="stmt"/>
        <line num="23" count="0" type="stmt"/>
        <line num="24" count="0" type="cond" truecount="0" falsecount="2"/>
        <line num="26" count="0" type="stmt"/>
        <line num="27" count="0" type="stmt"/>
        <line num="28" count="0" type="stmt"/>
        <line num="29" count="0" type="stmt"/>
      </file>
      <file name="mockRequestGroupsUpdateLocalStorage.js" path="/Users/maxencezanardo/Projects/passbolt-styleguide/demo/ext-app/mock/request/mockRequestGroupsUpdateLocalStorage.js">
        <metrics statements="2" coveredstatements="0" conditionals="0" coveredconditionals="0" methods="1" coveredmethods="0"/>
        <line num="17" count="0" type="stmt"/>
        <line num="18" count="0" type="stmt"/>
      </file>
      <file name="mockRequestImportFile.js" path="/Users/maxencezanardo/Projects/passbolt-styleguide/demo/ext-app/mock/request/mockRequestImportFile.js">
        <metrics statements="1" coveredstatements="0" conditionals="0" coveredconditionals="0" methods="1" coveredmethods="0"/>
        <line num="16" count="0" type="stmt"/>
      </file>
      <file name="mockRequestResourceAddFavorite.js" path="/Users/maxencezanardo/Projects/passbolt-styleguide/demo/ext-app/mock/request/mockRequestResourceAddFavorite.js">
        <metrics statements="11" coveredstatements="0" conditionals="0" coveredconditionals="0" methods="3" coveredmethods="0"/>
        <line num="18" count="0" type="stmt"/>
        <line num="19" count="0" type="stmt"/>
        <line num="20" count="0" type="stmt"/>
        <line num="21" count="0" type="stmt"/>
        <line num="22" count="0" type="stmt"/>
        <line num="23" count="0" type="stmt"/>
        <line num="24" count="0" type="stmt"/>
        <line num="32" count="0" type="stmt"/>
        <line num="33" count="0" type="stmt"/>
        <line num="34" count="0" type="stmt"/>
        <line num="35" count="0" type="stmt"/>
      </file>
      <file name="mockRequestResourceDeleteFavorite.js" path="/Users/maxencezanardo/Projects/passbolt-styleguide/demo/ext-app/mock/request/mockRequestResourceDeleteFavorite.js">
        <metrics statements="10" coveredstatements="0" conditionals="0" coveredconditionals="0" methods="3" coveredmethods="0"/>
        <line num="18" count="0" type="stmt"/>
        <line num="19" count="0" type="stmt"/>
        <line num="20" count="0" type="stmt"/>
        <line num="21" count="0" type="stmt"/>
        <line num="22" count="0" type="stmt"/>
        <line num="23" count="0" type="stmt"/>
        <line num="24" count="0" type="stmt"/>
        <line num="25" count="0" type="stmt"/>
        <line num="26" count="0" type="stmt"/>
        <line num="27" count="0" type="stmt"/>
      </file>
      <file name="mockRequestResourceUpdateDescription.js" path="/Users/maxencezanardo/Projects/passbolt-styleguide/demo/ext-app/mock/request/mockRequestResourceUpdateDescription.js">
        <metrics statements="10" coveredstatements="0" conditionals="0" coveredconditionals="0" methods="3" coveredmethods="0"/>
        <line num="18" count="0" type="stmt"/>
        <line num="19" count="0" type="stmt"/>
        <line num="20" count="0" type="stmt"/>
        <line num="21" count="0" type="stmt"/>
        <line num="22" count="0" type="stmt"/>
        <line num="23" count="0" type="stmt"/>
        <line num="24" count="0" type="stmt"/>
        <line num="25" count="0" type="stmt"/>
        <line num="26" count="0" type="stmt"/>
        <line num="27" count="0" type="stmt"/>
      </file>
      <file name="mockRequestResources.js" path="/Users/maxencezanardo/Projects/passbolt-styleguide/demo/ext-app/mock/request/mockRequestResources.js">
        <metrics statements="7" coveredstatements="0" conditionals="4" coveredconditionals="0" methods="2" coveredmethods="0"/>
        <line num="16" count="0" type="stmt"/>
        <line num="17" count="0" type="stmt"/>
        <line num="18" count="0" type="stmt"/>
        <line num="19" count="0" type="stmt"/>
        <line num="20" count="0" type="cond" truecount="0" falsecount="4"/>
        <line num="21" count="0" type="stmt"/>
        <line num="23" count="0" type="stmt"/>
      </file>
      <file name="mockRequestResourcesCreate.js" path="/Users/maxencezanardo/Projects/passbolt-styleguide/demo/ext-app/mock/request/mockRequestResourcesCreate.js">
        <metrics statements="14" coveredstatements="0" conditionals="0" coveredconditionals="0" methods="2" coveredmethods="0"/>
        <line num="19" count="0" type="stmt"/>
        <line num="20" count="0" type="stmt"/>
        <line num="21" count="0" type="stmt"/>
        <line num="22" count="0" type="stmt"/>
        <line num="23" count="0" type="stmt"/>
        <line num="24" count="0" type="stmt"/>
        <line num="25" count="0" type="stmt"/>
        <line num="26" count="0" type="stmt"/>
        <line num="27" count="0" type="stmt"/>
        <line num="28" count="0" type="stmt"/>
        <line num="36" count="0" type="stmt"/>
        <line num="37" count="0" type="stmt"/>
        <line num="38" count="0" type="stmt"/>
        <line num="39" count="0" type="stmt"/>
      </file>
      <file name="mockRequestResourcesDelete.js" path="/Users/maxencezanardo/Projects/passbolt-styleguide/demo/ext-app/mock/request/mockRequestResourcesDelete.js">
        <metrics statements="5" coveredstatements="0" conditionals="0" coveredconditionals="0" methods="3" coveredmethods="0"/>
        <line num="16" count="0" type="stmt"/>
        <line num="17" count="0" type="stmt"/>
        <line num="18" count="0" type="stmt"/>
        <line num="19" count="0" type="stmt"/>
        <line num="20" count="0" type="stmt"/>
      </file>
      <file name="mockRequestResourcesFindPermissions.js" path="/Users/maxencezanardo/Projects/passbolt-styleguide/demo/ext-app/mock/request/mockRequestResourcesFindPermissions.js">
        <metrics statements="1" coveredstatements="0" conditionals="0" coveredconditionals="0" methods="1" coveredmethods="0"/>
        <line num="16" count="0" type="stmt"/>
      </file>
      <file name="mockRequestResourcesUpdate.js" path="/Users/maxencezanardo/Projects/passbolt-styleguide/demo/ext-app/mock/request/mockRequestResourcesUpdate.js">
        <metrics statements="15" coveredstatements="0" conditionals="2" coveredconditionals="0" methods="3" coveredmethods="0"/>
        <line num="18" count="0" type="stmt"/>
        <line num="19" count="0" type="stmt"/>
        <line num="20" count="0" type="stmt"/>
        <line num="21" count="0" type="stmt"/>
        <line num="22" count="0" type="stmt"/>
        <line num="23" count="0" type="stmt"/>
        <line num="24" count="0" type="stmt"/>
        <line num="25" count="0" type="stmt"/>
        <line num="26" count="0" type="stmt"/>
        <line num="27" count="0" type="stmt"/>
        <line num="28" count="0" type="cond" truecount="0" falsecount="2"/>
        <line num="29" count="0" type="stmt"/>
        <line num="31" count="0" type="stmt"/>
        <line num="32" count="0" type="stmt"/>
        <line num="33" count="0" type="stmt"/>
      </file>
      <file name="mockRequestResourcesUpdateLocalStorage.js" path="/Users/maxencezanardo/Projects/passbolt-styleguide/demo/ext-app/mock/request/mockRequestResourcesUpdateLocalStorage.js">
        <metrics statements="1" coveredstatements="0" conditionals="0" coveredconditionals="0" methods="1" coveredmethods="0"/>
        <line num="18" count="0" type="stmt"/>
      </file>
      <file name="mockRequestSecretEditDecrypt.js" path="/Users/maxencezanardo/Projects/passbolt-styleguide/demo/ext-app/mock/request/mockRequestSecretEditDecrypt.js">
        <metrics statements="4" coveredstatements="0" conditionals="2" coveredconditionals="0" methods="2" coveredmethods="0"/>
        <line num="17" count="0" type="stmt"/>
        <line num="18" count="0" type="cond" truecount="0" falsecount="2"/>
        <line num="19" count="0" type="stmt"/>
        <line num="24" count="0" type="stmt"/>
      </file>
      <file name="mockRequestSetupInfo.js" path="/Users/maxencezanardo/Projects/passbolt-styleguide/demo/ext-app/mock/request/mockRequestSetupInfo.js">
        <metrics statements="1" coveredstatements="0" conditionals="0" coveredconditionals="0" methods="1" coveredmethods="0"/>
        <line num="16" count="0" type="stmt"/>
      </file>
      <file name="mockRequestShareGetResources.js" path="/Users/maxencezanardo/Projects/passbolt-styleguide/demo/ext-app/mock/request/mockRequestShareGetResources.js">
        <metrics statements="1" coveredstatements="0" conditionals="0" coveredconditionals="0" methods="1" coveredmethods="0"/>
        <line num="16" count="0" type="stmt"/>
      </file>
      <file name="mockRequestShareSearchAros.js" path="/Users/maxencezanardo/Projects/passbolt-styleguide/demo/ext-app/mock/request/mockRequestShareSearchAros.js">
        <metrics statements="8" coveredstatements="1" conditionals="5" coveredconditionals="0" methods="4" coveredmethods="0"/>
        <line num="16" count="0" type="stmt"/>
        <line num="18" count="0" type="stmt"/>
        <line num="19" count="0" type="stmt"/>
        <line num="20" count="0" type="stmt"/>
        <line num="21" count="0" type="cond" truecount="0" falsecount="2"/>
        <line num="22" count="0" type="cond" truecount="0" falsecount="3"/>
        <line num="26" count="0" type="stmt"/>
        <line num="32" count="2" type="stmt"/>
      </file>
      <file name="mockRequestSiteSettings.js" path="/Users/maxencezanardo/Projects/passbolt-styleguide/demo/ext-app/mock/request/mockRequestSiteSettings.js">
        <metrics statements="1" coveredstatements="0" conditionals="0" coveredconditionals="0" methods="1" coveredmethods="0"/>
        <line num="16" count="0" type="stmt"/>
      </file>
      <file name="mockRequestTagsGet.js" path="/Users/maxencezanardo/Projects/passbolt-styleguide/demo/ext-app/mock/request/mockRequestTagsGet.js">
        <metrics statements="1" coveredstatements="0" conditionals="0" coveredconditionals="0" methods="1" coveredmethods="0"/>
        <line num="16" count="0" type="stmt"/>
      </file>
      <file name="mockRequestTagsUpdate.js" path="/Users/maxencezanardo/Projects/passbolt-styleguide/demo/ext-app/mock/request/mockRequestTagsUpdate.js">
        <metrics statements="12" coveredstatements="0" conditionals="4" coveredconditionals="0" methods="4" coveredmethods="0"/>
        <line num="18" count="0" type="stmt"/>
        <line num="19" count="0" type="stmt"/>
        <line num="20" count="0" type="stmt"/>
        <line num="21" count="0" type="cond" truecount="0" falsecount="2"/>
        <line num="22" count="0" type="stmt"/>
        <line num="23" count="0" type="cond" truecount="0" falsecount="2"/>
        <line num="24" count="0" type="stmt"/>
        <line num="25" count="0" type="stmt"/>
        <line num="26" count="0" type="stmt"/>
        <line num="27" count="0" type="stmt"/>
        <line num="31" count="0" type="stmt"/>
        <line num="32" count="0" type="stmt"/>
      </file>
      <file name="mockRequestTagsUpdateResourceTags.js" path="/Users/maxencezanardo/Projects/passbolt-styleguide/demo/ext-app/mock/request/mockRequestTagsUpdateResourceTags.js">
        <metrics statements="13" coveredstatements="0" conditionals="2" coveredconditionals="0" methods="4" coveredmethods="0"/>
        <line num="19" count="0" type="stmt"/>
        <line num="20" count="0" type="stmt"/>
        <line num="21" count="0" type="stmt"/>
        <line num="22" count="0" type="stmt"/>
        <line num="23" count="0" type="stmt"/>
        <line num="24" count="0" type="cond" truecount="0" falsecount="2"/>
        <line num="25" count="0" type="stmt"/>
        <line num="28" count="0" type="stmt"/>
        <line num="29" count="0" type="stmt"/>
        <line num="30" count="0" type="stmt"/>
        <line num="31" count="0" type="stmt"/>
        <line num="32" count="0" type="stmt"/>
        <line num="33" count="0" type="stmt"/>
      </file>
      <file name="mockRequestUserDeleteDryRun.js" path="/Users/maxencezanardo/Projects/passbolt-styleguide/demo/ext-app/mock/request/mockRequestUserDeleteDryRun.js">
        <metrics statements="3" coveredstatements="0" conditionals="2" coveredconditionals="0" methods="1" coveredmethods="0"/>
        <line num="16" count="0" type="cond" truecount="0" falsecount="2"/>
        <line num="17" count="0" type="stmt"/>
        <line num="2015" count="0" type="stmt"/>
      </file>
      <file name="mockRequestUserGet.js" path="/Users/maxencezanardo/Projects/passbolt-styleguide/demo/ext-app/mock/request/mockRequestUserGet.js">
        <metrics statements="1" coveredstatements="0" conditionals="0" coveredconditionals="0" methods="1" coveredmethods="0"/>
        <line num="16" count="0" type="stmt"/>
      </file>
      <file name="mockRequestUsersFindLoggedInUser.js" path="/Users/maxencezanardo/Projects/passbolt-styleguide/demo/ext-app/mock/request/mockRequestUsersFindLoggedInUser.js">
        <metrics statements="1" coveredstatements="0" conditionals="0" coveredconditionals="0" methods="1" coveredmethods="0"/>
        <line num="16" count="0" type="stmt"/>
      </file>
      <file name="mockRequestUsersUpdateLocalStorage.js" path="/Users/maxencezanardo/Projects/passbolt-styleguide/demo/ext-app/mock/request/mockRequestUsersUpdateLocalStorage.js">
        <metrics statements="1" coveredstatements="0" conditionals="0" coveredconditionals="0" methods="1" coveredmethods="0"/>
        <line num="18" count="0" type="stmt"/>
      </file>
    </package>
    <package name="src.react-extension.components.Administration">
      <metrics statements="14" coveredstatements="14" conditionals="14" coveredconditionals="12" methods="12" coveredmethods="12"/>
      <file name="AdministrationWorkspace.js" path="/Users/maxencezanardo/Projects/passbolt-styleguide/src/react-extension/components/Administration/AdministrationWorkspace.js">
        <metrics statements="7" coveredstatements="7" conditionals="12" coveredconditionals="10" methods="6" coveredmethods="6"/>
        <line num="43" count="3" type="stmt"/>
        <line num="51" count="3" type="stmt"/>
        <line num="59" count="3" type="stmt"/>
        <line num="67" count="3" type="stmt"/>
        <line num="75" count="3" type="stmt"/>
        <line num="79" count="3" type="stmt"/>
        <line num="130" count="1" type="stmt"/>
      </file>
      <file name="AdministrationWorkspace.test.data.js" path="/Users/maxencezanardo/Projects/passbolt-styleguide/src/react-extension/components/Administration/AdministrationWorkspace.test.data.js">
        <metrics statements="3" coveredstatements="3" conditionals="2" coveredconditionals="2" methods="2" coveredmethods="2"/>
        <line num="7" count="1" type="stmt"/>
        <line num="9" count="1" type="cond" truecount="2" falsecount="0"/>
        <line num="16" count="3" type="stmt"/>
      </file>
      <file name="AdministrationWorkspace.test.page.js" path="/Users/maxencezanardo/Projects/passbolt-styleguide/src/react-extension/components/Administration/AdministrationWorkspace.test.page.js">
        <metrics statements="4" coveredstatements="4" conditionals="0" coveredconditionals="0" methods="4" coveredmethods="4"/>
        <line num="34" count="3" type="stmt"/>
        <line num="49" count="3" type="stmt"/>
        <line num="56" count="3" type="stmt"/>
        <line num="63" count="3" type="stmt"/>
      </file>
    </package>
    <package name="src.react-extension.components.Administration.DisplayAdministrationMenu">
      <metrics statements="50" coveredstatements="49" conditionals="28" coveredconditionals="28" methods="37" coveredmethods="36"/>
      <file name="DisplayAdministrationMenu.js" path="/Users/maxencezanardo/Projects/passbolt-styleguide/src/react-extension/components/Administration/DisplayAdministrationMenu/DisplayAdministrationMenu.js">
        <metrics statements="29" coveredstatements="28" conditionals="26" coveredconditionals="26" methods="18" coveredmethods="17"/>
        <line num="34" count="5" type="stmt"/>
        <line num="35" count="5" type="stmt"/>
        <line num="43" count="5" type="stmt"/>
        <line num="44" count="5" type="cond" truecount="2" falsecount="0"/>
        <line num="52" count="5" type="stmt"/>
        <line num="53" count="5" type="cond" truecount="2" falsecount="0"/>
        <line num="61" count="5" type="stmt"/>
        <line num="62" count="5" type="cond" truecount="2" falsecount="0"/>
        <line num="70" count="5" type="stmt"/>
        <line num="71" count="5" type="cond" truecount="2" falsecount="0"/>
        <line num="78" count="5" type="stmt"/>
        <line num="79" count="5" type="stmt"/>
        <line num="80" count="5" type="stmt"/>
        <line num="81" count="5" type="stmt"/>
        <line num="82" count="5" type="stmt"/>
        <line num="89" count="1" type="stmt"/>
        <line num="96" count="1" type="stmt"/>
        <line num="103" count="1" type="stmt"/>
        <line num="110" count="1" type="stmt"/>
        <line num="117" count="1" type="stmt"/>
        <line num="125" count="5" type="stmt"/>
        <line num="133" count="5" type="stmt"/>
        <line num="141" count="5" type="stmt"/>
        <line num="149" count="5" type="stmt"/>
        <line num="157" count="5" type="stmt"/>
        <line num="165" count="0" type="stmt"/>
        <line num="173" count="5" type="stmt"/>
        <line num="235" count="1" type="stmt"/>
        <line num="237" count="1" type="stmt"/>
      </file>
      <file name="DisplayAdministrationMenu.test.data.js" path="/Users/maxencezanardo/Projects/passbolt-styleguide/src/react-extension/components/Administration/DisplayAdministrationMenu/DisplayAdministrationMenu.test.data.js">
        <metrics statements="4" coveredstatements="4" conditionals="2" coveredconditionals="2" methods="3" coveredmethods="3"/>
        <line num="7" count="1" type="stmt"/>
        <line num="10" count="1" type="cond" truecount="2" falsecount="0"/>
        <line num="18" count="5" type="stmt"/>
        <line num="21" count="20" type="stmt"/>
      </file>
      <file name="DisplayAdministrationMenu.test.page.js" path="/Users/maxencezanardo/Projects/passbolt-styleguide/src/react-extension/components/Administration/DisplayAdministrationMenu/DisplayAdministrationMenu.test.page.js">
        <metrics statements="17" coveredstatements="17" conditionals="0" coveredconditionals="0" methods="16" coveredmethods="16"/>
        <line num="32" count="5" type="stmt"/>
        <line num="47" count="5" type="stmt"/>
        <line num="54" count="5" type="stmt"/>
        <line num="61" count="1" type="stmt"/>
        <line num="68" count="1" type="stmt"/>
        <line num="75" count="1" type="stmt"/>
        <line num="82" count="1" type="stmt"/>
        <line num="89" count="1" type="stmt"/>
        <line num="96" count="5" type="stmt"/>
        <line num="101" count="5" type="stmt"/>
        <line num="102" count="5" type="stmt"/>
        <line num="103" count="5" type="stmt"/>
        <line num="109" count="1" type="stmt"/>
        <line num="114" count="1" type="stmt"/>
        <line num="119" count="1" type="stmt"/>
        <line num="124" count="1" type="stmt"/>
        <line num="129" count="1" type="stmt"/>
      </file>
    </package>
    <package name="src.react-extension.components.Administration.DisplayAdministrationWorkspaceActions">
      <metrics statements="46" coveredstatements="40" conditionals="20" coveredconditionals="16" methods="34" coveredmethods="31"/>
      <file name="DisplayAdministrationWorkspaceActions.js" path="/Users/maxencezanardo/Projects/passbolt-styleguide/src/react-extension/components/Administration/DisplayAdministrationWorkspaceActions/DisplayAdministrationWorkspaceActions.js">
        <metrics statements="26" coveredstatements="20" conditionals="18" coveredconditionals="14" methods="16" coveredmethods="13"/>
        <line num="39" count="10" type="stmt"/>
        <line num="40" count="10" type="stmt"/>
        <line num="47" count="10" type="stmt"/>
        <line num="48" count="10" type="stmt"/>
        <line num="49" count="10" type="stmt"/>
        <line num="50" count="10" type="stmt"/>
        <line num="51" count="10" type="stmt"/>
        <line num="59" count="0" type="stmt"/>
        <line num="66" count="0" type="stmt"/>
        <line num="67" count="0" type="cond" truecount="0" falsecount="4"/>
        <line num="68" count="0" type="stmt"/>
        <line num="69" count="0" type="stmt"/>
        <line num="77" count="1" type="stmt"/>
        <line num="84" count="1" type="stmt"/>
        <line num="91" count="1" type="stmt"/>
        <line num="98" count="1" type="stmt"/>
        <line num="105" count="1" type="stmt"/>
        <line num="112" count="9" type="stmt"/>
        <line num="119" count="7" type="stmt"/>
        <line num="126" count="14" type="stmt"/>
        <line num="134" count="9" type="stmt"/>
        <line num="142" count="20" type="stmt"/>
        <line num="150" count="0" type="stmt"/>
        <line num="158" count="10" type="stmt"/>
        <line num="209" count="1" type="stmt"/>
        <line num="211" count="1" type="stmt"/>
      </file>
      <file name="DisplayAdministrationWorkspaceActions.test.data.js" path="/Users/maxencezanardo/Projects/passbolt-styleguide/src/react-extension/components/Administration/DisplayAdministrationWorkspaceActions/DisplayAdministrationWorkspaceActions.test.data.js">
        <metrics statements="3" coveredstatements="3" conditionals="2" coveredconditionals="2" methods="2" coveredmethods="2"/>
        <line num="7" count="1" type="stmt"/>
        <line num="10" count="1" type="cond" truecount="2" falsecount="0"/>
        <line num="18" count="4" type="stmt"/>
      </file>
      <file name="DisplayAdministrationWorkspaceActions.test.page.js" path="/Users/maxencezanardo/Projects/passbolt-styleguide/src/react-extension/components/Administration/DisplayAdministrationWorkspaceActions/DisplayAdministrationWorkspaceActions.test.page.js">
        <metrics statements="17" coveredstatements="17" conditionals="0" coveredconditionals="0" methods="16" coveredmethods="16"/>
        <line num="31" count="10" type="stmt"/>
        <line num="44" count="3" type="stmt"/>
        <line num="51" count="3" type="stmt"/>
        <line num="58" count="6" type="stmt"/>
        <line num="65" count="6" type="stmt"/>
        <line num="72" count="6" type="stmt"/>
        <line num="79" count="6" type="stmt"/>
        <line num="86" count="1" type="stmt"/>
        <line num="93" count="3" type="stmt"/>
        <line num="98" count="5" type="stmt"/>
        <line num="99" count="5" type="stmt"/>
        <line num="100" count="5" type="stmt"/>
        <line num="106" count="1" type="stmt"/>
        <line num="111" count="1" type="stmt"/>
        <line num="116" count="1" type="stmt"/>
        <line num="121" count="1" type="stmt"/>
        <line num="126" count="1" type="stmt"/>
      </file>
    </package>
    <package name="src.react-extension.components.Administration.DisplayAdministrationWorkspaceBreadcrumb">
      <metrics statements="24" coveredstatements="21" conditionals="10" coveredconditionals="9" methods="12" coveredmethods="11"/>
      <file name="DisplayAdministrationWorkspaceBreadcrumb.js" path="/Users/maxencezanardo/Projects/passbolt-styleguide/src/react-extension/components/Administration/DisplayAdministrationWorkspaceBreadcrumb/DisplayAdministrationWorkspaceBreadcrumb.js">
        <metrics statements="16" coveredstatements="13" conditionals="8" coveredconditionals="7" methods="5" coveredmethods="4"/>
        <line num="35" count="6" type="cond" truecount="2" falsecount="0"/>
        <line num="37" count="1" type="stmt"/>
        <line num="39" count="5" type="stmt"/>
        <line num="52" count="5" type="cond" truecount="5" falsecount="1"/>
        <line num="54" count="1" type="stmt"/>
        <line num="56" count="1" type="stmt"/>
        <line num="58" count="1" type="stmt"/>
        <line num="60" count="1" type="stmt"/>
        <line num="62" count="1" type="stmt"/>
        <line num="64" count="0" type="stmt"/>
        <line num="73" count="0" type="stmt"/>
        <line num="74" count="0" type="stmt"/>
        <line num="82" count="15" type="stmt"/>
        <line num="90" count="6" type="stmt"/>
        <line num="96" count="1" type="stmt"/>
        <line num="98" count="1" type="stmt"/>
      </file>
      <file name="DisplayAdministrationWorkspaceBreadcrumb.test.data.js" path="/Users/maxencezanardo/Projects/passbolt-styleguide/src/react-extension/components/Administration/DisplayAdministrationWorkspaceBreadcrumb/DisplayAdministrationWorkspaceBreadcrumb.test.data.js">
        <metrics statements="3" coveredstatements="3" conditionals="2" coveredconditionals="2" methods="2" coveredmethods="2"/>
        <line num="8" count="1" type="stmt"/>
        <line num="10" count="1" type="cond" truecount="2" falsecount="0"/>
        <line num="18" count="6" type="stmt"/>
      </file>
      <file name="DisplayAdministrationWorkspaceBreadcrumb.test.page.js" path="/Users/maxencezanardo/Projects/passbolt-styleguide/src/react-extension/components/Administration/DisplayAdministrationWorkspaceBreadcrumb/DisplayAdministrationWorkspaceBreadcrumb.test.page.js">
        <metrics statements="5" coveredstatements="5" conditionals="0" coveredconditionals="0" methods="5" coveredmethods="5"/>
        <line num="32" count="6" type="stmt"/>
        <line num="47" count="1" type="stmt"/>
        <line num="54" count="6" type="stmt"/>
        <line num="61" count="15" type="stmt"/>
        <line num="68" count="1" type="stmt"/>
      </file>
    </package>
    <package name="src.react-extension.components.Administration.DisplayEmailNotificationsAdministration">
      <metrics statements="103" coveredstatements="102" conditionals="20" coveredconditionals="15" methods="51" coveredmethods="51"/>
      <file name="DisplayEmailNotificationsAdministration.js" path="/Users/maxencezanardo/Projects/passbolt-styleguide/src/react-extension/components/Administration/DisplayEmailNotificationsAdministration/DisplayEmailNotificationsAdministration.js">
        <metrics statements="68" coveredstatements="67" conditionals="18" coveredconditionals="13" methods="20" coveredmethods="20"/>
        <line num="30" count="5" type="stmt"/>
        <line num="31" count="5" type="stmt"/>
        <line num="32" count="5" type="stmt"/>
        <line num="40" count="5" type="stmt"/>
        <line num="84" count="5" type="stmt"/>
        <line num="92" count="17" type="stmt"/>
        <line num="99" count="5" type="stmt"/>
        <line num="107" count="17" type="stmt"/>
        <line num="108" count="17" type="cond" truecount="4" falsecount="0"/>
        <line num="109" count="3" type="stmt"/>
        <line num="110" count="3" type="stmt"/>
        <line num="118" count="5" type="stmt"/>
        <line num="119" count="5" type="stmt"/>
        <line num="121" count="5" type="stmt"/>
        <line num="122" count="5" type="stmt"/>
        <line num="126" count="5" type="stmt"/>
        <line num="127" count="5" type="stmt"/>
        <line num="128" count="5" type="stmt"/>
        <line num="129" count="5" type="stmt"/>
        <line num="131" count="5" type="stmt"/>
        <line num="132" count="5" type="stmt"/>
        <line num="133" count="5" type="stmt"/>
        <line num="134" count="5" type="stmt"/>
        <line num="136" count="5" type="stmt"/>
        <line num="138" count="5" type="stmt"/>
        <line num="139" count="5" type="stmt"/>
        <line num="140" count="5" type="stmt"/>
        <line num="141" count="5" type="stmt"/>
        <line num="143" count="5" type="stmt"/>
        <line num="145" count="5" type="stmt"/>
        <line num="146" count="5" type="stmt"/>
        <line num="150" count="5" type="stmt"/>
        <line num="151" count="5" type="stmt"/>
        <line num="152" count="5" type="stmt"/>
        <line num="153" count="5" type="stmt"/>
        <line num="155" count="5" type="stmt"/>
        <line num="157" count="5" type="stmt"/>
        <line num="191" count="3" type="stmt"/>
        <line num="192" count="3" type="stmt"/>
        <line num="193" count="3" type="stmt"/>
        <line num="194" count="3" type="stmt"/>
        <line num="195" count="3" type="stmt"/>
        <line num="202" count="3" type="cond" truecount="1" falsecount="1"/>
        <line num="203" count="3" type="stmt"/>
        <line num="212" count="462" type="cond" truecount="2" falsecount="0"/>
        <line num="222" count="3" type="cond" truecount="1" falsecount="1"/>
        <line num="223" count="3" type="stmt"/>
        <line num="224" count="3" type="stmt"/>
        <line num="225" count="3" type="stmt"/>
        <line num="226" count="2" type="stmt"/>
        <line num="228" count="1" type="stmt"/>
        <line num="238" count="3" type="stmt"/>
        <line num="264" count="3" type="stmt"/>
        <line num="271" count="2" type="stmt"/>
        <line num="272" count="2" type="stmt"/>
        <line num="281" count="1" type="cond" truecount="1" falsecount="1"/>
        <line num="282" count="0" type="stmt"/>
        <line num="285" count="1" type="stmt"/>
        <line num="286" count="1" type="stmt"/>
        <line num="287" count="1" type="stmt"/>
        <line num="296" count="1" type="stmt"/>
        <line num="304" count="3" type="stmt"/>
        <line num="305" count="3" type="stmt"/>
        <line num="313" count="44" type="stmt"/>
        <line num="321" count="22" type="stmt"/>
        <line num="329" count="2" type="stmt"/>
        <line num="337" count="22" type="stmt"/>
        <line num="532" count="1" type="stmt"/>
      </file>
      <file name="DisplayEmailNotificationsAdministration.test.data.js" path="/Users/maxencezanardo/Projects/passbolt-styleguide/src/react-extension/components/Administration/DisplayEmailNotificationsAdministration/DisplayEmailNotificationsAdministration.test.data.js">
        <metrics statements="6" coveredstatements="6" conditionals="2" coveredconditionals="2" methods="3" coveredmethods="3"/>
        <line num="8" count="2" type="stmt"/>
        <line num="10" count="2" type="cond" truecount="2" falsecount="0"/>
        <line num="18" count="1" type="stmt"/>
        <line num="28" count="5" type="stmt"/>
        <line num="33" count="1" type="stmt"/>
        <line num="59" count="1" type="stmt"/>
      </file>
      <file name="DisplayEmailNotificationsAdministration.test.page.js" path="/Users/maxencezanardo/Projects/passbolt-styleguide/src/react-extension/components/Administration/DisplayEmailNotificationsAdministration/DisplayEmailNotificationsAdministration.test.page.js">
        <metrics statements="29" coveredstatements="29" conditionals="0" coveredconditionals="0" methods="28" coveredmethods="28"/>
        <line num="30" count="5" type="stmt"/>
        <line num="40" count="3" type="stmt"/>
        <line num="53" count="1" type="stmt"/>
        <line num="60" count="4" type="stmt"/>
        <line num="67" count="4" type="stmt"/>
        <line num="74" count="4" type="stmt"/>
        <line num="81" count="4" type="stmt"/>
        <line num="88" count="4" type="stmt"/>
        <line num="95" count="4" type="stmt"/>
        <line num="102" count="4" type="stmt"/>
        <line num="109" count="4" type="stmt"/>
        <line num="116" count="7" type="stmt"/>
        <line num="123" count="4" type="stmt"/>
        <line num="130" count="4" type="stmt"/>
        <line num="137" count="4" type="stmt"/>
        <line num="144" count="4" type="stmt"/>
        <line num="151" count="4" type="stmt"/>
        <line num="158" count="4" type="stmt"/>
        <line num="165" count="4" type="stmt"/>
        <line num="172" count="4" type="stmt"/>
        <line num="179" count="4" type="stmt"/>
        <line num="186" count="4" type="stmt"/>
        <line num="193" count="4" type="stmt"/>
        <line num="200" count="4" type="stmt"/>
        <line num="207" count="1" type="stmt"/>
        <line num="212" count="3" type="stmt"/>
        <line num="213" count="3" type="stmt"/>
        <line num="214" count="3" type="stmt"/>
        <line num="220" count="3" type="stmt"/>
      </file>
    </package>
    <package name="src.react-extension.components.Administration.DisplayInternationalizationAdministration">
      <metrics statements="53" coveredstatements="50" conditionals="14" coveredconditionals="8" methods="29" coveredmethods="27"/>
      <file name="DisplayInternationalizationAdministration.js" path="/Users/maxencezanardo/Projects/passbolt-styleguide/src/react-extension/components/Administration/DisplayInternationalizationAdministration/DisplayInternationalizationAdministration.js">
        <metrics statements="41" coveredstatements="39" conditionals="14" coveredconditionals="8" methods="18" coveredmethods="17"/>
        <line num="31" count="3" type="stmt"/>
        <line num="32" count="3" type="stmt"/>
        <line num="33" count="3" type="stmt"/>
        <line num="41" count="3" type="stmt"/>
        <line num="50" count="3" type="stmt"/>
        <line num="58" count="10" type="stmt"/>
        <line num="65" count="3" type="stmt"/>
        <line num="73" count="10" type="stmt"/>
        <line num="74" count="10" type="cond" truecount="4" falsecount="0"/>
        <line num="75" count="2" type="stmt"/>
        <line num="76" count="2" type="stmt"/>
        <line num="86" count="1" type="stmt"/>
        <line num="87" count="1" type="stmt"/>
        <line num="88" count="1" type="stmt"/>
        <line num="89" count="1" type="stmt"/>
        <line num="90" count="1" type="stmt"/>
        <line num="97" count="1" type="cond" truecount="1" falsecount="1"/>
        <line num="98" count="1" type="stmt"/>
        <line num="107" count="0" type="cond" truecount="0" falsecount="2"/>
        <line num="117" count="2" type="cond" truecount="1" falsecount="1"/>
        <line num="118" count="2" type="stmt"/>
        <line num="119" count="2" type="stmt"/>
        <line num="120" count="2" type="stmt"/>
        <line num="121" count="1" type="stmt"/>
        <line num="123" count="1" type="stmt"/>
        <line num="132" count="1" type="stmt"/>
        <line num="133" count="1" type="stmt"/>
        <line num="134" count="1" type="stmt"/>
        <line num="143" count="1" type="cond" truecount="1" falsecount="1"/>
        <line num="144" count="0" type="stmt"/>
        <line num="147" count="1" type="stmt"/>
        <line num="148" count="1" type="stmt"/>
        <line num="149" count="1" type="stmt"/>
        <line num="158" count="1" type="stmt"/>
        <line num="166" count="2" type="stmt"/>
        <line num="167" count="2" type="stmt"/>
        <line num="175" count="13" type="cond" truecount="1" falsecount="1"/>
        <line num="183" count="1" type="stmt"/>
        <line num="191" count="13" type="stmt"/>
        <line num="200" count="26" type="stmt"/>
        <line num="222" count="2" type="stmt"/>
      </file>
      <file name="DisplayInternationalizationAdministration.test.data.js" path="/Users/maxencezanardo/Projects/passbolt-styleguide/src/react-extension/components/Administration/DisplayInternationalizationAdministration/DisplayInternationalizationAdministration.test.data.js">
        <metrics statements="1" coveredstatements="1" conditionals="0" coveredconditionals="0" methods="1" coveredmethods="1"/>
        <line num="10" count="1" type="stmt"/>
      </file>
      <file name="DisplayInternationalizationAdministration.test.page.js" path="/Users/maxencezanardo/Projects/passbolt-styleguide/src/react-extension/components/Administration/DisplayInternationalizationAdministration/DisplayInternationalizationAdministration.test.page.js">
        <metrics statements="11" coveredstatements="10" conditionals="0" coveredconditionals="0" methods="10" coveredmethods="9"/>
        <line num="29" count="3" type="stmt"/>
        <line num="37" count="2" type="stmt"/>
        <line num="48" count="1" type="stmt"/>
        <line num="55" count="1" type="stmt"/>
        <line num="62" count="1" type="stmt"/>
        <line num="69" count="0" type="stmt"/>
        <line num="76" count="1" type="stmt"/>
        <line num="81" count="1" type="stmt"/>
        <line num="82" count="1" type="stmt"/>
        <line num="83" count="1" type="stmt"/>
        <line num="89" count="1" type="stmt"/>
      </file>
    </package>
    <package name="src.react-extension.components.Administration.DisplayLoadingDialog">
      <metrics statements="8" coveredstatements="7" conditionals="0" coveredconditionals="0" methods="5" coveredmethods="4"/>
      <file name="DisplayLoadingDialog.js" path="/Users/maxencezanardo/Projects/passbolt-styleguide/src/react-extension/components/Administration/DisplayLoadingDialog/DisplayLoadingDialog.js">
        <metrics statements="8" coveredstatements="7" conditionals="0" coveredconditionals="0" methods="5" coveredmethods="4"/>
        <line num="26" count="4" type="stmt"/>
        <line num="27" count="4" type="stmt"/>
        <line num="35" count="4" type="stmt"/>
        <line num="43" count="2" type="stmt"/>
        <line num="51" count="0" type="stmt"/>
        <line num="59" count="4" type="stmt"/>
        <line num="75" count="3" type="stmt"/>
        <line num="77" count="3" type="stmt"/>
      </file>
    </package>
    <package name="src.react-extension.components.Administration.DisplayMfaAdministration">
      <metrics statements="155" coveredstatements="134" conditionals="88" coveredconditionals="61" methods="56" coveredmethods="56"/>
      <file name="DisplayMfaAdministration.js" path="/Users/maxencezanardo/Projects/passbolt-styleguide/src/react-extension/components/Administration/DisplayMfaAdministration/DisplayMfaAdministration.js">
        <metrics statements="122" coveredstatements="101" conditionals="86" coveredconditionals="59" methods="27" coveredmethods="27"/>
        <line num="31" count="6" type="stmt"/>
        <line num="32" count="6" type="stmt"/>
        <line num="33" count="6" type="stmt"/>
        <line num="41" count="6" type="stmt"/>
        <line num="69" count="6" type="stmt"/>
        <line num="77" count="33" type="stmt"/>
        <line num="84" count="6" type="stmt"/>
        <line num="92" count="33" type="stmt"/>
        <line num="93" count="33" type="cond" truecount="4" falsecount="0"/>
        <line num="94" count="4" type="stmt"/>
        <line num="95" count="4" type="stmt"/>
        <line num="103" count="6" type="stmt"/>
        <line num="104" count="6" type="stmt"/>
        <line num="105" count="6" type="stmt"/>
        <line num="107" count="6" type="stmt"/>
        <line num="109" count="6" type="stmt"/>
        <line num="110" count="6" type="stmt"/>
        <line num="111" count="6" type="stmt"/>
        <line num="113" count="6" type="cond" truecount="1" falsecount="1"/>
        <line num="114" count="6" type="stmt"/>
        <line num="115" count="6" type="stmt"/>
        <line num="118" count="6" type="stmt"/>
        <line num="119" count="6" type="stmt"/>
        <line num="120" count="6" type="stmt"/>
        <line num="121" count="6" type="stmt"/>
        <line num="122" count="6" type="stmt"/>
        <line num="123" count="6" type="cond" truecount="1" falsecount="1"/>
        <line num="124" count="0" type="stmt"/>
        <line num="125" count="0" type="stmt"/>
        <line num="126" count="0" type="stmt"/>
        <line num="127" count="0" type="stmt"/>
        <line num="130" count="6" type="stmt"/>
        <line num="150" count="7" type="stmt"/>
        <line num="151" count="7" type="cond" truecount="2" falsecount="0"/>
        <line num="152" count="7" type="stmt"/>
        <line num="153" count="7" type="stmt"/>
        <line num="154" count="7" type="stmt"/>
        <line num="161" count="7" type="cond" truecount="1" falsecount="1"/>
        <line num="162" count="7" type="stmt"/>
        <line num="171" count="183" type="cond" truecount="2" falsecount="0"/>
        <line num="179" count="78" type="stmt"/>
        <line num="187" count="82" type="stmt"/>
        <line num="195" count="82" type="stmt"/>
        <line num="204" count="4" type="stmt"/>
        <line num="215" count="4" type="stmt"/>
        <line num="216" count="4" type="stmt"/>
        <line num="217" count="4" type="cond" truecount="2" falsecount="0"/>
        <line num="218" count="1" type="stmt"/>
        <line num="219" count="1" type="cond" truecount="1" falsecount="1"/>
        <line num="220" count="1" type="stmt"/>
        <line num="221" count="0" type="cond" truecount="0" falsecount="2"/>
        <line num="222" count="0" type="stmt"/>
        <line num="224" count="1" type="stmt"/>
        <line num="225" count="1" type="cond" truecount="1" falsecount="1"/>
        <line num="226" count="1" type="stmt"/>
        <line num="227" count="0" type="cond" truecount="0" falsecount="2"/>
        <line num="228" count="0" type="stmt"/>
        <line num="231" count="4" type="stmt"/>
        <line num="239" count="4" type="stmt"/>
        <line num="240" count="4" type="stmt"/>
        <line num="241" count="4" type="stmt"/>
        <line num="242" count="4" type="stmt"/>
        <line num="244" count="4" type="cond" truecount="2" falsecount="0"/>
        <line num="245" count="1" type="stmt"/>
        <line num="246" count="1" type="cond" truecount="1" falsecount="1"/>
        <line num="247" count="1" type="stmt"/>
        <line num="248" count="0" type="cond" truecount="0" falsecount="2"/>
        <line num="249" count="0" type="stmt"/>
        <line num="252" count="1" type="stmt"/>
        <line num="253" count="1" type="cond" truecount="1" falsecount="1"/>
        <line num="254" count="1" type="stmt"/>
        <line num="255" count="0" type="cond" truecount="0" falsecount="2"/>
        <line num="256" count="0" type="stmt"/>
        <line num="259" count="1" type="stmt"/>
        <line num="260" count="1" type="cond" truecount="1" falsecount="1"/>
        <line num="261" count="1" type="stmt"/>
        <line num="262" count="0" type="cond" truecount="0" falsecount="2"/>
        <line num="263" count="0" type="stmt"/>
        <line num="266" count="1" type="stmt"/>
        <line num="267" count="1" type="cond" truecount="1" falsecount="1"/>
        <line num="268" count="1" type="stmt"/>
        <line num="269" count="0" type="cond" truecount="0" falsecount="2"/>
        <line num="270" count="0" type="stmt"/>
        <line num="273" count="4" type="stmt"/>
        <line num="281" count="4" type="cond" truecount="2" falsecount="0"/>
        <line num="289" count="4" type="cond" truecount="2" falsecount="0"/>
        <line num="297" count="3" type="cond" truecount="4" falsecount="0"/>
        <line num="307" count="4" type="cond" truecount="1" falsecount="1"/>
        <line num="308" count="4" type="stmt"/>
        <line num="309" count="4" type="stmt"/>
        <line num="310" count="4" type="cond" truecount="2" falsecount="0"/>
        <line num="311" count="1" type="stmt"/>
        <line num="312" count="1" type="stmt"/>
        <line num="314" count="3" type="stmt"/>
        <line num="315" count="3" type="stmt"/>
        <line num="316" count="2" type="stmt"/>
        <line num="318" count="1" type="stmt"/>
        <line num="328" count="3" type="stmt"/>
        <line num="329" count="3" type="cond" truecount="1" falsecount="1"/>
        <line num="330" count="3" type="stmt"/>
        <line num="333" count="3" type="stmt"/>
        <line num="334" count="3" type="cond" truecount="1" falsecount="1"/>
        <line num="335" count="0" type="stmt"/>
        <line num="336" count="0" type="stmt"/>
        <line num="342" count="3" type="stmt"/>
        <line num="343" count="3" type="cond" truecount="1" falsecount="1"/>
        <line num="344" count="0" type="stmt"/>
        <line num="345" count="0" type="stmt"/>
        <line num="353" count="3" type="stmt"/>
        <line num="360" count="2" type="stmt"/>
        <line num="361" count="2" type="stmt"/>
        <line num="370" count="1" type="cond" truecount="1" falsecount="1"/>
        <line num="371" count="0" type="stmt"/>
        <line num="374" count="1" type="stmt"/>
        <line num="375" count="1" type="stmt"/>
        <line num="376" count="1" type="stmt"/>
        <line num="385" count="1" type="stmt"/>
        <line num="393" count="5" type="stmt"/>
        <line num="394" count="5" type="stmt"/>
        <line num="402" count="8" type="stmt"/>
        <line num="410" count="39" type="stmt"/>
        <line num="547" count="1" type="stmt"/>
      </file>
      <file name="DisplayMfaAdministration.test.data.js" path="/Users/maxencezanardo/Projects/passbolt-styleguide/src/react-extension/components/Administration/DisplayMfaAdministration/DisplayMfaAdministration.test.data.js">
        <metrics statements="5" coveredstatements="5" conditionals="2" coveredconditionals="2" methods="3" coveredmethods="3"/>
        <line num="8" count="1" type="stmt"/>
        <line num="10" count="1" type="cond" truecount="2" falsecount="0"/>
        <line num="18" count="1" type="stmt"/>
        <line num="28" count="6" type="stmt"/>
        <line num="34" count="1" type="stmt"/>
      </file>
      <file name="DisplayMfaAdministration.test.page.js" path="/Users/maxencezanardo/Projects/passbolt-styleguide/src/react-extension/components/Administration/DisplayMfaAdministration/DisplayMfaAdministration.test.page.js">
        <metrics statements="28" coveredstatements="28" conditionals="0" coveredconditionals="0" methods="26" coveredmethods="26"/>
        <line num="30" count="6" type="stmt"/>
        <line num="40" count="4" type="stmt"/>
        <line num="53" count="1" type="stmt"/>
        <line num="60" count="4" type="stmt"/>
        <line num="67" count="7" type="stmt"/>
        <line num="74" count="2" type="stmt"/>
        <line num="81" count="2" type="stmt"/>
        <line num="88" count="6" type="stmt"/>
        <line num="95" count="1" type="stmt"/>
        <line num="102" count="1" type="stmt"/>
        <line num="109" count="1" type="stmt"/>
        <line num="116" count="1" type="stmt"/>
        <line num="123" count="1" type="stmt"/>
        <line num="130" count="1" type="stmt"/>
        <line num="137" count="1" type="stmt"/>
        <line num="144" count="1" type="stmt"/>
        <line num="151" count="1" type="stmt"/>
        <line num="158" count="1" type="stmt"/>
        <line num="165" count="1" type="stmt"/>
        <line num="170" count="5" type="stmt"/>
        <line num="171" count="5" type="stmt"/>
        <line num="172" count="5" type="stmt"/>
        <line num="178" count="2" type="stmt"/>
        <line num="179" count="2" type="stmt"/>
        <line num="184" count="1" type="stmt"/>
        <line num="189" count="1" type="stmt"/>
        <line num="194" count="2" type="stmt"/>
        <line num="199" count="3" type="stmt"/>
      </file>
    </package>
    <package name="src.react-extension.components.Administration.DisplaySimulateSynchronizeUserDirectoryAdministration">
      <metrics statements="100" coveredstatements="93" conditionals="48" coveredconditionals="29" methods="54" coveredmethods="52"/>
      <file name="DisplaySimulateSynchronizeUserDirectoryAdministration.js" path="/Users/maxencezanardo/Projects/passbolt-styleguide/src/react-extension/components/Administration/DisplaySimulateSynchronizeUserDirectoryAdministration/DisplaySimulateSynchronizeUserDirectoryAdministration.js">
        <metrics statements="73" coveredstatements="67" conditionals="46" coveredconditionals="27" methods="32" coveredmethods="31"/>
        <line num="30" count="2" type="stmt"/>
        <line num="31" count="2" type="stmt"/>
        <line num="32" count="2" type="stmt"/>
        <line num="40" count="2" type="stmt"/>
        <line num="54" count="2" type="stmt"/>
        <line num="55" count="2" type="stmt"/>
        <line num="56" count="2" type="stmt"/>
        <line num="65" count="2" type="stmt"/>
        <line num="66" count="2" type="stmt"/>
        <line num="67" count="2" type="stmt"/>
        <line num="68" count="2" type="stmt"/>
        <line num="70" count="0" type="stmt"/>
        <line num="80" count="0" type="stmt"/>
        <line num="81" count="0" type="stmt"/>
        <line num="82" count="0" type="stmt"/>
        <line num="89" count="1" type="stmt"/>
        <line num="97" count="2" type="stmt"/>
        <line num="104" count="1" type="stmt"/>
        <line num="105" count="1" type="stmt"/>
        <line num="113" count="19" type="stmt"/>
        <line num="121" count="30" type="stmt"/>
        <line num="129" count="24" type="stmt"/>
        <line num="137" count="216" type="stmt"/>
        <line num="138" count="18" type="stmt"/>
        <line num="146" count="744" type="stmt"/>
        <line num="147" count="12" type="stmt"/>
        <line num="155" count="108" type="stmt"/>
        <line num="156" count="9" type="stmt"/>
        <line num="164" count="372" type="stmt"/>
        <line num="165" count="6" type="stmt"/>
        <line num="173" count="36" type="stmt"/>
        <line num="174" count="3" type="stmt"/>
        <line num="182" count="372" type="stmt"/>
        <line num="183" count="6" type="stmt"/>
        <line num="191" count="6" type="cond" truecount="1" falsecount="1"/>
        <line num="199" count="3" type="cond" truecount="1" falsecount="3"/>
        <line num="207" count="3" type="stmt"/>
        <line num="208" count="3" type="stmt"/>
        <line num="209" count="3" type="stmt"/>
        <line num="210" count="3" type="stmt"/>
        <line num="218" count="3" type="stmt"/>
        <line num="219" count="3" type="cond" truecount="2" falsecount="3"/>
        <line num="220" count="3" type="stmt"/>
        <line num="223" count="3" type="stmt"/>
        <line num="224" count="30" type="stmt"/>
        <line num="225" count="3" type="cond" truecount="1" falsecount="1"/>
        <line num="226" count="3" type="stmt"/>
        <line num="227" count="3" type="stmt"/>
        <line num="229" count="3" type="cond" truecount="1" falsecount="1"/>
        <line num="230" count="3" type="stmt"/>
        <line num="231" count="3" type="stmt"/>
        <line num="233" count="3" type="cond" truecount="1" falsecount="1"/>
        <line num="234" count="0" type="stmt"/>
        <line num="235" count="0" type="stmt"/>
        <line num="238" count="3" type="stmt"/>
        <line num="246" count="3" type="stmt"/>
        <line num="247" count="3" type="cond" truecount="2" falsecount="3"/>
        <line num="248" count="3" type="stmt"/>
        <line num="251" count="3" type="stmt"/>
        <line num="252" count="186" type="stmt"/>
        <line num="253" count="3" type="cond" truecount="1" falsecount="1"/>
        <line num="254" count="3" type="stmt"/>
        <line num="255" count="3" type="stmt"/>
        <line num="257" count="3" type="cond" truecount="1" falsecount="1"/>
        <line num="258" count="3" type="stmt"/>
        <line num="259" count="3" type="stmt"/>
        <line num="261" count="3" type="cond" truecount="1" falsecount="1"/>
        <line num="262" count="3" type="stmt"/>
        <line num="263" count="3" type="stmt"/>
        <line num="266" count="3" type="stmt"/>
        <line num="274" count="35" type="stmt"/>
        <line num="282" count="5" type="stmt"/>
        <line num="331" count="2" type="stmt"/>
      </file>
      <file name="DisplaySimulateSynchronizeUserDirectoryAdministration.test.data.js" path="/Users/maxencezanardo/Projects/passbolt-styleguide/src/react-extension/components/Administration/DisplaySimulateSynchronizeUserDirectoryAdministration/DisplaySimulateSynchronizeUserDirectoryAdministration.test.data.js">
        <metrics statements="5" coveredstatements="5" conditionals="2" coveredconditionals="2" methods="3" coveredmethods="3"/>
        <line num="8" count="1" type="stmt"/>
        <line num="10" count="1" type="cond" truecount="2" falsecount="0"/>
        <line num="18" count="1" type="stmt"/>
        <line num="20" count="2" type="stmt"/>
        <line num="27" count="1" type="stmt"/>
      </file>
      <file name="DisplaySimulateSynchronizeUserDirectoryAdministration.test.page.js" path="/Users/maxencezanardo/Projects/passbolt-styleguide/src/react-extension/components/Administration/DisplaySimulateSynchronizeUserDirectoryAdministration/DisplaySimulateSynchronizeUserDirectoryAdministration.test.page.js">
        <metrics statements="22" coveredstatements="21" conditionals="0" coveredconditionals="0" methods="19" coveredmethods="18"/>
        <line num="30" count="2" type="stmt"/>
        <line num="37" count="2" type="stmt"/>
        <line num="44" count="2" type="stmt"/>
        <line num="45" count="2" type="stmt"/>
        <line num="52" count="2" type="stmt"/>
        <line num="59" count="11" type="stmt"/>
        <line num="72" count="2" type="stmt"/>
        <line num="79" count="2" type="stmt"/>
        <line num="89" count="2" type="stmt"/>
        <line num="96" count="1" type="stmt"/>
        <line num="103" count="1" type="stmt"/>
        <line num="110" count="1" type="stmt"/>
        <line num="117" count="1" type="stmt"/>
        <line num="124" count="1" type="stmt"/>
        <line num="131" count="1" type="stmt"/>
        <line num="138" count="1" type="stmt"/>
        <line num="145" count="1" type="stmt"/>
        <line num="152" count="0" type="stmt"/>
        <line num="159" count="1" type="stmt"/>
        <line num="164" count="3" type="stmt"/>
        <line num="165" count="3" type="stmt"/>
        <line num="166" count="3" type="stmt"/>
      </file>
    </package>
    <package name="src.react-extension.components.Administration.DisplaySubscriptionKey">
      <metrics statements="103" coveredstatements="101" conditionals="79" coveredconditionals="70" methods="50" coveredmethods="50"/>
      <file name="DisplaySubscriptionKey.js" path="/Users/maxencezanardo/Projects/passbolt-styleguide/src/react-extension/components/Administration/DisplaySubscriptionKey/DisplaySubscriptionKey.js">
        <metrics statements="71" coveredstatements="70" conditionals="79" coveredconditionals="70" methods="27" coveredmethods="27"/>
        <line num="34" count="7" type="stmt"/>
        <line num="35" count="7" type="stmt"/>
        <line num="36" count="7" type="stmt"/>
        <line num="44" count="7" type="stmt"/>
        <line num="62" count="7" type="stmt"/>
        <line num="63" count="7" type="stmt"/>
        <line num="71" count="18" type="stmt"/>
        <line num="72" count="18" type="stmt"/>
        <line num="79" count="7" type="stmt"/>
        <line num="80" count="7" type="stmt"/>
        <line num="88" count="18" type="stmt"/>
        <line num="89" count="18" type="cond" truecount="4" falsecount="0"/>
        <line num="90" count="1" type="stmt"/>
        <line num="91" count="1" type="stmt"/>
        <line num="92" count="1" type="stmt"/>
        <line num="101" count="18" type="stmt"/>
        <line num="102" count="18" type="cond" truecount="4" falsecount="0"/>
        <line num="103" count="1" type="stmt"/>
        <line num="104" count="1" type="stmt"/>
        <line num="109" count="3" type="stmt"/>
        <line num="112" count="3" type="stmt"/>
        <line num="113" count="3" type="stmt"/>
        <line num="120" count="8" type="stmt"/>
        <line num="121" count="8" type="stmt"/>
        <line num="128" count="8" type="stmt"/>
        <line num="129" count="8" type="stmt"/>
        <line num="130" count="4" type="stmt"/>
        <line num="131" count="4" type="stmt"/>
        <line num="132" count="4" type="stmt"/>
        <line num="133" count="4" type="stmt"/>
        <line num="134" count="4" type="stmt"/>
        <line num="135" count="4" type="stmt"/>
        <line num="136" count="4" type="stmt"/>
        <line num="138" count="4" type="stmt"/>
        <line num="149" count="4" type="stmt"/>
        <line num="158" count="4" type="cond" truecount="2" falsecount="0"/>
        <line num="159" count="2" type="stmt"/>
        <line num="160" count="2" type="cond" truecount="1" falsecount="1"/>
        <line num="161" count="2" type="stmt"/>
        <line num="162" count="2" type="stmt"/>
        <line num="163" count="2" type="cond" truecount="1" falsecount="1"/>
        <line num="164" count="2" type="stmt"/>
        <line num="165" count="2" type="stmt"/>
        <line num="166" count="2" type="stmt"/>
        <line num="168" count="2" type="stmt"/>
        <line num="179" count="2" type="stmt"/>
        <line num="187" count="2" type="cond" truecount="2" falsecount="0"/>
        <line num="188" count="1" type="stmt"/>
        <line num="189" count="1" type="cond" truecount="2" falsecount="2"/>
        <line num="190" count="1" type="stmt"/>
        <line num="198" count="2" type="stmt"/>
        <line num="206" count="50" type="stmt"/>
        <line num="214" count="138" type="stmt"/>
        <line num="222" count="83" type="cond" truecount="2" falsecount="0"/>
        <line num="230" count="190" type="stmt"/>
        <line num="238" count="128" type="stmt"/>
        <line num="246" count="18" type="cond" truecount="2" falsecount="0"/>
        <line num="254" count="72" type="cond" truecount="3" falsecount="0"/>
        <line num="263" count="50" type="cond" truecount="3" falsecount="0"/>
        <line num="272" count="28" type="stmt"/>
        <line num="273" count="28" type="stmt"/>
        <line num="275" count="0" type="stmt"/>
        <line num="285" count="14" type="stmt"/>
        <line num="286" count="14" type="stmt"/>
        <line num="287" count="14" type="cond" truecount="3" falsecount="1"/>
        <line num="296" count="8" type="stmt"/>
        <line num="297" count="40" type="stmt"/>
        <line num="298" count="8" type="stmt"/>
        <line num="306" count="2" type="stmt"/>
        <line num="314" count="25" type="stmt"/>
        <line num="434" count="2" type="stmt"/>
      </file>
      <file name="DisplaySubscriptionKey.test.data.js" path="/Users/maxencezanardo/Projects/passbolt-styleguide/src/react-extension/components/Administration/DisplaySubscriptionKey/DisplaySubscriptionKey.test.data.js">
        <metrics statements="10" coveredstatements="9" conditionals="0" coveredconditionals="0" methods="3" coveredmethods="3"/>
        <line num="9" count="1" type="stmt"/>
        <line num="12" count="3" type="stmt"/>
        <line num="36" count="8" type="stmt"/>
        <line num="37" count="8" type="stmt"/>
        <line num="39" count="0" type="stmt"/>
        <line num="43" count="1" type="stmt"/>
        <line num="53" count="1" type="stmt"/>
        <line num="63" count="1" type="stmt"/>
        <line num="73" count="1" type="stmt"/>
        <line num="83" count="1" type="stmt"/>
      </file>
      <file name="DisplaySubscriptionKey.test.page.js" path="/Users/maxencezanardo/Projects/passbolt-styleguide/src/react-extension/components/Administration/DisplaySubscriptionKey/DisplaySubscriptionKey.test.page.js">
        <metrics statements="22" coveredstatements="22" conditionals="0" coveredconditionals="0" methods="20" coveredmethods="20"/>
        <line num="29" count="7" type="stmt"/>
        <line num="37" count="2" type="stmt"/>
        <line num="48" count="1" type="stmt"/>
        <line num="55" count="1" type="stmt"/>
        <line num="62" count="5" type="stmt"/>
        <line num="69" count="4" type="stmt"/>
        <line num="76" count="4" type="stmt"/>
        <line num="83" count="4" type="stmt"/>
        <line num="90" count="4" type="stmt"/>
        <line num="97" count="4" type="stmt"/>
        <line num="104" count="4" type="stmt"/>
        <line num="111" count="4" type="stmt"/>
        <line num="118" count="4" type="stmt"/>
        <line num="125" count="1" type="stmt"/>
        <line num="132" count="1" type="stmt"/>
        <line num="139" count="1" type="stmt"/>
        <line num="146" count="3" type="stmt"/>
        <line num="147" count="3" type="stmt"/>
        <line num="148" count="3" type="stmt"/>
        <line num="155" count="1" type="stmt"/>
        <line num="156" count="1" type="stmt"/>
        <line num="157" count="1" type="stmt"/>
      </file>
    </package>
    <package name="src.react-extension.components.Administration.DisplaySynchronizeUserDirectoryAdministration">
      <metrics statements="99" coveredstatements="91" conditionals="48" coveredconditionals="29" methods="54" coveredmethods="51"/>
      <file name="DisplaySynchronizeUserDirectoryAdministration.js" path="/Users/maxencezanardo/Projects/passbolt-styleguide/src/react-extension/components/Administration/DisplaySynchronizeUserDirectoryAdministration/DisplaySynchronizeUserDirectoryAdministration.js">
        <metrics statements="72" coveredstatements="65" conditionals="46" coveredconditionals="27" methods="32" coveredmethods="30"/>
        <line num="29" count="2" type="stmt"/>
        <line num="30" count="2" type="stmt"/>
        <line num="31" count="2" type="stmt"/>
        <line num="39" count="2" type="stmt"/>
        <line num="53" count="2" type="stmt"/>
        <line num="54" count="2" type="stmt"/>
        <line num="55" count="2" type="stmt"/>
        <line num="64" count="2" type="stmt"/>
        <line num="65" count="2" type="stmt"/>
        <line num="66" count="2" type="stmt"/>
        <line num="67" count="2" type="stmt"/>
        <line num="69" count="0" type="stmt"/>
        <line num="79" count="0" type="stmt"/>
        <line num="80" count="0" type="stmt"/>
        <line num="81" count="0" type="stmt"/>
        <line num="88" count="1" type="stmt"/>
        <line num="96" count="2" type="stmt"/>
        <line num="103" count="0" type="stmt"/>
        <line num="111" count="16" type="stmt"/>
        <line num="119" count="30" type="stmt"/>
        <line num="127" count="24" type="stmt"/>
        <line num="135" count="216" type="stmt"/>
        <line num="136" count="18" type="stmt"/>
        <line num="144" count="744" type="stmt"/>
        <line num="145" count="12" type="stmt"/>
        <line num="153" count="108" type="stmt"/>
        <line num="154" count="9" type="stmt"/>
        <line num="162" count="372" type="stmt"/>
        <line num="163" count="6" type="stmt"/>
        <line num="171" count="36" type="stmt"/>
        <line num="172" count="3" type="stmt"/>
        <line num="180" count="372" type="stmt"/>
        <line num="181" count="6" type="stmt"/>
        <line num="189" count="6" type="cond" truecount="1" falsecount="1"/>
        <line num="197" count="3" type="cond" truecount="1" falsecount="3"/>
        <line num="205" count="3" type="stmt"/>
        <line num="206" count="3" type="stmt"/>
        <line num="207" count="3" type="stmt"/>
        <line num="208" count="3" type="stmt"/>
        <line num="216" count="3" type="stmt"/>
        <line num="217" count="3" type="cond" truecount="2" falsecount="3"/>
        <line num="218" count="3" type="stmt"/>
        <line num="221" count="3" type="stmt"/>
        <line num="222" count="30" type="stmt"/>
        <line num="223" count="3" type="cond" truecount="1" falsecount="1"/>
        <line num="224" count="3" type="stmt"/>
        <line num="225" count="3" type="stmt"/>
        <line num="227" count="3" type="cond" truecount="1" falsecount="1"/>
        <line num="228" count="3" type="stmt"/>
        <line num="229" count="3" type="stmt"/>
        <line num="231" count="3" type="cond" truecount="1" falsecount="1"/>
        <line num="232" count="0" type="stmt"/>
        <line num="233" count="0" type="stmt"/>
        <line num="236" count="3" type="stmt"/>
        <line num="244" count="3" type="stmt"/>
        <line num="245" count="3" type="cond" truecount="2" falsecount="3"/>
        <line num="246" count="3" type="stmt"/>
        <line num="249" count="3" type="stmt"/>
        <line num="250" count="186" type="stmt"/>
        <line num="251" count="3" type="cond" truecount="1" falsecount="1"/>
        <line num="252" count="3" type="stmt"/>
        <line num="253" count="3" type="stmt"/>
        <line num="255" count="3" type="cond" truecount="1" falsecount="1"/>
        <line num="256" count="3" type="stmt"/>
        <line num="257" count="3" type="stmt"/>
        <line num="259" count="3" type="cond" truecount="1" falsecount="1"/>
        <line num="260" count="3" type="stmt"/>
        <line num="261" count="3" type="stmt"/>
        <line num="264" count="3" type="stmt"/>
        <line num="272" count="35" type="stmt"/>
        <line num="280" count="5" type="stmt"/>
        <line num="328" count="2" type="stmt"/>
      </file>
[...]
        <line num="54" count="0" type="stmt"/>
        <line num="57" count="1" type="stmt"/>
        <line num="60" count="4" type="stmt"/>
      </file>
    </package>
    <package name="src.shared.lib.Error">
      <metrics statements="8" coveredstatements="6" conditionals="4" coveredconditionals="3" methods="3" coveredmethods="2"/>
      <file name="PassboltApiFetchError.js" path="/Users/maxencezanardo/Projects/passbolt-styleguide/src/shared/lib/Error/PassboltApiFetchError.js">
        <metrics statements="3" coveredstatements="3" conditionals="2" coveredconditionals="2" methods="1" coveredmethods="1"/>
        <line num="10" count="28" type="stmt"/>
        <line num="11" count="28" type="stmt"/>
        <line num="12" count="28" type="cond" truecount="2" falsecount="0"/>
      </file>
      <file name="PassboltBadResponseError.js" path="/Users/maxencezanardo/Projects/passbolt-styleguide/src/shared/lib/Error/PassboltBadResponseError.js">
        <metrics statements="2" coveredstatements="0" conditionals="0" coveredconditionals="0" methods="1" coveredmethods="0"/>
        <line num="9" count="0" type="stmt"/>
        <line num="10" count="0" type="stmt"/>
      </file>
      <file name="PassboltServiceUnavailableError.js" path="/Users/maxencezanardo/Projects/passbolt-styleguide/src/shared/lib/Error/PassboltServiceUnavailableError.js">
        <metrics statements="3" coveredstatements="3" conditionals="2" coveredconditionals="1" methods="1" coveredmethods="1"/>
        <line num="10" count="1" type="cond" truecount="1" falsecount="1"/>
        <line num="11" count="1" type="stmt"/>
        <line num="12" count="1" type="stmt"/>
      </file>
    </package>
    <package name="src.shared.lib.Secret">
      <metrics statements="59" coveredstatements="40" conditionals="24" coveredconditionals="17" methods="12" coveredmethods="7"/>
      <file name="PwnedPasswords.js" path="/Users/maxencezanardo/Projects/passbolt-styleguide/src/shared/lib/Secret/PwnedPasswords.js">
        <metrics statements="19" coveredstatements="2" conditionals="6" coveredconditionals="0" methods="4" coveredmethods="0"/>
        <line num="8" count="11" type="stmt"/>
        <line num="9" count="11" type="stmt"/>
        <line num="13" count="0" type="cond" truecount="0" falsecount="2"/>
        <line num="14" count="0" type="stmt"/>
        <line num="15" count="0" type="stmt"/>
        <line num="18" count="0" type="stmt"/>
        <line num="19" count="0" type="stmt"/>
        <line num="20" count="0" type="stmt"/>
        <line num="21" count="0" type="stmt"/>
        <line num="22" count="0" type="stmt"/>
        <line num="23" count="0" type="stmt"/>
        <line num="25" count="0" type="stmt"/>
        <line num="26" count="0" type="cond" truecount="0" falsecount="2"/>
        <line num="27" count="0" type="stmt"/>
        <line num="29" count="0" type="stmt"/>
        <line num="30" count="0" type="cond" truecount="0" falsecount="2"/>
        <line num="32" count="0" type="stmt"/>
        <line num="33" count="0" type="stmt"/>
        <line num="34" count="0" type="stmt"/>
      </file>
      <file name="SecretComplexity.js" path="/Users/maxencezanardo/Projects/passbolt-styleguide/src/shared/lib/Secret/SecretComplexity.js">
        <metrics statements="40" coveredstatements="38" conditionals="18" coveredconditionals="17" methods="8" coveredmethods="7"/>
        <line num="16" count="11" type="stmt"/>
        <line num="49" count="11" type="stmt"/>
        <line num="81" count="456" type="stmt"/>
        <line num="82" count="456" type="stmt"/>
        <line num="83" count="456" type="stmt"/>
        <line num="85" count="456" type="stmt"/>
        <line num="95" count="209" type="stmt"/>
        <line num="104" count="187" type="stmt"/>
        <line num="106" count="187" type="stmt"/>
        <line num="107" count="748" type="cond" truecount="2" falsecount="0"/>
        <line num="108" count="202" type="stmt"/>
        <line num="112" count="187" type="stmt"/>
        <line num="121" count="145" type="cond" truecount="2" falsecount="0"/>
        <line num="122" count="145" type="stmt"/>
        <line num="124" count="145" type="stmt"/>
        <line num="125" count="725" type="cond" truecount="1" falsecount="1"/>
        <line num="126" count="725" type="cond" truecount="4" falsecount="0"/>
        <line num="127" count="516" type="stmt"/>
        <line num="130" count="145" type="stmt"/>
        <line num="144" count="25" type="stmt"/>
        <line num="145" count="25" type="stmt"/>
        <line num="146" count="100" type="stmt"/>
        <line num="147" count="100" type="cond" truecount="2" falsecount="0"/>
        <line num="148" count="65" type="stmt"/>
        <line num="152" count="25" type="stmt"/>
        <line num="162" count="22" type="stmt"/>
        <line num="163" count="22" type="stmt"/>
        <line num="164" count="22" type="cond" truecount="2" falsecount="0"/>
        <line num="165" count="22" type="cond" truecount="2" falsecount="0"/>
        <line num="168" count="22" type="stmt"/>
        <line num="169" count="28" type="stmt"/>
        <line num="176" count="22" type="stmt"/>
        <line num="177" count="22" type="stmt"/>
        <line num="179" count="22" type="stmt"/>
        <line num="180" count="42" type="stmt"/>
        <line num="181" count="42" type="stmt"/>
        <line num="182" count="456" type="stmt"/>
        <line num="186" count="22" type="stmt"/>
        <line num="193" count="0" type="stmt"/>
        <line num="194" count="0" type="stmt"/>
      </file>
    </package>
    <package name="src.shared.lib.Settings">
      <metrics statements="89" coveredstatements="67" conditionals="68" coveredconditionals="53" methods="42" coveredmethods="28"/>
      <file name="ResourceTypesSettings.js" path="/Users/maxencezanardo/Projects/passbolt-styleguide/src/shared/lib/Settings/ResourceTypesSettings.js">
        <metrics statements="42" coveredstatements="37" conditionals="42" coveredconditionals="37" methods="15" coveredmethods="15"/>
        <line num="14" count="5" type="stmt"/>
        <line num="26" count="7" type="cond" truecount="2" falsecount="0"/>
        <line num="27" count="1" type="stmt"/>
        <line num="29" count="6" type="stmt"/>
        <line num="32" count="7" type="cond" truecount="1" falsecount="1"/>
        <line num="33" count="0" type="stmt"/>
        <line num="35" count="7" type="stmt"/>
        <line num="46" count="244" type="stmt"/>
        <line num="54" count="111" type="stmt"/>
        <line num="62" count="69" type="stmt"/>
        <line num="71" count="189" type="cond" truecount="2" falsecount="0"/>
        <line num="72" count="5" type="stmt"/>
        <line num="74" count="252" type="stmt"/>
        <line num="82" count="707" type="cond" truecount="4" falsecount="0"/>
        <line num="83" count="8" type="stmt"/>
        <line num="85" count="699" type="cond" truecount="3" falsecount="1"/>
        <line num="86" count="0" type="stmt"/>
        <line num="88" count="699" type="stmt"/>
        <line num="99" count="65" type="cond" truecount="4" falsecount="0"/>
        <line num="100" count="11" type="stmt"/>
        <line num="103" count="54" type="cond" truecount="4" falsecount="0"/>
        <line num="104" count="1" type="stmt"/>
        <line num="107" count="53" type="cond" truecount="3" falsecount="1"/>
        <line num="108" count="0" type="stmt"/>
        <line num="112" count="53" type="stmt"/>
        <line num="126" count="9" type="cond" truecount="1" falsecount="1"/>
        <line num="127" count="0" type="stmt"/>
        <line num="129" count="13" type="stmt"/>
        <line num="130" count="9" type="cond" truecount="4" falsecount="0"/>
        <line num="131" count="7" type="stmt"/>
        <line num="133" count="2" type="stmt"/>
        <line num="142" count="10" type="cond" truecount="1" falsecount="1"/>
        <line num="143" count="0" type="stmt"/>
        <line num="145" count="12" type="stmt"/>
        <line num="146" count="10" type="cond" truecount="4" falsecount="0"/>
        <line num="147" count="7" type="stmt"/>
        <line num="149" count="3" type="stmt"/>
        <line num="165" count="59" type="cond" truecount="4" falsecount="0"/>
        <line num="166" count="53" type="stmt"/>
        <line num="168" count="6" type="stmt"/>
        <line num="180" count="56" type="stmt"/>
        <line num="191" count="3" type="stmt"/>
      </file>
      <file name="SiteSettings.js" path="/Users/maxencezanardo/Projects/passbolt-styleguide/src/shared/lib/Settings/SiteSettings.js">
        <metrics statements="37" coveredstatements="25" conditionals="26" coveredconditionals="16" methods="17" coveredmethods="8"/>
        <line num="19" count="55" type="stmt"/>
        <line num="28" count="842" type="stmt"/>
        <line num="29" count="842" type="stmt"/>
        <line num="30" count="842" type="cond" truecount="2" falsecount="0"/>
        <line num="39" count="842" type="cond" truecount="4" falsecount="0"/>
        <line num="40" count="839" type="stmt"/>
        <line num="41" count="839" type="cond" truecount="2" falsecount="2"/>
        <line num="42" count="839" type="stmt"/>
        <line num="46" count="842" type="stmt"/>
        <line num="55" count="98" type="stmt"/>
        <line num="56" count="98" type="stmt"/>
        <line num="64" count="98" type="cond" truecount="1" falsecount="1"/>
        <line num="65" count="98" type="cond" truecount="1" falsecount="1"/>
        <line num="74" count="0" type="cond" truecount="0" falsecount="2"/>
        <line num="75" count="0" type="stmt"/>
        <line num="83" count="0" type="stmt"/>
        <line num="91" count="135" type="stmt"/>
        <line num="92" count="135" type="cond" truecount="2" falsecount="0"/>
        <line num="93" count="124" type="stmt"/>
        <line num="95" count="11" type="stmt"/>
        <line num="103" count="171" type="stmt"/>
        <line num="104" count="171" type="cond" truecount="2" falsecount="0"/>
        <line num="105" count="160" type="stmt"/>
        <line num="107" count="11" type="stmt"/>
        <line num="115" count="0" type="stmt"/>
        <line num="116" count="0" type="stmt"/>
        <line num="124" count="0" type="stmt"/>
        <line num="125" count="0" type="stmt"/>
        <line num="133" count="0" type="cond" truecount="0" falsecount="2"/>
        <line num="141" count="0" type="stmt"/>
        <line num="149" count="3" type="stmt"/>
        <line num="150" count="3" type="cond" truecount="1" falsecount="1"/>
        <line num="158" count="0" type="stmt"/>
        <line num="166" count="17" type="stmt"/>
        <line num="167" count="17" type="cond" truecount="1" falsecount="1"/>
        <line num="175" count="0" type="stmt"/>
        <line num="183" count="0" type="stmt"/>
      </file>
      <file name="UserSettings.js" path="/Users/maxencezanardo/Projects/passbolt-styleguide/src/shared/lib/Settings/UserSettings.js">
        <metrics statements="10" coveredstatements="5" conditionals="0" coveredconditionals="0" methods="10" coveredmethods="5"/>
        <line num="16" count="43" type="stmt"/>
        <line num="23" count="0" type="stmt"/>
        <line num="30" count="0" type="stmt"/>
        <line num="37" count="0" type="stmt"/>
        <line num="45" count="0" type="stmt"/>
        <line num="49" count="858" type="stmt"/>
        <line num="53" count="222" type="stmt"/>
        <line num="57" count="214" type="stmt"/>
        <line num="61" count="171" type="stmt"/>
        <line num="69" count="0" type="stmt"/>
      </file>
    </package>
    <package name="src.shared.lib.apiClient">
      <metrics statements="127" coveredstatements="58" conditionals="84" coveredconditionals="26" methods="26" coveredmethods="13"/>
      <file name="apiClient.js" path="/Users/maxencezanardo/Projects/passbolt-styleguide/src/shared/lib/apiClient/apiClient.js">
        <metrics statements="91" coveredstatements="40" conditionals="62" coveredconditionals="16" methods="16" coveredmethods="8"/>
        <line num="27" count="6" type="stmt"/>
        <line num="28" count="6" type="cond" truecount="1" falsecount="1"/>
        <line num="29" count="0" type="stmt"/>
        <line num="31" count="5" type="cond" truecount="2" falsecount="0"/>
        <line num="32" count="1" type="stmt"/>
        <line num="34" count="4" type="stmt"/>
        <line num="35" count="4" type="stmt"/>
        <line num="36" count="4" type="cond" truecount="1" falsecount="1"/>
        <line num="37" count="4" type="stmt"/>
        <line num="39" count="4" type="stmt"/>
        <line num="40" count="4" type="stmt"/>
        <line num="42" count="0" type="stmt"/>
        <line num="45" count="4" type="stmt"/>
        <line num="53" count="4" type="stmt"/>
        <line num="64" count="4" type="stmt"/>
        <line num="84" count="0" type="stmt"/>
        <line num="85" count="0" type="cond" truecount="0" falsecount="2"/>
        <line num="86" count="0" type="stmt"/>
        <line num="105" count="0" type="stmt"/>
        <line num="107" count="0" type="cond" truecount="0" falsecount="2"/>
        <line num="108" count="0" type="stmt"/>
        <line num="110" count="0" type="cond" truecount="0" falsecount="2"/>
        <line num="111" count="0" type="cond" truecount="0" falsecount="2"/>
        <line num="113" count="0" type="cond" truecount="0" falsecount="2"/>
        <line num="115" count="0" type="stmt"/>
        <line num="116" count="0" type="cond" truecount="0" falsecount="2"/>
        <line num="117" count="0" type="stmt"/>
        <line num="119" count="0" type="stmt"/>
        <line num="134" count="4" type="cond" truecount="2" falsecount="0"/>
        <line num="135" count="4" type="stmt"/>
        <line num="151" count="0" type="cond" truecount="0" falsecount="2"/>
        <line num="152" count="0" type="stmt"/>
        <line num="153" count="0" type="stmt"/>
        <line num="172" count="0" type="stmt"/>
        <line num="174" count="0" type="cond" truecount="0" falsecount="2"/>
        <line num="175" count="0" type="stmt"/>
        <line num="177" count="0" type="cond" truecount="0" falsecount="2"/>
        <line num="178" count="0" type="cond" truecount="0" falsecount="2"/>
        <line num="180" count="0" type="cond" truecount="0" falsecount="2"/>
        <line num="182" count="0" type="stmt"/>
        <line num="183" count="0" type="cond" truecount="0" falsecount="2"/>
        <line num="184" count="0" type="stmt"/>
        <line num="186" count="0" type="stmt"/>
        <line num="198" count="0" type="cond" truecount="0" falsecount="2"/>
        <line num="199" count="0" type="stmt"/>
        <line num="201" count="0" type="cond" truecount="0" falsecount="2"/>
        <line num="202" count="0" type="stmt"/>
        <line num="212" count="4" type="cond" truecount="1" falsecount="1"/>
        <line num="213" count="0" type="stmt"/>
        <line num="215" count="4" type="stmt"/>
        <line num="216" count="4" type="cond" truecount="1" falsecount="1"/>
        <line num="217" count="0" type="stmt"/>
        <line num="228" count="4" type="cond" truecount="1" falsecount="1"/>
        <line num="229" count="0" type="stmt"/>
        <line num="231" count="4" type="cond" truecount="1" falsecount="1"/>
        <line num="232" count="0" type="stmt"/>
        <line num="243" count="0" type="cond" truecount="0" falsecount="2"/>
        <line num="244" count="0" type="stmt"/>
        <line num="257" count="0" type="stmt"/>
        <line num="271" count="4" type="cond" truecount="1" falsecount="1"/>
        <line num="272" count="0" type="stmt"/>
        <line num="274" count="4" type="stmt"/>
        <line num="276" count="4" type="cond" truecount="1" falsecount="1"/>
        <line num="277" count="4" type="stmt"/>
        <line num="278" count="0" type="cond" truecount="0" falsecount="2"/>
        <line num="279" count="0" type="stmt"/>
        <line num="281" count="0" type="cond" truecount="0" falsecount="2"/>
        <line num="283" count="0" type="stmt"/>
        <line num="286" count="0" type="cond" truecount="0" falsecount="2"/>
        <line num="287" count="0" type="stmt"/>
        <line num="288" count="0" type="stmt"/>
        <line num="291" count="0" type="stmt"/>
        <line num="295" count="4" type="stmt"/>
        <line num="313" count="4" type="stmt"/>
        <line num="314" count="4" type="stmt"/>
        <line num="315" count="4" type="cond" truecount="1" falsecount="1"/>
        <line num="316" count="0" type="stmt"/>
        <line num="320" count="4" type="stmt"/>
        <line num="321" count="4" type="stmt"/>
        <line num="322" count="4" type="cond" truecount="1" falsecount="1"/>
        <line num="323" count="0" type="stmt"/>
        <line num="325" count="4" type="stmt"/>
        <line num="326" count="4" type="stmt"/>
        <line num="329" count="1" type="stmt"/>
        <line num="332" count="3" type="stmt"/>
        <line num="333" count="3" type="stmt"/>
        <line num="339" count="0" type="stmt"/>
        <line num="342" count="3" type="cond" truecount="2" falsecount="0"/>
        <line num="343" count="2" type="stmt"/>
        <line num="344" count="2" type="stmt"/>
        <line num="350" count="1" type="stmt"/>
      </file>
      <file name="apiClientOptions.js" path="/Users/maxencezanardo/Projects/passbolt-styleguide/src/shared/lib/apiClient/apiClientOptions.js">
        <metrics statements="28" coveredstatements="18" conditionals="18" coveredconditionals="10" methods="6" coveredmethods="5"/>
        <line num="25" count="8" type="cond" truecount="2" falsecount="0"/>
        <line num="26" count="1" type="stmt"/>
        <line num="28" count="7" type="cond" truecount="2" falsecount="0"/>
        <line num="29" count="6" type="stmt"/>
        <line num="30" count="6" type="stmt"/>
        <line num="32" count="1" type="stmt"/>
        <line num="35" count="1" type="cond" truecount="1" falsecount="1"/>
        <line num="36" count="0" type="stmt"/>
        <line num="38" count="1" type="stmt"/>
        <line num="41" count="5" type="stmt"/>
        <line num="52" count="0" type="cond" truecount="0" falsecount="2"/>
        <line num="53" count="0" type="stmt"/>
        <line num="55" count="0" type="cond" truecount="0" falsecount="2"/>
        <line num="56" count="0" type="stmt"/>
        <line num="58" count="0" type="cond" truecount="0" falsecount="2"/>
        <line num="59" count="0" type="stmt"/>
        <line num="61" count="0" type="stmt"/>
        <line num="64" count="0" type="stmt"/>
        <line num="76" count="6" type="cond" truecount="2" falsecount="0"/>
        <line num="77" count="1" type="stmt"/>
        <line num="79" count="5" type="cond" truecount="2" falsecount="0"/>
        <line num="80" count="1" type="stmt"/>
        <line num="82" count="4" type="stmt"/>
        <line num="83" count="4" type="stmt"/>
        <line num="91" count="9" type="stmt"/>
        <line num="99" count="9" type="stmt"/>
        <line num="108" count="4" type="cond" truecount="1" falsecount="1"/>
        <line num="109" count="0" type="stmt"/>
      </file>
      <file name="csrfToken.js" path="/Users/maxencezanardo/Projects/passbolt-styleguide/src/shared/lib/apiClient/csrfToken.js">
        <metrics statements="8" coveredstatements="0" conditionals="4" coveredconditionals="0" methods="4" coveredmethods="0"/>
        <line num="19" count="0" type="stmt"/>
        <line num="30" count="0" type="stmt"/>
        <line num="31" count="0" type="stmt"/>
        <line num="42" count="0" type="cond" truecount="0" falsecount="2"/>
        <line num="43" count="0" type="stmt"/>
        <line num="45" count="0" type="cond" truecount="0" falsecount="2"/>
        <line num="46" count="0" type="stmt"/>
        <line num="56" count="0" type="stmt"/>
      </file>
    </package>
  </project>
</coverage>
