TN:
SF:demo/ext-app/fixture/folders.js
FN:3,(anonymous_0)
FN:26,(anonymous_1)
FNF:2
FNH:1
FNDA:0,(anonymous_0)
FNDA:2,(anonymous_1)
DA:3,2
DA:4,0
DA:27,2
DA:28,2
DA:29,0
DA:31,2
DA:36,2
LF:7
LH:5
BRF:0
BRH:0
end_of_record
TN:
SF:demo/ext-app/fixture/groups.js
FNF:0
FNH:0
LF:0
LH:0
BRF:0
BRH:0
end_of_record
TN:
SF:demo/ext-app/fixture/resources.js
FN:3,(anonymous_0)
FN:51,(anonymous_1)
FNF:2
FNH:2
FNDA:200,(anonymous_0)
FNDA:2,(anonymous_1)
DA:3,2
DA:4,200
DA:52,2
DA:53,2
DA:54,200
DA:56,2
DA:61,2
LF:7
LH:7
BRF:0
BRH:0
end_of_record
TN:
SF:demo/ext-app/fixture/users.js
FNF:0
FNH:0
LF:0
LH:0
BRF:0
BRH:0
end_of_record
TN:
SF:demo/ext-app/mock/mockPort.js
FN:59,(anonymous_0)
FNF:1
FNH:1
FNDA:2,(anonymous_0)
DA:60,2
DA:61,2
DA:62,2
DA:63,2
DA:64,2
DA:65,2
DA:66,2
DA:67,2
DA:68,2
DA:69,2
DA:70,2
DA:71,2
DA:72,2
DA:73,2
DA:74,2
DA:75,2
DA:76,2
DA:77,2
DA:78,2
DA:79,2
DA:80,2
DA:81,2
DA:82,2
DA:83,2
DA:84,2
DA:85,2
DA:86,2
DA:87,2
DA:88,2
DA:89,2
DA:90,2
DA:91,2
DA:92,2
DA:93,2
DA:94,2
DA:95,2
DA:96,2
DA:97,2
DA:98,2
DA:99,2
DA:100,2
DA:101,2
DA:102,2
DA:103,2
DA:104,2
DA:106,2
LF:46
LH:46
BRF:0
BRH:0
end_of_record
TN:
SF:demo/ext-app/mock/request/mockRequestAuthIsAuthenticated.js
FN:14,(anonymous_0)
FNF:1
FNH:0
FNDA:0,(anonymous_0)
DA:15,0
LF:1
LH:0
BRF:0
BRH:0
end_of_record
TN:
SF:demo/ext-app/mock/request/mockRequestClipboardCopy.js
FN:14,(anonymous_0)
FNF:1
FNH:0
FNDA:0,(anonymous_0)
DA:15,0
DA:16,0
DA:17,0
DA:18,0
DA:19,0
DA:20,0
DA:21,0
DA:22,0
DA:23,0
LF:9
LH:0
BRF:0
BRH:0
end_of_record
TN:
SF:demo/ext-app/mock/request/mockRequestCommentsCreate.js
FN:5,(anonymous_0)
FN:6,(anonymous_1)
FNF:2
FNH:0
FNDA:0,(anonymous_0)
FNDA:0,(anonymous_1)
DA:6,0
DA:7,0
LF:2
LH:0
BRF:0
BRH:0
end_of_record
TN:
SF:demo/ext-app/mock/request/mockRequestCommentsFind.js
FN:5,(anonymous_0)
FNF:1
FNH:0
FNDA:0,(anonymous_0)
DA:6,0
LF:1
LH:0
BRF:0
BRH:0
end_of_record
TN:
SF:demo/ext-app/mock/request/mockRequestDeleteTags.js
FN:17,(anonymous_0)
FN:18,(anonymous_1)
FN:20,(anonymous_2)
FN:22,(anonymous_3)
FNF:4
FNH:0
FNDA:0,(anonymous_0)
FNDA:0,(anonymous_1)
FNDA:0,(anonymous_2)
FNDA:0,(anonymous_3)
DA:18,0
DA:19,0
DA:20,0
DA:21,0
DA:22,0
DA:23,0
DA:24,0
DA:25,0
DA:26,0
DA:27,0
DA:31,0
DA:32,0
LF:12
LH:0
BRDA:21,0,0,0
BRDA:21,0,1,0
BRDA:23,1,0,0
BRDA:23,1,1,0
BRF:4
BRH:0
end_of_record
TN:
SF:demo/ext-app/mock/request/mockRequestDisableMFA.js
FN:15,(anonymous_0)
FNF:1
FNH:0
FNDA:0,(anonymous_0)
LF:0
LH:0
BRF:0
BRH:0
end_of_record
TN:
SF:demo/ext-app/mock/request/mockRequestFindActivities.js
FN:15,(anonymous_0)
FNF:1
FNH:0
FNDA:0,(anonymous_0)
DA:16,0
DA:17,0
DA:211,0
DA:212,0
DA:290,0
DA:291,0
DA:506,0
DA:507,0
LF:8
LH:0
BRDA:16,0,0,0
BRDA:16,0,1,0
BRDA:16,1,0,0
BRDA:16,1,1,0
BRDA:211,2,0,0
BRDA:211,2,1,0
BRDA:211,3,0,0
BRDA:211,3,1,0
BRDA:290,4,0,0
BRDA:290,4,1,0
BRDA:290,5,0,0
BRDA:290,5,1,0
BRDA:506,6,0,0
BRDA:506,6,1,0
BRDA:506,7,0,0
BRDA:506,7,1,0
BRF:16
BRH:0
end_of_record
TN:
SF:demo/ext-app/mock/request/mockRequestFindAllThemes.js
FN:16,(anonymous_0)
FNF:1
FNH:0
FNDA:0,(anonymous_0)
DA:17,0
LF:1
LH:0
BRF:0
BRH:0
end_of_record
TN:
SF:demo/ext-app/mock/request/mockRequestFoldersCreate.js
FN:18,(anonymous_0)
FN:19,(anonymous_1)
FNF:2
FNH:0
FNDA:0,(anonymous_0)
FNDA:0,(anonymous_1)
DA:19,0
DA:20,0
DA:21,0
DA:22,0
DA:23,0
DA:24,0
DA:25,0
DA:26,0
DA:27,0
DA:35,0
DA:36,0
DA:37,0
LF:12
LH:0
BRF:0
BRH:0
end_of_record
TN:
SF:demo/ext-app/mock/request/mockRequestFoldersDelete.js
FN:15,(anonymous_0)
FN:16,(anonymous_1)
FN:18,(anonymous_2)
FNF:3
FNH:0
FNDA:0,(anonymous_0)
FNDA:0,(anonymous_1)
FNDA:0,(anonymous_2)
DA:16,0
DA:17,0
DA:18,0
DA:19,0
DA:20,0
DA:21,0
LF:6
LH:0
BRF:0
BRH:0
end_of_record
TN:
SF:demo/ext-app/mock/request/mockRequestFoldersFindPermissions.js
FN:15,(anonymous_0)
FNF:1
FNH:0
FNDA:0,(anonymous_0)
DA:16,0
LF:1
LH:0
BRF:0
BRH:0
end_of_record
TN:
SF:demo/ext-app/mock/request/mockRequestFoldersUpdate.js
FN:17,(anonymous_0)
FN:18,(anonymous_1)
FN:20,(anonymous_2)
FNF:3
FNH:0
FNDA:0,(anonymous_0)
FNDA:0,(anonymous_1)
FNDA:0,(anonymous_2)
DA:18,0
DA:19,0
DA:20,0
DA:21,0
DA:22,0
DA:23,0
DA:24,0
DA:25,0
DA:26,0
DA:27,0
LF:10
LH:0
BRF:0
BRH:0
end_of_record
TN:
SF:demo/ext-app/mock/request/mockRequestFoldersUpdateLocalStorage.js
FN:17,(anonymous_0)
FNF:1
FNH:0
FNDA:0,(anonymous_0)
DA:18,0
LF:1
LH:0
BRF:0
BRH:0
end_of_record
TN:
SF:demo/ext-app/mock/request/mockRequestGetLocale.js
FN:15,(anonymous_0)
FNF:1
FNH:0
FNDA:0,(anonymous_0)
DA:16,0
LF:1
LH:0
BRF:0
BRH:0
end_of_record
TN:
SF:demo/ext-app/mock/request/mockRequestGetVersion.js
FN:6,(anonymous_0)
FNF:1
FNH:0
FNDA:0,(anonymous_0)
DA:7,0
LF:1
LH:0
BRF:0
BRH:0
end_of_record
TN:
SF:demo/ext-app/mock/request/mockRequestGpgKeysFindByUserId.js
FN:8,(anonymous_0)
FNF:1
FNH:0
FNDA:0,(anonymous_0)
DA:9,0
LF:1
LH:0
BRF:0
BRH:0
end_of_record
TN:
SF:demo/ext-app/mock/request/mockRequestGroupDeleteDryRun.js
FN:14,(anonymous_0)
FNF:1
FNH:0
FNDA:0,(anonymous_0)
DA:15,0
DA:16,0
DA:2014,0
DA:2016,0
LF:4
LH:0
BRDA:15,0,0,0
BRDA:15,0,1,0
BRF:2
BRH:0
end_of_record
TN:
SF:demo/ext-app/mock/request/mockRequestGroupsCreate.js
FN:18,(anonymous_0)
FN:19,(anonymous_1)
FN:26,(anonymous_2)
FNF:3
FNH:0
FNDA:0,(anonymous_0)
FNDA:0,(anonymous_1)
FNDA:0,(anonymous_2)
DA:19,0
DA:20,0
DA:21,0
DA:22,0
DA:23,0
DA:24,0
DA:25,0
DA:26,0
DA:27,0
DA:29,0
DA:30,0
DA:31,0
LF:12
LH:0
BRDA:27,0,0,0
BRDA:27,0,1,0
BRF:2
BRH:0
end_of_record
TN:
SF:demo/ext-app/mock/request/mockRequestGroupsUpdate.js
FN:18,(anonymous_0)
FN:19,(anonymous_1)
FN:23,(anonymous_2)
FN:26,(anonymous_3)
FNF:4
FNH:0
FNDA:0,(anonymous_0)
FNDA:0,(anonymous_1)
FNDA:0,(anonymous_2)
FNDA:0,(anonymous_3)
DA:19,0
DA:20,0
DA:21,0
DA:22,0
DA:23,0
DA:24,0
DA:26,0
DA:27,0
DA:28,0
DA:29,0
LF:10
LH:0
BRDA:24,0,0,0
BRDA:24,0,1,0
BRF:2
BRH:0
end_of_record
TN:
SF:demo/ext-app/mock/request/mockRequestGroupsUpdateLocalStorage.js
FN:16,(anonymous_0)
FNF:1
FNH:0
FNDA:0,(anonymous_0)
DA:17,0
DA:18,0
LF:2
LH:0
BRF:0
BRH:0
end_of_record
TN:
SF:demo/ext-app/mock/request/mockRequestImportFile.js
FN:15,(anonymous_0)
FNF:1
FNH:0
FNDA:0,(anonymous_0)
DA:16,0
LF:1
LH:0
BRF:0
BRH:0
end_of_record
TN:
SF:demo/ext-app/mock/request/mockRequestResourceAddFavorite.js
FN:17,(anonymous_0)
FN:18,(anonymous_1)
FN:20,(anonymous_2)
FNF:3
FNH:0
FNDA:0,(anonymous_0)
FNDA:0,(anonymous_1)
FNDA:0,(anonymous_2)
DA:18,0
DA:19,0
DA:20,0
DA:21,0
DA:22,0
DA:23,0
DA:24,0
DA:32,0
DA:33,0
DA:34,0
DA:35,0
LF:11
LH:0
BRF:0
BRH:0
end_of_record
TN:
SF:demo/ext-app/mock/request/mockRequestResourceDeleteFavorite.js
FN:17,(anonymous_0)
FN:18,(anonymous_1)
FN:20,(anonymous_2)
FNF:3
FNH:0
FNDA:0,(anonymous_0)
FNDA:0,(anonymous_1)
FNDA:0,(anonymous_2)
DA:18,0
DA:19,0
DA:20,0
DA:21,0
DA:22,0
DA:23,0
DA:24,0
DA:25,0
DA:26,0
DA:27,0
LF:10
LH:0
BRF:0
BRH:0
end_of_record
TN:
SF:demo/ext-app/mock/request/mockRequestResourceUpdateDescription.js
FN:17,(anonymous_0)
FN:18,(anonymous_1)
FN:20,(anonymous_2)
FNF:3
FNH:0
FNDA:0,(anonymous_0)
FNDA:0,(anonymous_1)
FNDA:0,(anonymous_2)
DA:18,0
DA:19,0
DA:20,0
DA:21,0
DA:22,0
DA:23,0
DA:24,0
DA:25,0
DA:26,0
DA:27,0
LF:10
LH:0
BRF:0
BRH:0
end_of_record
TN:
SF:demo/ext-app/mock/request/mockRequestResources.js
FN:15,(anonymous_0)
FN:16,(anonymous_1)
FNF:2
FNH:0
FNDA:0,(anonymous_0)
FNDA:0,(anonymous_1)
DA:16,0
DA:17,0
DA:18,0
DA:19,0
DA:20,0
DA:21,0
DA:23,0
LF:7
LH:0
BRDA:20,0,0,0
BRDA:20,0,1,0
BRDA:20,1,0,0
BRDA:20,1,1,0
BRF:4
BRH:0
end_of_record
TN:
SF:demo/ext-app/mock/request/mockRequestResourcesCreate.js
FN:18,(anonymous_0)
FN:19,(anonymous_1)
FNF:2
FNH:0
FNDA:0,(anonymous_0)
FNDA:0,(anonymous_1)
DA:19,0
DA:20,0
DA:21,0
DA:22,0
DA:23,0
DA:24,0
DA:25,0
DA:26,0
DA:27,0
DA:28,0
DA:36,0
DA:37,0
DA:38,0
DA:39,0
LF:14
LH:0
BRF:0
BRH:0
end_of_record
TN:
SF:demo/ext-app/mock/request/mockRequestResourcesDelete.js
FN:15,(anonymous_0)
FN:16,(anonymous_1)
FN:18,(anonymous_2)
FNF:3
FNH:0
FNDA:0,(anonymous_0)
FNDA:0,(anonymous_1)
FNDA:0,(anonymous_2)
DA:16,0
DA:17,0
DA:18,0
DA:19,0
DA:20,0
LF:5
LH:0
BRF:0
BRH:0
end_of_record
TN:
SF:demo/ext-app/mock/request/mockRequestResourcesFindPermissions.js
FN:15,(anonymous_0)
FNF:1
FNH:0
FNDA:0,(anonymous_0)
DA:16,0
LF:1
LH:0
BRF:0
BRH:0
end_of_record
TN:
SF:demo/ext-app/mock/request/mockRequestResourcesUpdate.js
FN:17,(anonymous_0)
FN:18,(anonymous_1)
FN:20,(anonymous_2)
FNF:3
FNH:0
FNDA:0,(anonymous_0)
FNDA:0,(anonymous_1)
FNDA:0,(anonymous_2)
DA:18,0
DA:19,0
DA:20,0
DA:21,0
DA:22,0
DA:23,0
DA:24,0
DA:25,0
DA:26,0
DA:27,0
DA:28,0
DA:29,0
DA:31,0
DA:32,0
DA:33,0
LF:15
LH:0
BRDA:28,0,0,0
BRDA:28,0,1,0
BRF:2
BRH:0
end_of_record
TN:
SF:demo/ext-app/mock/request/mockRequestResourcesUpdateLocalStorage.js
FN:17,(anonymous_0)
FNF:1
FNH:0
FNDA:0,(anonymous_0)
DA:18,0
LF:1
LH:0
BRF:0
BRH:0
end_of_record
TN:
SF:demo/ext-app/mock/request/mockRequestSecretEditDecrypt.js
FN:16,(anonymous_0)
FN:17,(anonymous_1)
FNF:2
FNH:0
FNDA:0,(anonymous_0)
FNDA:0,(anonymous_1)
DA:17,0
DA:18,0
DA:19,0
DA:24,0
LF:4
LH:0
BRDA:18,0,0,0
BRDA:18,0,1,0
BRF:2
BRH:0
end_of_record
TN:
SF:demo/ext-app/mock/request/mockRequestSetupInfo.js
FN:15,(anonymous_0)
FNF:1
FNH:0
FNDA:0,(anonymous_0)
DA:16,0
LF:1
LH:0
BRF:0
BRH:0
end_of_record
TN:
SF:demo/ext-app/mock/request/mockRequestShareGetResources.js
FN:15,(anonymous_0)
FNF:1
FNH:0
FNDA:0,(anonymous_0)
DA:16,0
LF:1
LH:0
BRF:0
BRH:0
end_of_record
TN:
SF:demo/ext-app/mock/request/mockRequestShareSearchAros.js
FN:15,(anonymous_0)
FN:16,(anonymous_1)
FN:16,(anonymous_2)
FN:18,(anonymous_3)
FNF:4
FNH:0
FNDA:0,(anonymous_0)
FNDA:0,(anonymous_1)
FNDA:0,(anonymous_2)
FNDA:0,(anonymous_3)
DA:16,0
DA:18,0
DA:19,0
DA:20,0
DA:21,0
DA:22,0
DA:26,0
DA:32,2
LF:8
LH:1
BRDA:21,0,0,0
BRDA:21,0,1,0
BRDA:22,1,0,0
BRDA:22,1,1,0
BRDA:22,1,2,0
BRF:5
BRH:0
end_of_record
TN:
SF:demo/ext-app/mock/request/mockRequestSiteSettings.js
FN:15,(anonymous_0)
FNF:1
FNH:0
FNDA:0,(anonymous_0)
DA:16,0
LF:1
LH:0
BRF:0
BRH:0
end_of_record
TN:
SF:demo/ext-app/mock/request/mockRequestTagsGet.js
FN:15,(anonymous_0)
FNF:1
FNH:0
FNDA:0,(anonymous_0)
DA:16,0
LF:1
LH:0
BRF:0
BRH:0
end_of_record
TN:
SF:demo/ext-app/mock/request/mockRequestTagsUpdate.js
FN:17,(anonymous_0)
FN:18,(anonymous_1)
FN:20,(anonymous_2)
FN:22,(anonymous_3)
FNF:4
FNH:0
FNDA:0,(anonymous_0)
FNDA:0,(anonymous_1)
FNDA:0,(anonymous_2)
FNDA:0,(anonymous_3)
DA:18,0
DA:19,0
DA:20,0
DA:21,0
DA:22,0
DA:23,0
DA:24,0
DA:25,0
DA:26,0
DA:27,0
DA:31,0
DA:32,0
LF:12
LH:0
BRDA:21,0,0,0
BRDA:21,0,1,0
BRDA:23,1,0,0
BRDA:23,1,1,0
BRF:4
BRH:0
end_of_record
TN:
SF:demo/ext-app/mock/request/mockRequestTagsUpdateResourceTags.js
FN:18,(anonymous_0)
FN:19,(anonymous_1)
FN:21,(anonymous_2)
FN:23,(anonymous_3)
FNF:4
FNH:0
FNDA:0,(anonymous_0)
FNDA:0,(anonymous_1)
FNDA:0,(anonymous_2)
FNDA:0,(anonymous_3)
DA:19,0
DA:20,0
DA:21,0
DA:22,0
DA:23,0
DA:24,0
DA:25,0
DA:28,0
DA:29,0
DA:30,0
DA:31,0
DA:32,0
DA:33,0
LF:13
LH:0
BRDA:24,0,0,0
BRDA:24,0,1,0
BRF:2
BRH:0
end_of_record
TN:
SF:demo/ext-app/mock/request/mockRequestUserDeleteDryRun.js
FN:15,(anonymous_0)
FNF:1
FNH:0
FNDA:0,(anonymous_0)
DA:16,0
DA:17,0
DA:2015,0
LF:3
LH:0
BRDA:16,0,0,0
BRDA:16,0,1,0
BRF:2
BRH:0
end_of_record
TN:
SF:demo/ext-app/mock/request/mockRequestUserGet.js
FN:15,(anonymous_0)
FNF:1
FNH:0
FNDA:0,(anonymous_0)
DA:16,0
LF:1
LH:0
BRF:0
BRH:0
end_of_record
TN:
SF:demo/ext-app/mock/request/mockRequestUsersFindLoggedInUser.js
FN:15,(anonymous_0)
FNF:1
FNH:0
FNDA:0,(anonymous_0)
DA:16,0
LF:1
LH:0
BRF:0
BRH:0
end_of_record
TN:
SF:demo/ext-app/mock/request/mockRequestUsersUpdateLocalStorage.js
FN:17,(anonymous_0)
FNF:1
FNH:0
FNDA:0,(anonymous_0)
DA:18,0
LF:1
LH:0
BRF:0
BRH:0
end_of_record
TN:
SF:src/react-extension/components/Administration/AdministrationWorkspace.js
FN:42,(anonymous_0)
FN:50,(anonymous_1)
FN:58,(anonymous_2)
FN:66,(anonymous_3)
FN:74,(anonymous_4)
FN:78,(anonymous_5)
FNF:6
FNH:6
FNDA:3,(anonymous_0)
FNDA:3,(anonymous_1)
FNDA:3,(anonymous_2)
FNDA:3,(anonymous_3)
FNDA:3,(anonymous_4)
FNDA:3,(anonymous_5)
DA:43,3
DA:51,3
DA:59,3
DA:67,3
DA:75,3
DA:79,3
DA:130,1
LF:7
LH:7
BRDA:88,0,0,3
BRDA:88,0,1,3
BRDA:104,1,0,3
BRDA:104,1,1,1
BRDA:107,2,0,3
BRDA:107,2,1,1
BRDA:110,3,0,3
BRDA:110,3,1,1
BRDA:113,4,0,3
BRDA:113,4,1,0
BRDA:116,5,0,3
BRDA:116,5,1,0
BRF:12
BRH:10
end_of_record
TN:
SF:src/react-extension/components/Administration/AdministrationWorkspace.test.data.js
FN:6,defaultAppContext
FN:15,defaultProps
FNF:2
FNH:2
FNDA:1,defaultAppContext
FNDA:3,defaultProps
DA:7,1
DA:9,1
DA:16,3
LF:3
LH:3
BRDA:9,0,0,1
BRDA:9,0,1,1
BRF:2
BRH:2
end_of_record
TN:
SF:src/react-extension/components/Administration/AdministrationWorkspace.test.page.js
FN:33,(anonymous_0)
FN:48,(anonymous_1)
FN:55,(anonymous_2)
FN:62,(anonymous_3)
FNF:4
FNH:4
FNDA:3,(anonymous_0)
FNDA:3,(anonymous_1)
FNDA:3,(anonymous_2)
FNDA:3,(anonymous_3)
DA:34,3
DA:49,3
DA:56,3
DA:63,3
LF:4
LH:4
BRF:0
BRH:0
end_of_record
TN:
SF:src/react-extension/components/Administration/DisplayAdministrationMenu/DisplayAdministrationMenu.js
FN:33,(anonymous_0)
FN:42,(anonymous_1)
FN:51,(anonymous_2)
FN:60,(anonymous_3)
FN:69,(anonymous_4)
FN:77,(anonymous_5)
FN:88,(anonymous_6)
FN:95,(anonymous_7)
FN:102,(anonymous_8)
FN:109,(anonymous_9)
FN:116,(anonymous_10)
FN:124,(anonymous_11)
FN:132,(anonymous_12)
FN:140,(anonymous_13)
FN:148,(anonymous_14)
FN:156,(anonymous_15)
FN:164,(anonymous_16)
FN:172,(anonymous_17)
FNF:18
FNH:17
FNDA:5,(anonymous_0)
FNDA:5,(anonymous_1)
FNDA:5,(anonymous_2)
FNDA:5,(anonymous_3)
FNDA:5,(anonymous_4)
FNDA:5,(anonymous_5)
FNDA:1,(anonymous_6)
FNDA:1,(anonymous_7)
FNDA:1,(anonymous_8)
FNDA:1,(anonymous_9)
FNDA:1,(anonymous_10)
FNDA:5,(anonymous_11)
FNDA:5,(anonymous_12)
FNDA:5,(anonymous_13)
FNDA:5,(anonymous_14)
FNDA:5,(anonymous_15)
FNDA:0,(anonymous_16)
FNDA:5,(anonymous_17)
DA:34,5
DA:35,5
DA:43,5
DA:44,5
DA:52,5
DA:53,5
DA:61,5
DA:62,5
DA:70,5
DA:71,5
DA:78,5
DA:79,5
DA:80,5
DA:81,5
DA:82,5
DA:89,1
DA:96,1
DA:103,1
DA:110,1
DA:117,1
DA:125,5
DA:133,5
DA:141,5
DA:149,5
DA:157,5
DA:165,0
DA:173,5
DA:235,1
DA:237,1
LF:29
LH:28
BRDA:44,0,0,5
BRDA:44,0,1,5
BRDA:53,1,0,5
BRDA:53,1,1,5
BRDA:62,2,0,5
BRDA:62,2,1,5
BRDA:71,3,0,5
BRDA:71,3,1,5
BRDA:176,4,0,5
BRDA:176,4,1,5
BRDA:178,5,0,1
BRDA:178,5,1,4
BRDA:187,6,0,5
BRDA:187,6,1,5
BRDA:189,7,0,1
BRDA:189,7,1,4
BRDA:199,8,0,1
BRDA:199,8,1,4
BRDA:207,9,0,5
BRDA:207,9,1,5
BRDA:209,10,0,1
BRDA:209,10,1,4
BRDA:218,11,0,5
BRDA:218,11,1,5
BRDA:220,12,0,1
BRDA:220,12,1,4
BRF:26
BRH:26
end_of_record
TN:
SF:src/react-extension/components/Administration/DisplayAdministrationMenu/DisplayAdministrationMenu.test.data.js
FN:6,defaultAppContext
FN:17,defaultProps
FN:21,(anonymous_2)
FNF:3
FNH:3
FNDA:1,defaultAppContext
FNDA:5,defaultProps
FNDA:20,(anonymous_2)
DA:7,1
DA:10,1
DA:18,5
DA:21,20
LF:4
LH:4
BRDA:10,0,0,1
BRDA:10,0,1,1
BRF:2
BRH:2
end_of_record
TN:
SF:src/react-extension/components/Administration/DisplayAdministrationMenu/DisplayAdministrationMenu.test.page.js
FN:31,(anonymous_0)
FN:46,(anonymous_1)
FN:53,(anonymous_2)
FN:60,(anonymous_3)
FN:67,(anonymous_4)
FN:74,(anonymous_5)
FN:81,(anonymous_6)
FN:88,(anonymous_7)
FN:95,(anonymous_8)
FN:100,(anonymous_9)
FN:103,(anonymous_10)
FN:108,(anonymous_11)
FN:113,(anonymous_12)
FN:118,(anonymous_13)
FN:123,(anonymous_14)
FN:128,(anonymous_15)
FNF:16
FNH:16
FNDA:5,(anonymous_0)
FNDA:5,(anonymous_1)
FNDA:5,(anonymous_2)
FNDA:1,(anonymous_3)
FNDA:1,(anonymous_4)
FNDA:1,(anonymous_5)
FNDA:1,(anonymous_6)
FNDA:1,(anonymous_7)
FNDA:5,(anonymous_8)
FNDA:5,(anonymous_9)
FNDA:5,(anonymous_10)
FNDA:1,(anonymous_11)
FNDA:1,(anonymous_12)
FNDA:1,(anonymous_13)
FNDA:1,(anonymous_14)
FNDA:1,(anonymous_15)
DA:32,5
DA:47,5
DA:54,5
DA:61,1
DA:68,1
DA:75,1
DA:82,1
DA:89,1
DA:96,5
DA:101,5
DA:102,5
DA:103,5
DA:109,1
DA:114,1
DA:119,1
DA:124,1
DA:129,1
LF:17
LH:17
BRF:0
BRH:0
end_of_record
TN:
SF:src/react-extension/components/Administration/DisplayAdministrationWorkspaceActions/DisplayAdministrationWorkspaceActions.js
FN:38,(anonymous_0)
FN:46,(anonymous_1)
FN:58,(anonymous_2)
FN:65,(anonymous_3)
FN:76,(anonymous_4)
FN:83,(anonymous_5)
FN:90,(anonymous_6)
FN:97,(anonymous_7)
FN:104,(anonymous_8)
FN:111,(anonymous_9)
FN:118,(anonymous_10)
FN:125,(anonymous_11)
FN:133,(anonymous_12)
FN:141,(anonymous_13)
FN:149,(anonymous_14)
FN:157,(anonymous_15)
FNF:16
FNH:13
FNDA:10,(anonymous_0)
FNDA:10,(anonymous_1)
FNDA:0,(anonymous_2)
FNDA:0,(anonymous_3)
FNDA:1,(anonymous_4)
FNDA:1,(anonymous_5)
FNDA:1,(anonymous_6)
FNDA:1,(anonymous_7)
FNDA:1,(anonymous_8)
FNDA:9,(anonymous_9)
FNDA:7,(anonymous_10)
FNDA:14,(anonymous_11)
FNDA:9,(anonymous_12)
FNDA:20,(anonymous_13)
FNDA:0,(anonymous_14)
FNDA:10,(anonymous_15)
DA:39,10
DA:40,10
DA:47,10
DA:48,10
DA:49,10
DA:50,10
DA:51,10
DA:59,0
DA:66,0
DA:67,0
DA:68,0
DA:69,0
DA:77,1
DA:84,1
DA:91,1
DA:98,1
DA:105,1
DA:112,9
DA:119,7
DA:126,14
DA:134,9
DA:142,20
DA:150,0
DA:158,10
DA:209,1
DA:211,1
LF:26
LH:20
BRDA:67,0,0,0
BRDA:67,0,1,0
BRDA:67,1,0,0
BRDA:67,1,1,0
BRDA:161,2,0,10
BRDA:161,2,1,9
BRDA:164,3,0,5
BRDA:164,3,1,4
BRDA:169,4,0,9
BRDA:169,4,1,7
BRDA:172,5,0,4
BRDA:172,5,1,3
BRDA:178,6,0,3
BRDA:178,6,1,4
BRDA:184,7,0,3
BRDA:184,7,1,4
BRDA:193,8,0,10
BRDA:193,8,1,1
BRF:18
BRH:14
end_of_record
TN:
SF:src/react-extension/components/Administration/DisplayAdministrationWorkspaceActions/DisplayAdministrationWorkspaceActions.test.data.js
FN:6,defaultAppContext
FN:17,defaultProps
FNF:2
FNH:2
FNDA:1,defaultAppContext
FNDA:4,defaultProps
DA:7,1
DA:10,1
DA:18,4
LF:3
LH:3
BRDA:10,0,0,1
BRDA:10,0,1,1
BRF:2
BRH:2
end_of_record
TN:
SF:src/react-extension/components/Administration/DisplayAdministrationWorkspaceActions/DisplayAdministrationWorkspaceActions.test.page.js
FN:30,(anonymous_0)
FN:43,(anonymous_1)
FN:50,(anonymous_2)
FN:57,(anonymous_3)
FN:64,(anonymous_4)
FN:71,(anonymous_5)
FN:78,(anonymous_6)
FN:85,(anonymous_7)
FN:92,(anonymous_8)
FN:97,(anonymous_9)
FN:100,(anonymous_10)
FN:105,(anonymous_11)
FN:110,(anonymous_12)
FN:115,(anonymous_13)
FN:120,(anonymous_14)
FN:125,(anonymous_15)
FNF:16
FNH:16
FNDA:10,(anonymous_0)
FNDA:3,(anonymous_1)
FNDA:3,(anonymous_2)
FNDA:6,(anonymous_3)
FNDA:6,(anonymous_4)
FNDA:6,(anonymous_5)
FNDA:6,(anonymous_6)
FNDA:1,(anonymous_7)
FNDA:3,(anonymous_8)
FNDA:5,(anonymous_9)
FNDA:5,(anonymous_10)
FNDA:1,(anonymous_11)
FNDA:1,(anonymous_12)
FNDA:1,(anonymous_13)
FNDA:1,(anonymous_14)
FNDA:1,(anonymous_15)
DA:31,10
DA:44,3
DA:51,3
DA:58,6
DA:65,6
DA:72,6
DA:79,6
DA:86,1
DA:93,3
DA:98,5
DA:99,5
DA:100,5
DA:106,1
DA:111,1
DA:116,1
DA:121,1
DA:126,1
LF:17
LH:17
BRF:0
BRH:0
end_of_record
TN:
SF:src/react-extension/components/Administration/DisplayAdministrationWorkspaceBreadcrumb/DisplayAdministrationWorkspaceBreadcrumb.js
FN:34,(anonymous_0)
FN:51,(anonymous_1)
FN:72,(anonymous_2)
FN:81,(anonymous_3)
FN:89,(anonymous_4)
FNF:5
FNH:4
FNDA:6,(anonymous_0)
FNDA:5,(anonymous_1)
FNDA:0,(anonymous_2)
FNDA:15,(anonymous_3)
FNDA:6,(anonymous_4)
DA:35,6
DA:37,1
DA:39,5
DA:52,5
DA:54,1
DA:56,1
DA:58,1
DA:60,1
DA:62,1
DA:64,0
DA:73,0
DA:74,0
DA:82,15
DA:90,6
DA:96,1
DA:98,1
LF:16
LH:13
BRDA:35,0,0,1
BRDA:35,0,1,5
BRDA:52,1,0,1
BRDA:52,1,1,1
BRDA:52,1,2,1
BRDA:52,1,3,1
BRDA:52,1,4,1
BRDA:52,1,5,0
BRF:8
BRH:7
end_of_record
TN:
SF:src/react-extension/components/Administration/DisplayAdministrationWorkspaceBreadcrumb/DisplayAdministrationWorkspaceBreadcrumb.test.data.js
FN:7,defaultAppContext
FN:17,defaultProps
FNF:2
FNH:2
FNDA:1,defaultAppContext
FNDA:6,defaultProps
DA:8,1
DA:10,1
DA:18,6
LF:3
LH:3
BRDA:10,0,0,1
BRDA:10,0,1,1
BRF:2
BRH:2
end_of_record
TN:
SF:src/react-extension/components/Administration/DisplayAdministrationWorkspaceBreadcrumb/DisplayAdministrationWorkspaceBreadcrumb.test.page.js
FN:31,(anonymous_0)
FN:46,(anonymous_1)
FN:53,(anonymous_2)
FN:60,(anonymous_3)
FN:67,(anonymous_4)
FNF:5
FNH:5
FNDA:6,(anonymous_0)
FNDA:1,(anonymous_1)
FNDA:6,(anonymous_2)
FNDA:15,(anonymous_3)
FNDA:1,(anonymous_4)
DA:32,6
DA:47,1
DA:54,6
DA:61,15
DA:68,1
LF:5
LH:5
BRF:0
BRH:0
end_of_record
TN:
SF:src/react-extension/components/Administration/DisplayEmailNotificationsAdministration/DisplayEmailNotificationsAdministration.js
FN:29,(anonymous_0)
FN:39,(anonymous_1)
FN:83,(anonymous_2)
FN:91,(anonymous_3)
FN:98,(anonymous_4)
FN:106,(anonymous_5)
FN:117,(anonymous_6)
FN:190,(anonymous_7)
FN:201,(anonymous_8)
FN:211,(anonymous_9)
FN:220,(anonymous_10)
FN:237,(anonymous_11)
FN:270,(anonymous_12)
FN:279,(anonymous_13)
FN:295,(anonymous_14)
FN:303,(anonymous_15)
FN:312,(anonymous_16)
FN:320,(anonymous_17)
FN:328,(anonymous_18)
FN:336,(anonymous_19)
FNF:20
FNH:20
FNDA:5,(anonymous_0)
FNDA:5,(anonymous_1)
FNDA:5,(anonymous_2)
FNDA:17,(anonymous_3)
FNDA:5,(anonymous_4)
FNDA:17,(anonymous_5)
FNDA:5,(anonymous_6)
FNDA:3,(anonymous_7)
FNDA:3,(anonymous_8)
FNDA:462,(anonymous_9)
FNDA:3,(anonymous_10)
FNDA:3,(anonymous_11)
FNDA:2,(anonymous_12)
FNDA:1,(anonymous_13)
FNDA:1,(anonymous_14)
FNDA:3,(anonymous_15)
FNDA:44,(anonymous_16)
FNDA:22,(anonymous_17)
FNDA:2,(anonymous_18)
FNDA:22,(anonymous_19)
DA:30,5
DA:31,5
DA:32,5
DA:40,5
DA:84,5
DA:92,17
DA:99,5
DA:107,17
DA:108,17
DA:109,3
DA:110,3
DA:118,5
DA:119,5
DA:121,5
DA:122,5
DA:126,5
DA:127,5
DA:128,5
DA:129,5
DA:131,5
DA:132,5
DA:133,5
DA:134,5
DA:136,5
DA:138,5
DA:139,5
DA:140,5
DA:141,5
DA:143,5
DA:145,5
DA:146,5
DA:150,5
DA:151,5
DA:152,5
DA:153,5
DA:155,5
DA:157,5
DA:191,3
DA:192,3
DA:193,3
DA:194,3
DA:195,3
DA:202,3
DA:203,3
DA:212,462
DA:222,3
DA:223,3
DA:224,3
DA:225,3
DA:226,2
DA:228,1
DA:238,3
DA:264,3
DA:271,2
DA:272,2
DA:281,1
DA:282,0
DA:285,1
DA:286,1
DA:287,1
DA:296,1
DA:304,3
DA:305,3
DA:313,44
DA:321,22
DA:329,2
DA:337,22
DA:532,1
LF:68
LH:67
BRDA:108,0,0,3
BRDA:108,0,1,14
BRDA:108,1,0,17
BRDA:108,1,1,3
BRDA:202,2,0,3
BRDA:202,2,1,0
BRDA:212,3,0,462
BRDA:212,3,1,399
BRDA:222,4,0,3
BRDA:222,4,1,0
BRDA:281,5,0,0
BRDA:281,5,1,1
BRDA:340,6,0,22
BRDA:340,6,1,17
BRDA:340,6,2,0
BRDA:347,7,0,22
BRDA:347,7,1,5
BRDA:347,7,2,0
BRF:18
BRH:13
end_of_record
TN:
SF:src/react-extension/components/Administration/DisplayEmailNotificationsAdministration/DisplayEmailNotificationsAdministration.test.data.js
FN:7,defaultAppContext
FN:17,defaultProps
FN:28,(anonymous_2)
FNF:3
FNH:3
FNDA:2,defaultAppContext
FNDA:1,defaultProps
FNDA:5,(anonymous_2)
DA:8,2
DA:10,2
DA:18,1
DA:28,5
DA:33,1
DA:59,1
LF:6
LH:6
BRDA:10,0,0,2
BRDA:10,0,1,2
BRF:2
BRH:2
end_of_record
TN:
SF:src/react-extension/components/Administration/DisplayEmailNotificationsAdministration/DisplayEmailNotificationsAdministration.test.page.js
FN:29,(anonymous_0)
FN:39,(anonymous_1)
FN:52,(anonymous_2)
FN:59,(anonymous_3)
FN:66,(anonymous_4)
FN:73,(anonymous_5)
FN:80,(anonymous_6)
FN:87,(anonymous_7)
FN:94,(anonymous_8)
FN:101,(anonymous_9)
FN:108,(anonymous_10)
FN:115,(anonymous_11)
FN:122,(anonymous_12)
FN:129,(anonymous_13)
FN:136,(anonymous_14)
FN:143,(anonymous_15)
FN:150,(anonymous_16)
FN:157,(anonymous_17)
FN:164,(anonymous_18)
FN:171,(anonymous_19)
FN:178,(anonymous_20)
FN:185,(anonymous_21)
FN:192,(anonymous_22)
FN:199,(anonymous_23)
FN:206,(anonymous_24)
FN:211,(anonymous_25)
FN:214,(anonymous_26)
FN:219,(anonymous_27)
FNF:28
FNH:28
FNDA:5,(anonymous_0)
FNDA:3,(anonymous_1)
FNDA:1,(anonymous_2)
FNDA:4,(anonymous_3)
FNDA:4,(anonymous_4)
FNDA:4,(anonymous_5)
FNDA:4,(anonymous_6)
FNDA:4,(anonymous_7)
FNDA:4,(anonymous_8)
FNDA:4,(anonymous_9)
FNDA:4,(anonymous_10)
FNDA:7,(anonymous_11)
FNDA:4,(anonymous_12)
FNDA:4,(anonymous_13)
FNDA:4,(anonymous_14)
FNDA:4,(anonymous_15)
FNDA:4,(anonymous_16)
FNDA:4,(anonymous_17)
FNDA:4,(anonymous_18)
FNDA:4,(anonymous_19)
FNDA:4,(anonymous_20)
FNDA:4,(anonymous_21)
FNDA:4,(anonymous_22)
FNDA:4,(anonymous_23)
FNDA:1,(anonymous_24)
FNDA:3,(anonymous_25)
FNDA:3,(anonymous_26)
FNDA:3,(anonymous_27)
DA:30,5
DA:40,3
DA:53,1
DA:60,4
DA:67,4
DA:74,4
DA:81,4
DA:88,4
DA:95,4
DA:102,4
DA:109,4
DA:116,7
DA:123,4
DA:130,4
DA:137,4
DA:144,4
DA:151,4
DA:158,4
DA:165,4
DA:172,4
DA:179,4
DA:186,4
DA:193,4
DA:200,4
DA:207,1
DA:212,3
DA:213,3
DA:214,3
DA:220,3
LF:29
LH:29
BRF:0
BRH:0
end_of_record
TN:
SF:src/react-extension/components/Administration/DisplayInternationalizationAdministration/DisplayInternationalizationAdministration.js
FN:30,(anonymous_0)
FN:40,(anonymous_1)
FN:49,(anonymous_2)
FN:57,(anonymous_3)
FN:64,(anonymous_4)
FN:72,(anonymous_5)
FN:85,(anonymous_6)
FN:96,(anonymous_7)
FN:106,(anonymous_8)
FN:115,(anonymous_9)
FN:131,(anonymous_10)
FN:141,(anonymous_11)
FN:157,(anonymous_12)
FN:165,(anonymous_13)
FN:174,(anonymous_14)
FN:182,(anonymous_15)
FN:190,(anonymous_16)
FN:199,(anonymous_17)
FNF:18
FNH:17
FNDA:3,(anonymous_0)
FNDA:3,(anonymous_1)
FNDA:3,(anonymous_2)
FNDA:10,(anonymous_3)
FNDA:3,(anonymous_4)
FNDA:10,(anonymous_5)
FNDA:1,(anonymous_6)
FNDA:1,(anonymous_7)
FNDA:0,(anonymous_8)
FNDA:2,(anonymous_9)
FNDA:1,(anonymous_10)
FNDA:1,(anonymous_11)
FNDA:1,(anonymous_12)
FNDA:2,(anonymous_13)
FNDA:13,(anonymous_14)
FNDA:1,(anonymous_15)
FNDA:13,(anonymous_16)
FNDA:26,(anonymous_17)
DA:31,3
DA:32,3
DA:33,3
DA:41,3
DA:50,3
DA:58,10
DA:65,3
DA:73,10
DA:74,10
DA:75,2
DA:76,2
DA:86,1
DA:87,1
DA:88,1
DA:89,1
DA:90,1
DA:97,1
DA:98,1
DA:107,0
DA:117,2
DA:118,2
DA:119,2
DA:120,2
DA:121,1
DA:123,1
DA:132,1
DA:133,1
DA:134,1
DA:143,1
DA:144,0
DA:147,1
DA:148,1
DA:149,1
DA:158,1
DA:166,2
DA:167,2
DA:175,13
DA:183,1
DA:191,13
DA:200,26
DA:222,2
LF:41
LH:39
BRDA:74,0,0,2
BRDA:74,0,1,8
BRDA:74,1,0,10
BRDA:74,1,1,2
BRDA:97,2,0,1
BRDA:97,2,1,0
BRDA:107,3,0,0
BRDA:107,3,1,0
BRDA:117,4,0,2
BRDA:117,4,1,0
BRDA:143,5,0,0
BRDA:143,5,1,1
BRDA:175,6,0,13
BRDA:175,6,1,0
BRF:14
BRH:8
end_of_record
TN:
SF:src/react-extension/components/Administration/DisplayInternationalizationAdministration/DisplayInternationalizationAdministration.test.data.js
FN:9,defaultProps
FNF:1
FNH:1
FNDA:1,defaultProps
DA:10,1
LF:1
LH:1
BRF:0
BRH:0
end_of_record
TN:
SF:src/react-extension/components/Administration/DisplayInternationalizationAdministration/DisplayInternationalizationAdministration.test.page.js
FN:28,(anonymous_0)
FN:36,(anonymous_1)
FN:47,(anonymous_2)
FN:54,(anonymous_3)
FN:61,(anonymous_4)
FN:68,(anonymous_5)
FN:75,(anonymous_6)
FN:80,(anonymous_7)
FN:83,(anonymous_8)
FN:88,(anonymous_9)
FNF:10
FNH:9
FNDA:3,(anonymous_0)
FNDA:2,(anonymous_1)
FNDA:1,(anonymous_2)
FNDA:1,(anonymous_3)
FNDA:1,(anonymous_4)
FNDA:0,(anonymous_5)
FNDA:1,(anonymous_6)
FNDA:1,(anonymous_7)
FNDA:1,(anonymous_8)
FNDA:1,(anonymous_9)
DA:29,3
DA:37,2
DA:48,1
DA:55,1
DA:62,1
DA:69,0
DA:76,1
DA:81,1
DA:82,1
DA:83,1
DA:89,1
LF:11
LH:10
BRF:0
BRH:0
end_of_record
TN:
SF:src/react-extension/components/Administration/DisplayLoadingDialog/DisplayLoadingDialog.js
FN:25,(anonymous_0)
FN:34,(anonymous_1)
FN:42,(anonymous_2)
FN:50,(anonymous_3)
FN:58,(anonymous_4)
FNF:5
FNH:4
FNDA:4,(anonymous_0)
FNDA:4,(anonymous_1)
FNDA:2,(anonymous_2)
FNDA:0,(anonymous_3)
FNDA:4,(anonymous_4)
DA:26,4
DA:27,4
DA:35,4
DA:43,2
DA:51,0
DA:59,4
DA:75,3
DA:77,3
LF:8
LH:7
BRF:0
BRH:0
end_of_record
TN:
SF:src/react-extension/components/Administration/DisplayMfaAdministration/DisplayMfaAdministration.js
FN:30,(anonymous_0)
FN:40,(anonymous_1)
FN:68,(anonymous_2)
FN:76,(anonymous_3)
FN:83,(anonymous_4)
FN:91,(anonymous_5)
FN:102,(anonymous_6)
FN:149,(anonymous_7)
FN:160,(anonymous_8)
FN:170,(anonymous_9)
FN:178,(anonymous_10)
FN:186,(anonymous_11)
FN:194,(anonymous_12)
FN:202,(anonymous_13)
FN:214,(anonymous_14)
FN:238,(anonymous_15)
FN:280,(anonymous_16)
FN:288,(anonymous_17)
FN:296,(anonymous_18)
FN:305,(anonymous_19)
FN:327,(anonymous_20)
FN:359,(anonymous_21)
FN:368,(anonymous_22)
FN:384,(anonymous_23)
FN:392,(anonymous_24)
FN:401,(anonymous_25)
FN:409,(anonymous_26)
FNF:27
FNH:27
FNDA:6,(anonymous_0)
FNDA:6,(anonymous_1)
FNDA:6,(anonymous_2)
FNDA:33,(anonymous_3)
FNDA:6,(anonymous_4)
FNDA:33,(anonymous_5)
FNDA:6,(anonymous_6)
FNDA:7,(anonymous_7)
FNDA:7,(anonymous_8)
FNDA:183,(anonymous_9)
FNDA:78,(anonymous_10)
FNDA:82,(anonymous_11)
FNDA:82,(anonymous_12)
FNDA:4,(anonymous_13)
FNDA:4,(anonymous_14)
FNDA:4,(anonymous_15)
FNDA:4,(anonymous_16)
FNDA:4,(anonymous_17)
FNDA:3,(anonymous_18)
FNDA:4,(anonymous_19)
FNDA:3,(anonymous_20)
FNDA:2,(anonymous_21)
FNDA:1,(anonymous_22)
FNDA:1,(anonymous_23)
FNDA:5,(anonymous_24)
FNDA:8,(anonymous_25)
FNDA:39,(anonymous_26)
DA:31,6
DA:32,6
DA:33,6
DA:41,6
DA:69,6
DA:77,33
DA:84,6
DA:92,33
DA:93,33
DA:94,4
DA:95,4
DA:103,6
DA:104,6
DA:105,6
DA:107,6
DA:109,6
DA:110,6
DA:111,6
DA:113,6
DA:114,6
DA:115,6
DA:118,6
DA:119,6
DA:120,6
DA:121,6
DA:122,6
DA:123,6
DA:124,0
DA:125,0
DA:126,0
DA:127,0
DA:130,6
DA:150,7
DA:151,7
DA:152,7
DA:153,7
DA:154,7
DA:161,7
DA:162,7
DA:171,183
DA:179,78
DA:187,82
DA:195,82
DA:204,4
DA:215,4
DA:216,4
DA:217,4
DA:218,1
DA:219,1
DA:220,1
DA:221,0
DA:222,0
DA:224,1
DA:225,1
DA:226,1
DA:227,0
DA:228,0
DA:231,4
DA:239,4
DA:240,4
DA:241,4
DA:242,4
DA:244,4
DA:245,1
DA:246,1
DA:247,1
DA:248,0
DA:249,0
DA:252,1
DA:253,1
DA:254,1
DA:255,0
DA:256,0
DA:259,1
DA:260,1
DA:261,1
DA:262,0
DA:263,0
DA:266,1
DA:267,1
DA:268,1
DA:269,0
DA:270,0
DA:273,4
DA:281,4
DA:289,4
DA:297,3
DA:307,4
DA:308,4
DA:309,4
DA:310,4
DA:311,1
DA:312,1
DA:314,3
DA:315,3
DA:316,2
DA:318,1
DA:328,3
DA:329,3
DA:330,3
DA:333,3
DA:334,3
DA:335,0
DA:336,0
DA:342,3
DA:343,3
DA:344,0
DA:345,0
DA:353,3
DA:360,2
DA:361,2
DA:370,1
DA:371,0
DA:374,1
DA:375,1
DA:376,1
DA:385,1
DA:393,5
DA:394,5
DA:402,8
DA:410,39
DA:547,1
LF:122
LH:101
BRDA:93,0,0,4
BRDA:93,0,1,29
BRDA:93,1,0,33
BRDA:93,1,1,4
BRDA:113,2,0,6
BRDA:113,2,1,0
BRDA:123,3,0,0
BRDA:123,3,1,6
BRDA:151,4,0,5
BRDA:151,4,1,2
BRDA:161,5,0,7
BRDA:161,5,1,0
BRDA:171,6,0,183
BRDA:171,6,1,129
BRDA:217,7,0,1
BRDA:217,7,1,3
BRDA:219,8,0,1
BRDA:219,8,1,0
BRDA:221,9,0,0
BRDA:221,9,1,0
BRDA:225,10,0,1
BRDA:225,10,1,0
BRDA:227,11,0,0
BRDA:227,11,1,0
BRDA:244,12,0,1
BRDA:244,12,1,3
BRDA:246,13,0,1
BRDA:246,13,1,0
BRDA:248,14,0,0
BRDA:248,14,1,0
BRDA:253,15,0,1
BRDA:253,15,1,0
BRDA:255,16,0,0
BRDA:255,16,1,0
BRDA:260,17,0,1
BRDA:260,17,1,0
BRDA:262,18,0,0
BRDA:262,18,1,0
BRDA:267,19,0,1
BRDA:267,19,1,0
BRDA:269,20,0,0
BRDA:269,20,1,0
BRDA:281,21,0,4
BRDA:281,21,1,3
BRDA:289,22,0,4
BRDA:289,22,1,3
BRDA:297,23,0,3
BRDA:297,23,1,3
BRDA:297,23,2,3
BRDA:297,23,3,3
BRDA:307,24,0,4
BRDA:307,24,1,0
BRDA:310,25,0,1
BRDA:310,25,1,3
BRDA:329,26,0,3
BRDA:329,26,1,0
BRDA:334,27,0,0
BRDA:334,27,1,3
BRDA:343,28,0,0
BRDA:343,28,1,3
BRDA:370,29,0,0
BRDA:370,29,1,1
BRDA:423,30,0,39
BRDA:423,30,1,0
BRDA:428,31,0,39
BRDA:428,31,1,39
BRDA:443,32,0,39
BRDA:443,32,1,24
BRDA:448,33,0,39
BRDA:448,33,1,15
BRDA:458,34,0,15
BRDA:458,34,1,3
BRDA:466,35,0,15
BRDA:466,35,1,3
BRDA:483,36,0,39
BRDA:483,36,1,30
BRDA:488,37,0,39
BRDA:488,37,1,9
BRDA:499,38,0,9
BRDA:499,38,1,2
BRDA:508,39,0,9
BRDA:508,39,1,2
BRDA:516,40,0,9
BRDA:516,40,1,2
BRDA:524,41,0,9
BRDA:524,41,1,2
BRF:86
BRH:59
end_of_record
TN:
SF:src/react-extension/components/Administration/DisplayMfaAdministration/DisplayMfaAdministration.test.data.js
FN:7,defaultAppContext
FN:17,defaultProps
FN:28,(anonymous_2)
FNF:3
FNH:3
FNDA:1,defaultAppContext
FNDA:1,defaultProps
FNDA:6,(anonymous_2)
DA:8,1
DA:10,1
DA:18,1
DA:28,6
DA:34,1
LF:5
LH:5
BRDA:10,0,0,1
BRDA:10,0,1,1
BRF:2
BRH:2
end_of_record
TN:
SF:src/react-extension/components/Administration/DisplayMfaAdministration/DisplayMfaAdministration.test.page.js
FN:29,(anonymous_0)
FN:39,(anonymous_1)
FN:52,(anonymous_2)
FN:59,(anonymous_3)
FN:66,(anonymous_4)
FN:73,(anonymous_5)
FN:80,(anonymous_6)
FN:87,(anonymous_7)
FN:94,(anonymous_8)
FN:101,(anonymous_9)
FN:108,(anonymous_10)
FN:115,(anonymous_11)
FN:122,(anonymous_12)
FN:129,(anonymous_13)
FN:136,(anonymous_14)
FN:143,(anonymous_15)
FN:150,(anonymous_16)
FN:157,(anonymous_17)
FN:164,(anonymous_18)
FN:169,(anonymous_19)
FN:172,(anonymous_20)
FN:177,(anonymous_21)
FN:183,(anonymous_22)
FN:188,(anonymous_23)
FN:193,(anonymous_24)
FN:198,(anonymous_25)
FNF:26
FNH:26
FNDA:6,(anonymous_0)
FNDA:4,(anonymous_1)
FNDA:1,(anonymous_2)
FNDA:4,(anonymous_3)
FNDA:7,(anonymous_4)
FNDA:2,(anonymous_5)
FNDA:2,(anonymous_6)
FNDA:6,(anonymous_7)
FNDA:1,(anonymous_8)
FNDA:1,(anonymous_9)
FNDA:1,(anonymous_10)
FNDA:1,(anonymous_11)
FNDA:1,(anonymous_12)
FNDA:1,(anonymous_13)
FNDA:1,(anonymous_14)
FNDA:1,(anonymous_15)
FNDA:1,(anonymous_16)
FNDA:1,(anonymous_17)
FNDA:1,(anonymous_18)
FNDA:5,(anonymous_19)
FNDA:5,(anonymous_20)
FNDA:2,(anonymous_21)
FNDA:1,(anonymous_22)
FNDA:1,(anonymous_23)
FNDA:2,(anonymous_24)
FNDA:3,(anonymous_25)
DA:30,6
DA:40,4
DA:53,1
DA:60,4
DA:67,7
DA:74,2
DA:81,2
DA:88,6
DA:95,1
DA:102,1
DA:109,1
DA:116,1
DA:123,1
DA:130,1
DA:137,1
DA:144,1
DA:151,1
DA:158,1
DA:165,1
DA:170,5
DA:171,5
DA:172,5
DA:178,2
DA:179,2
DA:184,1
DA:189,1
DA:194,2
DA:199,3
LF:28
LH:28
BRF:0
BRH:0
end_of_record
TN:
SF:src/react-extension/components/Administration/DisplaySimulateSynchronizeUserDirectoryAdministration/DisplaySimulateSynchronizeUserDirectoryAdministration.js
FN:29,(anonymous_0)
FN:39,(anonymous_1)
FN:53,(anonymous_2)
FN:64,(anonymous_3)
FN:78,(anonymous_4)
FN:88,(anonymous_5)
FN:96,(anonymous_6)
FN:103,(anonymous_7)
FN:112,(anonymous_8)
FN:120,(anonymous_9)
FN:128,(anonymous_10)
FN:136,(anonymous_11)
FN:137,(anonymous_12)
FN:145,(anonymous_13)
FN:146,(anonymous_14)
FN:154,(anonymous_15)
FN:155,(anonymous_16)
FN:163,(anonymous_17)
FN:164,(anonymous_18)
FN:172,(anonymous_19)
FN:173,(anonymous_20)
FN:181,(anonymous_21)
FN:182,(anonymous_22)
FN:190,(anonymous_23)
FN:198,(anonymous_24)
FN:206,(anonymous_25)
FN:217,(anonymous_26)
FN:224,(anonymous_27)
FN:245,(anonymous_28)
FN:252,(anonymous_29)
FN:273,(anonymous_30)
FN:281,(anonymous_31)
FNF:32
FNH:31
FNDA:2,(anonymous_0)
FNDA:2,(anonymous_1)
FNDA:2,(anonymous_2)
FNDA:2,(anonymous_3)
FNDA:0,(anonymous_4)
FNDA:1,(anonymous_5)
FNDA:2,(anonymous_6)
FNDA:1,(anonymous_7)
FNDA:19,(anonymous_8)
FNDA:30,(anonymous_9)
FNDA:24,(anonymous_10)
FNDA:18,(anonymous_11)
FNDA:216,(anonymous_12)
FNDA:12,(anonymous_13)
FNDA:744,(anonymous_14)
FNDA:9,(anonymous_15)
FNDA:108,(anonymous_16)
FNDA:6,(anonymous_17)
FNDA:372,(anonymous_18)
FNDA:3,(anonymous_19)
FNDA:36,(anonymous_20)
FNDA:6,(anonymous_21)
FNDA:372,(anonymous_22)
FNDA:6,(anonymous_23)
FNDA:3,(anonymous_24)
FNDA:3,(anonymous_25)
FNDA:3,(anonymous_26)
FNDA:30,(anonymous_27)
FNDA:3,(anonymous_28)
FNDA:186,(anonymous_29)
FNDA:35,(anonymous_30)
FNDA:5,(anonymous_31)
DA:30,2
DA:31,2
DA:32,2
DA:40,2
DA:54,2
DA:55,2
DA:56,2
DA:65,2
DA:66,2
DA:67,2
DA:68,2
DA:70,0
DA:80,0
DA:81,0
DA:82,0
DA:89,1
DA:97,2
DA:104,1
DA:105,1
DA:113,19
DA:121,30
DA:129,24
DA:137,216
DA:138,18
DA:146,744
DA:147,12
DA:155,108
DA:156,9
DA:164,372
DA:165,6
DA:173,36
DA:174,3
DA:182,372
DA:183,6
DA:191,6
DA:199,3
DA:207,3
DA:208,3
DA:209,3
DA:210,3
DA:218,3
DA:219,3
DA:220,3
DA:223,3
DA:224,30
DA:225,3
DA:226,3
DA:227,3
DA:229,3
DA:230,3
DA:231,3
DA:233,3
DA:234,0
DA:235,0
DA:238,3
DA:246,3
DA:247,3
DA:248,3
DA:251,3
DA:252,186
DA:253,3
DA:254,3
DA:255,3
DA:257,3
DA:258,3
DA:259,3
DA:261,3
DA:262,3
DA:263,3
DA:266,3
DA:274,35
DA:282,5
DA:331,2
LF:73
LH:67
BRDA:191,0,0,6
BRDA:191,0,1,0
BRDA:199,1,0,3
BRDA:199,1,1,0
BRDA:199,1,2,0
BRDA:199,1,3,0
BRDA:219,2,0,3
BRDA:219,2,1,0
BRDA:219,3,0,3
BRDA:219,3,1,0
BRDA:219,3,2,0
BRDA:225,4,0,3
BRDA:225,4,1,0
BRDA:229,5,0,3
BRDA:229,5,1,0
BRDA:233,6,0,0
BRDA:233,6,1,3
BRDA:247,7,0,3
BRDA:247,7,1,0
BRDA:247,8,0,3
BRDA:247,8,1,0
BRDA:247,8,2,0
BRDA:253,9,0,3
BRDA:253,9,1,0
BRDA:257,10,0,3
BRDA:257,10,1,0
BRDA:261,11,0,3
BRDA:261,11,1,0
BRDA:284,12,0,5
BRDA:284,12,1,2
BRDA:287,13,0,5
BRDA:287,13,1,3
BRDA:295,14,0,3
BRDA:295,14,1,3
BRDA:298,15,0,3
BRDA:298,15,1,0
BRDA:301,16,0,3
BRDA:301,16,1,3
BRDA:306,17,0,1
BRDA:306,17,1,2
BRDA:308,18,0,3
BRDA:308,18,1,0
BRDA:309,19,0,3
BRDA:309,19,1,3
BRDA:321,20,0,0
BRDA:321,20,1,3
BRF:46
BRH:27
end_of_record
TN:
SF:src/react-extension/components/Administration/DisplaySimulateSynchronizeUserDirectoryAdministration/DisplaySimulateSynchronizeUserDirectoryAdministration.test.data.js
FN:7,defaultAppContext
FN:17,defaultProps
FN:20,(anonymous_2)
FNF:3
FNH:3
FNDA:1,defaultAppContext
FNDA:1,defaultProps
FNDA:2,(anonymous_2)
DA:8,1
DA:10,1
DA:18,1
DA:20,2
DA:27,1
LF:5
LH:5
BRDA:10,0,0,1
BRDA:10,0,1,1
BRF:2
BRH:2
end_of_record
TN:
SF:src/react-extension/components/Administration/DisplaySimulateSynchronizeUserDirectoryAdministration/DisplaySimulateSynchronizeUserDirectoryAdministration.test.page.js
FN:29,(anonymous_0)
FN:43,(anonymous_1)
FN:51,(anonymous_2)
FN:58,(anonymous_3)
FN:71,(anonymous_4)
FN:78,(anonymous_5)
FN:88,(anonymous_6)
FN:95,(anonymous_7)
FN:102,(anonymous_8)
FN:109,(anonymous_9)
FN:116,(anonymous_10)
FN:123,(anonymous_11)
FN:130,(anonymous_12)
FN:137,(anonymous_13)
FN:144,(anonymous_14)
FN:151,(anonymous_15)
FN:158,(anonymous_16)
FN:163,(anonymous_17)
FN:166,(anonymous_18)
FNF:19
FNH:18
FNDA:2,(anonymous_0)
FNDA:2,(anonymous_1)
FNDA:2,(anonymous_2)
FNDA:11,(anonymous_3)
FNDA:2,(anonymous_4)
FNDA:2,(anonymous_5)
FNDA:2,(anonymous_6)
FNDA:1,(anonymous_7)
FNDA:1,(anonymous_8)
FNDA:1,(anonymous_9)
FNDA:1,(anonymous_10)
FNDA:1,(anonymous_11)
FNDA:1,(anonymous_12)
FNDA:1,(anonymous_13)
FNDA:1,(anonymous_14)
FNDA:0,(anonymous_15)
FNDA:1,(anonymous_16)
FNDA:3,(anonymous_17)
FNDA:3,(anonymous_18)
DA:30,2
DA:37,2
DA:44,2
DA:45,2
DA:52,2
DA:59,11
DA:72,2
DA:79,2
DA:89,2
DA:96,1
DA:103,1
DA:110,1
DA:117,1
DA:124,1
DA:131,1
DA:138,1
DA:145,1
DA:152,0
DA:159,1
DA:164,3
DA:165,3
DA:166,3
LF:22
LH:21
BRF:0
BRH:0
end_of_record
TN:
SF:src/react-extension/components/Administration/DisplaySubscriptionKey/DisplaySubscriptionKey.js
FN:33,(anonymous_0)
FN:43,(anonymous_1)
FN:61,(anonymous_2)
FN:70,(anonymous_3)
FN:78,(anonymous_4)
FN:87,(anonymous_5)
FN:100,(anonymous_6)
FN:108,(anonymous_7)
FN:119,(anonymous_8)
FN:127,(anonymous_9)
FN:157,(anonymous_10)
FN:186,(anonymous_11)
FN:197,(anonymous_12)
FN:205,(anonymous_13)
FN:213,(anonymous_14)
FN:221,(anonymous_15)
FN:229,(anonymous_16)
FN:237,(anonymous_17)
FN:245,(anonymous_18)
FN:253,(anonymous_19)
FN:262,(anonymous_20)
FN:271,(anonymous_21)
FN:284,(anonymous_22)
FN:295,(anonymous_23)
FN:297,(anonymous_24)
FN:305,(anonymous_25)
FN:313,(anonymous_26)
FNF:27
FNH:27
FNDA:7,(anonymous_0)
FNDA:7,(anonymous_1)
FNDA:7,(anonymous_2)
FNDA:18,(anonymous_3)
FNDA:7,(anonymous_4)
FNDA:18,(anonymous_5)
FNDA:18,(anonymous_6)
FNDA:3,(anonymous_7)
FNDA:8,(anonymous_8)
FNDA:8,(anonymous_9)
FNDA:4,(anonymous_10)
FNDA:2,(anonymous_11)
FNDA:2,(anonymous_12)
FNDA:50,(anonymous_13)
FNDA:138,(anonymous_14)
FNDA:83,(anonymous_15)
FNDA:190,(anonymous_16)
FNDA:128,(anonymous_17)
FNDA:18,(anonymous_18)
FNDA:72,(anonymous_19)
FNDA:50,(anonymous_20)
FNDA:28,(anonymous_21)
FNDA:14,(anonymous_22)
FNDA:8,(anonymous_23)
FNDA:40,(anonymous_24)
FNDA:2,(anonymous_25)
FNDA:25,(anonymous_26)
DA:34,7
DA:35,7
DA:36,7
DA:44,7
DA:62,7
DA:63,7
DA:71,18
DA:72,18
DA:79,7
DA:80,7
DA:88,18
DA:89,18
DA:90,1
DA:91,1
DA:92,1
DA:101,18
DA:102,18
DA:103,1
DA:104,1
DA:109,3
DA:112,3
DA:113,3
DA:120,8
DA:121,8
DA:128,8
DA:129,8
DA:130,4
DA:131,4
DA:132,4
DA:133,4
DA:134,4
DA:135,4
DA:136,4
DA:138,4
DA:149,4
DA:158,4
DA:159,2
DA:160,2
DA:161,2
DA:162,2
DA:163,2
DA:164,2
DA:165,2
DA:166,2
DA:168,2
DA:179,2
DA:187,2
DA:188,1
DA:189,1
DA:190,1
DA:198,2
DA:206,50
DA:214,138
DA:222,83
DA:230,190
DA:238,128
DA:246,18
DA:254,72
DA:263,50
DA:272,28
DA:273,28
DA:275,0
DA:285,14
DA:286,14
DA:287,14
DA:296,8
DA:297,40
DA:298,8
DA:306,2
DA:314,25
DA:434,2
LF:71
LH:70
BRDA:89,0,0,1
BRDA:89,0,1,17
BRDA:89,1,0,18
BRDA:89,1,1,1
BRDA:102,2,0,1
BRDA:102,2,1,17
BRDA:102,3,0,18
BRDA:102,3,1,1
BRDA:158,4,0,2
BRDA:158,4,1,2
BRDA:160,5,0,2
BRDA:160,5,1,0
BRDA:163,6,0,2
BRDA:163,6,1,0
BRDA:187,7,0,1
BRDA:187,7,1,1
BRDA:189,8,0,1
BRDA:189,8,1,0
BRDA:189,9,0,1
BRDA:189,9,1,0
BRDA:222,10,0,83
BRDA:222,10,1,4
BRDA:246,11,0,18
BRDA:246,11,1,11
BRDA:254,12,0,72
BRDA:254,12,1,56
BRDA:254,12,2,52
BRDA:263,13,0,50
BRDA:263,13,1,42
BRDA:263,13,2,39
BRDA:287,14,0,0
BRDA:287,14,1,14
BRDA:287,15,0,14
BRDA:287,15,1,2
BRDA:316,16,0,25
BRDA:316,16,1,18
BRDA:321,17,0,18
BRDA:321,17,1,11
BRDA:321,17,2,11
BRDA:330,18,0,18
BRDA:330,18,1,7
BRDA:341,19,0,18
BRDA:341,19,1,11
BRDA:341,19,2,0
BRDA:351,20,0,18
BRDA:351,20,1,4
BRDA:359,21,0,18
BRDA:359,21,1,11
BRDA:359,21,2,0
BRDA:362,22,0,18
BRDA:362,22,1,14
BRDA:362,22,2,3
BRDA:365,23,0,18
BRDA:365,23,1,11
BRDA:365,23,2,11
BRDA:368,24,0,18
BRDA:368,24,1,14
BRDA:384,25,0,1
BRDA:384,25,1,13
BRDA:386,26,0,1
BRDA:386,26,1,13
BRDA:394,27,0,2
BRDA:394,27,1,12
BRDA:394,28,0,0
BRDA:394,28,1,14
BRDA:396,29,0,2
BRDA:396,29,1,12
BRDA:396,30,0,0
BRDA:396,30,1,14
BRDA:396,31,0,2
BRDA:396,31,1,12
BRDA:400,32,0,18
BRDA:400,32,1,7
BRDA:402,33,0,7
BRDA:402,33,1,3
BRDA:407,34,0,7
BRDA:407,34,1,4
BRDA:419,35,0,25
BRDA:419,35,1,18
BRF:79
BRH:70
end_of_record
TN:
SF:src/react-extension/components/Administration/DisplaySubscriptionKey/DisplaySubscriptionKey.test.data.js
FN:8,defaultProps
FN:12,(anonymous_1)
FN:35,formatDate
FNF:3
FNH:3
FNDA:1,defaultProps
FNDA:3,(anonymous_1)
FNDA:8,formatDate
DA:9,1
DA:12,3
DA:36,8
DA:37,8
DA:39,0
DA:43,1
DA:53,1
DA:63,1
DA:73,1
DA:83,1
LF:10
LH:9
BRF:0
BRH:0
end_of_record
TN:
SF:src/react-extension/components/Administration/DisplaySubscriptionKey/DisplaySubscriptionKey.test.page.js
FN:28,(anonymous_0)
FN:36,(anonymous_1)
FN:47,(anonymous_2)
FN:54,(anonymous_3)
FN:61,(anonymous_4)
FN:68,(anonymous_5)
FN:75,(anonymous_6)
FN:82,(anonymous_7)
FN:89,(anonymous_8)
FN:96,(anonymous_9)
FN:103,(anonymous_10)
FN:110,(anonymous_11)
FN:117,(anonymous_12)
FN:124,(anonymous_13)
FN:131,(anonymous_14)
FN:138,(anonymous_15)
FN:145,(anonymous_16)
FN:148,(anonymous_17)
FN:154,(anonymous_18)
FN:157,(anonymous_19)
FNF:20
FNH:20
FNDA:7,(anonymous_0)
FNDA:2,(anonymous_1)
FNDA:1,(anonymous_2)
FNDA:1,(anonymous_3)
FNDA:5,(anonymous_4)
FNDA:4,(anonymous_5)
FNDA:4,(anonymous_6)
FNDA:4,(anonymous_7)
FNDA:4,(anonymous_8)
FNDA:4,(anonymous_9)
FNDA:4,(anonymous_10)
FNDA:4,(anonymous_11)
FNDA:4,(anonymous_12)
FNDA:1,(anonymous_13)
FNDA:1,(anonymous_14)
FNDA:1,(anonymous_15)
FNDA:3,(anonymous_16)
FNDA:3,(anonymous_17)
FNDA:1,(anonymous_18)
FNDA:1,(anonymous_19)
DA:29,7
DA:37,2
DA:48,1
DA:55,1
DA:62,5
DA:69,4
DA:76,4
DA:83,4
DA:90,4
DA:97,4
DA:104,4
DA:111,4
DA:118,4
DA:125,1
DA:132,1
DA:139,1
DA:146,3
DA:147,3
DA:148,3
DA:155,1
DA:156,1
DA:157,1
LF:22
LH:22
BRF:0
BRH:0
end_of_record
TN:
SF:src/react-extension/components/Administration/DisplaySynchronizeUserDirectoryAdministration/DisplaySynchronizeUserDirectoryAdministration.js
FN:28,(anonymous_0)
FN:38,(anonymous_1)
FN:52,(anonymous_2)
FN:63,(anonymous_3)
FN:77,(anonymous_4)
FN:87,(anonymous_5)
FN:95,(anonymous_6)
FN:102,(anonymous_7)
FN:110,(anonymous_8)
FN:118,(anonymous_9)
FN:126,(anonymous_10)
FN:134,(anonymous_11)
FN:135,(anonymous_12)
FN:143,(anonymous_13)
FN:144,(anonymous_14)
FN:152,(anonymous_15)
FN:153,(anonymous_16)
FN:161,(anonymous_17)
FN:162,(anonymous_18)
FN:170,(anonymous_19)
FN:171,(anonymous_20)
FN:179,(anonymous_21)
FN:180,(anonymous_22)
FN:188,(anonymous_23)
FN:196,(anonymous_24)
FN:204,(anonymous_25)
FN:215,(anonymous_26)
FN:222,(anonymous_27)
FN:243,(anonymous_28)
FN:250,(anonymous_29)
FN:271,(anonymous_30)
FN:279,(anonymous_31)
FNF:32
FNH:30
FNDA:2,(anonymous_0)
FNDA:2,(anonymous_1)
FNDA:2,(anonymous_2)
FNDA:2,(anonymous_3)
FNDA:0,(anonymous_4)
FNDA:1,(anonymous_5)
FNDA:2,(anonymous_6)
FNDA:0,(anonymous_7)
FNDA:16,(anonymous_8)
FNDA:30,(anonymous_9)
FNDA:24,(anonymous_10)
FNDA:18,(anonymous_11)
FNDA:216,(anonymous_12)
FNDA:12,(anonymous_13)
FNDA:744,(anonymous_14)
FNDA:9,(anonymous_15)
FNDA:108,(anonymous_16)
FNDA:6,(anonymous_17)
FNDA:372,(anonymous_18)
FNDA:3,(anonymous_19)
FNDA:36,(anonymous_20)
FNDA:6,(anonymous_21)
FNDA:372,(anonymous_22)
FNDA:6,(anonymous_23)
FNDA:3,(anonymous_24)
FNDA:3,(anonymous_25)
FNDA:3,(anonymous_26)
FNDA:30,(anonymous_27)
FNDA:3,(anonymous_28)
FNDA:186,(anonymous_29)
FNDA:35,(anonymous_30)
FNDA:5,(anonymous_31)
DA:29,2
DA:30,2
DA:31,2
DA:39,2
DA:53,2
DA:54,2
DA:55,2
DA:64,2
DA:65,2
DA:66,2
DA:67,2
DA:69,0
DA:79,0
DA:80,0
DA:81,0
DA:88,1
DA:96,2
DA:103,0
DA:111,16
DA:119,30
DA:127,24
DA:135,216
DA:136,18
DA:144,744
DA:145,12
DA:153,108
DA:154,9
DA:162,372
DA:163,6
DA:171,36
DA:172,3
DA:180,372
DA:181,6
DA:189,6
DA:197,3
DA:205,3
DA:206,3
DA:207,3
DA:208,3
DA:216,3
DA:217,3
DA:218,3
DA:221,3
DA:222,30
DA:223,3
DA:224,3
DA:225,3
DA:227,3
DA:228,3
DA:229,3
DA:231,3
DA:232,0
DA:233,0
DA:236,3
DA:244,3
DA:245,3
DA:246,3
DA:249,3
DA:250,186
DA:251,3
DA:252,3
DA:253,3
DA:255,3
DA:256,3
DA:257,3
DA:259,3
DA:260,3
DA:261,3
DA:264,3
DA:272,35
DA:280,5
DA:328,2
LF:72
LH:65
BRDA:189,0,0,6
BRDA:189,0,1,0
BRDA:197,1,0,3
BRDA:197,1,1,0
BRDA:197,1,2,0
BRDA:197,1,3,0
BRDA:217,2,0,3
BRDA:217,2,1,0
BRDA:217,3,0,3
BRDA:217,3,1,0
BRDA:217,3,2,0
BRDA:223,4,0,3
BRDA:223,4,1,0
BRDA:227,5,0,3
BRDA:227,5,1,0
BRDA:231,6,0,0
BRDA:231,6,1,3
BRDA:245,7,0,3
BRDA:245,7,1,0
BRDA:245,8,0,3
BRDA:245,8,1,0
BRDA:245,8,2,0
BRDA:251,9,0,3
BRDA:251,9,1,0
BRDA:255,10,0,3
BRDA:255,10,1,0
BRDA:259,11,0,3
BRDA:259,11,1,0
BRDA:282,12,0,5
BRDA:282,12,1,2
BRDA:285,13,0,5
BRDA:285,13,1,3
BRDA:293,14,0,3
BRDA:293,14,1,3
BRDA:296,15,0,3
BRDA:296,15,1,0
BRDA:299,16,0,3
BRDA:299,16,1,3
BRDA:304,17,0,1
BRDA:304,17,1,2
BRDA:306,18,0,3
BRDA:306,18,1,0
BRDA:307,19,0,3
BRDA:307,19,1,3
BRDA:319,20,0,0
BRDA:319,20,1,3
BRF:46
BRH:27
end_of_record
TN:
SF:src/react-extension/components/Administration/DisplaySynchronizeUserDirectoryAdministration/DisplaySynchronizeUserDirectoryAdministration.test.data.js
FN:7,defaultAppContext
FN:17,defaultProps
FN:20,(anonymous_2)
FNF:3
FNH:3
FNDA:1,defaultAppContext
FNDA:1,defaultProps
FNDA:2,(anonymous_2)
DA:8,1
DA:10,1
DA:18,1
DA:20,2
DA:26,1
LF:5
LH:5
BRDA:10,0,0,1
BRDA:10,0,1,1
BRF:2
BRH:2
end_of_record
TN:
SF:src/react-extension/components/Administration/DisplaySynchronizeUserDirectoryAdministration/DisplaySynchronizeUserDirectoryAdministration.test.page.js
FN:29,(anonymous_0)
FN:43,(anonymous_1)
FN:51,(anonymous_2)
FN:58,(anonymous_3)
FN:71,(anonymous_4)
FN:78,(anonymous_5)
FN:88,(anonymous_6)
FN:95,(anonymous_7)
FN:102,(anonymous_8)
FN:109,(anonymous_9)
FN:116,(anonymous_10)
FN:123,(anonymous_11)
FN:130,(anonymous_12)
FN:137,(anonymous_13)
FN:144,(anonymous_14)
FN:151,(anonymous_15)
FN:158,(anonymous_16)
FN:163,(anonymous_17)
FN:166,(anonymous_18)
FNF:19
FNH:18
FNDA:2,(anonymous_0)
FNDA:2,(anonymous_1)
FNDA:2,(anonymous_2)
FNDA:11,(anonymous_3)
FNDA:2,(anonymous_4)
FNDA:2,(anonymous_5)
FNDA:2,(anonymous_6)
FNDA:1,(anonymous_7)
FNDA:1,(anonymous_8)
FNDA:1,(anonymous_9)
FNDA:1,(anonymous_10)
FNDA:1,(anonymous_11)
FNDA:1,(anonymous_12)
FNDA:1,(anonymous_13)
FNDA:1,(anonymous_14)
FNDA:0,(anonymous_15)
FNDA:1,(anonymous_16)
FNDA:3,(anonymous_17)
FNDA:3,(anonymous_18)
DA:30,2
DA:37,2
DA:44,2
DA:45,2
DA:52,2
DA:59,11
DA:72,2
DA:79,2
DA:89,2
DA:96,1
DA:103,1
DA:110,1
DA:117,1
DA:124,1
DA:131,1
DA:138,1
DA:145,1
DA:152,0
DA:159,1
DA:164,3
DA:165,3
DA:166,3
LF:22
LH:21
BRF:0
BRH:0
end_of_record
TN:
SF:src/react-extension/components/Administration/DisplayTestUserDirectoryAdministration/DisplayStructureGroupsUsersTreeItem.js
FN:23,(anonymous_0)
FN:31,(anonymous_1)
FN:35,(anonymous_2)
FN:43,(anonymous_3)
FN:50,(anonymous_4)
FN:61,(anonymous_5)
FNF:6
FNH:5
FNDA:0,(anonymous_0)
FNDA:63,(anonymous_1)
FNDA:2709,(anonymous_2)
FNDA:448,(anonymous_3)
FNDA:147,(anonymous_4)
FNDA:112,(anonymous_5)
DA:24,0
DA:32,63
DA:36,2709
DA:44,448
DA:51,147
DA:61,112
DA:83,2
DA:85,2
LF:8
LH:7
BRDA:46,0,0,448
BRDA:46,0,1,420
BRDA:52,1,0,147
BRDA:52,1,1,105
BRDA:55,2,0,147
BRDA:55,2,1,42
BRDA:68,3,0,448
BRDA:68,3,1,28
BRDA:70,4,0,28
BRDA:70,4,1,7
BRDA:73,5,0,28
BRDA:73,5,1,21
BRF:12
BRH:12
end_of_record
TN:
SF:src/react-extension/components/Administration/DisplayTestUserDirectoryAdministration/DisplayTestUserDirectoryAdministration.js
FN:27,(anonymous_0)
FN:37,(anonymous_1)
FN:52,(anonymous_2)
FN:64,(anonymous_3)
FN:71,(anonymous_4)
FN:78,(anonymous_5)
FN:85,(anonymous_6)
FN:93,(anonymous_7)
FN:102,(anonymous_8)
FN:110,(anonymous_9)
FN:118,(anonymous_10)
FN:126,(anonymous_11)
FN:134,(anonymous_12)
FN:142,(anonymous_13)
FN:150,(anonymous_14)
FN:158,(anonymous_15)
FN:188,(anonymous_16)
FN:197,(anonymous_17)
FN:220,(anonymous_18)
FNF:19
FNH:19
FNDA:2,(anonymous_0)
FNDA:2,(anonymous_1)
FNDA:2,(anonymous_2)
FNDA:2,(anonymous_3)
FNDA:1,(anonymous_4)
FNDA:1,(anonymous_5)
FNDA:1,(anonymous_6)
FNDA:1,(anonymous_7)
FNDA:14,(anonymous_8)
FNDA:35,(anonymous_9)
FNDA:14,(anonymous_10)
FNDA:14,(anonymous_11)
FNDA:7,(anonymous_12)
FNDA:21,(anonymous_13)
FNDA:28,(anonymous_14)
FNDA:7,(anonymous_15)
FNDA:406,(anonymous_16)
FNDA:84,(anonymous_17)
FNDA:336,(anonymous_18)
DA:28,2
DA:29,2
DA:30,2
DA:38,2
DA:53,2
DA:54,2
DA:55,2
DA:56,2
DA:65,2
DA:72,1
DA:79,1
DA:86,1
DA:94,1
DA:95,1
DA:103,14
DA:111,35
DA:119,14
DA:127,14
DA:135,7
DA:143,21
DA:151,28
DA:159,7
DA:189,406
DA:198,84
DA:220,336
DA:256,2
DA:258,2
LF:27
LH:27
BRDA:173,0,0,3
BRDA:173,0,1,4
BRDA:175,1,0,7
BRDA:175,1,1,3
BRDA:176,2,0,7
BRDA:176,2,1,4
BRDA:189,3,0,406
BRDA:189,3,1,0
BRDA:189,3,2,406
BRDA:198,4,0,84
BRDA:198,4,1,49
BRDA:198,4,2,35
BRDA:209,5,0,2
BRDA:209,5,1,5
BRDA:211,6,0,7
BRDA:211,6,1,2
BRDA:212,7,0,7
BRDA:212,7,1,5
BRDA:229,8,0,7
BRDA:229,8,1,7
BRDA:232,9,0,1
BRDA:232,9,1,6
BRDA:234,10,0,7
BRDA:234,10,1,1
BRDA:235,11,0,7
BRDA:235,11,1,6
BRDA:249,12,0,2
BRDA:249,12,1,5
BRF:28
BRH:27
end_of_record
TN:
SF:src/react-extension/components/Administration/DisplayTestUserDirectoryAdministration/DisplayTestUserDirectoryAdministration.test.data.js
FN:7,defaultAppContext
FN:9,(anonymous_1)
FN:21,defaultProps
FNF:3
FNH:3
FNDA:1,defaultAppContext
FNDA:3,(anonymous_1)
FNDA:1,defaultProps
DA:8,1
DA:11,3
DA:14,1
DA:22,1
DA:27,1
LF:5
LH:5
BRDA:14,0,0,1
BRDA:14,0,1,1
BRF:2
BRH:2
end_of_record
TN:
SF:src/react-extension/components/Administration/DisplayTestUserDirectoryAdministration/DisplayTestUserDirectoryAdministration.test.page.js
FN:29,(anonymous_0)
FN:43,(anonymous_1)
FN:51,(anonymous_2)
FN:58,(anonymous_3)
FN:71,(anonymous_4)
FN:78,(anonymous_5)
FN:88,(anonymous_6)
FN:95,(anonymous_7)
FN:102,(anonymous_8)
FN:109,(anonymous_9)
FN:116,(anonymous_10)
FN:123,(anonymous_11)
FN:130,(anonymous_12)
FN:137,(anonymous_13)
FN:144,(anonymous_14)
FN:151,(anonymous_15)
FN:158,(anonymous_16)
FN:165,(anonymous_17)
FN:172,(anonymous_18)
FN:179,(anonymous_19)
FN:186,(anonymous_20)
FN:193,(anonymous_21)
FN:198,(anonymous_22)
FN:201,(anonymous_23)
FNF:24
FNH:22
FNDA:2,(anonymous_0)
FNDA:2,(anonymous_1)
FNDA:1,(anonymous_2)
FNDA:17,(anonymous_3)
FNDA:2,(anonymous_4)
FNDA:1,(anonymous_5)
FNDA:2,(anonymous_6)
FNDA:0,(anonymous_7)
FNDA:0,(anonymous_8)
FNDA:2,(anonymous_9)
FNDA:1,(anonymous_10)
FNDA:1,(anonymous_11)
FNDA:1,(anonymous_12)
FNDA:1,(anonymous_13)
FNDA:1,(anonymous_14)
FNDA:1,(anonymous_15)
FNDA:1,(anonymous_16)
FNDA:1,(anonymous_17)
FNDA:1,(anonymous_18)
FNDA:1,(anonymous_19)
FNDA:1,(anonymous_20)
FNDA:2,(anonymous_21)
FNDA:4,(anonymous_22)
FNDA:4,(anonymous_23)
DA:30,2
DA:37,2
DA:44,2
DA:45,2
DA:52,1
DA:59,17
DA:72,2
DA:79,1
DA:89,2
DA:96,0
DA:103,0
DA:110,2
DA:117,1
DA:124,1
DA:131,1
DA:138,1
DA:145,1
DA:152,1
DA:159,1
DA:166,1
DA:173,1
DA:180,1
DA:187,1
DA:194,2
DA:199,4
DA:200,4
DA:201,4
LF:27
LH:25
BRF:0
BRH:0
end_of_record
TN:
SF:src/react-extension/components/Administration/DisplayUserDirectoryAdministration/DisplayUserDirectoryAdministration.js
FN:34,(anonymous_0)
FN:45,(anonymous_1)
FN:101,(anonymous_2)
FN:106,(anonymous_3)
FN:114,(anonymous_4)
FN:122,(anonymous_5)
FN:145,(anonymous_6)
FN:155,(anonymous_7)
FN:166,(anonymous_8)
FN:183,(anonymous_9)
FN:191,(anonymous_10)
FN:204,(anonymous_11)
FN:275,(anonymous_12)
FN:287,(anonymous_13)
FN:288,(anonymous_14)
FN:289,(anonymous_15)
FN:296,(anonymous_16)
FN:303,(anonymous_17)
FN:310,(anonymous_18)
FN:317,(anonymous_19)
FN:326,(anonymous_20)
FN:335,(anonymous_21)
FN:344,(anonymous_22)
FN:354,(anonymous_23)
FN:364,(anonymous_24)
FN:376,(anonymous_25)
FN:388,(anonymous_26)
FN:399,(anonymous_27)
FN:410,(anonymous_28)
FN:420,(anonymous_29)
FN:430,(anonymous_30)
FN:438,(anonymous_31)
FN:445,(anonymous_32)
FN:452,(anonymous_33)
FN:459,(anonymous_34)
FN:467,(anonymous_35)
FN:480,(anonymous_36)
FN:493,(anonymous_37)
FN:508,(anonymous_38)
FN:521,(anonymous_39)
FN:530,(anonymous_40)
FN:554,(anonymous_41)
FN:627,(anonymous_42)
FN:642,(anonymous_43)
FN:654,(anonymous_44)
FN:662,(anonymous_45)
FN:678,(anonymous_46)
FN:686,(anonymous_47)
FN:694,(anonymous_48)
FN:696,(anonymous_49)
FN:708,(anonymous_50)
FN:710,(anonymous_51)
FN:725,(anonymous_52)
FN:729,(anonymous_53)
FN:730,(anonymous_54)
FN:731,(anonymous_55)
FN:733,(anonymous_56)
FN:734,(anonymous_57)
FN:735,(anonymous_58)
FN:736,(anonymous_59)
FN:736,(anonymous_60)
FN:746,(anonymous_61)
FN:753,(anonymous_62)
FN:755,(anonymous_63)
FN:764,(anonymous_64)
FN:775,(anonymous_65)
FN:777,(anonymous_66)
FN:787,(anonymous_67)
FN:795,(anonymous_68)
FN:1044,(anonymous_69)
FN:1087,(anonymous_70)
FNF:71
FNH:50
FNDA:8,(anonymous_0)
FNDA:9,(anonymous_1)
FNDA:8,(anonymous_2)
FNDA:8,(anonymous_3)
FNDA:66,(anonymous_4)
FNDA:8,(anonymous_5)
FNDA:8,(anonymous_6)
FNDA:66,(anonymous_7)
FNDA:8,(anonymous_8)
FNDA:0,(anonymous_9)
FNDA:66,(anonymous_10)
FNDA:8,(anonymous_11)
FNDA:0,(anonymous_12)
FNDA:8,(anonymous_13)
FNDA:72,(anonymous_14)
FNDA:36,(anonymous_15)
FNDA:0,(anonymous_16)
FNDA:4,(anonymous_17)
FNDA:1,(anonymous_18)
FNDA:0,(anonymous_19)
FNDA:0,(anonymous_20)
FNDA:0,(anonymous_21)
FNDA:0,(anonymous_22)
FNDA:0,(anonymous_23)
FNDA:0,(anonymous_24)
FNDA:6,(anonymous_25)
FNDA:0,(anonymous_26)
FNDA:0,(anonymous_27)
FNDA:0,(anonymous_28)
FNDA:6,(anonymous_29)
FNDA:1256,(anonymous_30)
FNDA:148,(anonymous_31)
FNDA:56,(anonymous_32)
FNDA:56,(anonymous_33)
FNDA:2,(anonymous_34)
FNDA:6,(anonymous_35)
FNDA:6,(anonymous_36)
FNDA:6,(anonymous_37)
FNDA:6,(anonymous_38)
FNDA:6,(anonymous_39)
FNDA:9,(anonymous_40)
FNDA:4,(anonymous_41)
FNDA:4,(anonymous_42)
FNDA:1,(anonymous_43)
FNDA:3,(anonymous_44)
FNDA:1,(anonymous_45)
FNDA:1,(anonymous_46)
FNDA:7,(anonymous_47)
FNDA:74,(anonymous_48)
FNDA:315,(anonymous_49)
FNDA:74,(anonymous_50)
FNDA:315,(anonymous_51)
FNDA:0,(anonymous_52)
FNDA:0,(anonymous_53)
FNDA:0,(anonymous_54)
FNDA:0,(anonymous_55)
FNDA:0,(anonymous_56)
FNDA:0,(anonymous_57)
FNDA:0,(anonymous_58)
FNDA:0,(anonymous_59)
FNDA:0,(anonymous_60)
FNDA:448,(anonymous_61)
FNDA:56,(anonymous_62)
FNDA:112,(anonymous_63)
FNDA:56,(anonymous_64)
FNDA:56,(anonymous_65)
FNDA:112,(anonymous_66)
FNDA:456,(anonymous_67)
FNDA:74,(anonymous_68)
FNDA:56,(anonymous_69)
FNDA:280,(anonymous_70)
DA:35,8
DA:36,8
DA:37,8
DA:38,8
DA:46,9
DA:102,8
DA:103,8
DA:107,8
DA:115,66
DA:116,66
DA:123,8
DA:125,8
DA:126,8
DA:127,8
DA:128,8
DA:129,8
DA:130,8
DA:132,8
DA:133,8
DA:134,8
DA:135,8
DA:136,8
DA:137,8
DA:138,8
DA:139,8
DA:146,8
DA:147,8
DA:148,8
DA:156,66
DA:157,66
DA:158,9
DA:168,8
DA:169,8
DA:171,8
DA:172,8
DA:174,8
DA:175,8
DA:184,0
DA:192,66
DA:193,66
DA:194,66
DA:196,9
DA:197,9
DA:206,8
DA:207,8
DA:209,8
DA:210,8
DA:211,8
DA:212,8
DA:214,8
DA:215,8
DA:216,8
DA:217,8
DA:218,8
DA:219,8
DA:220,8
DA:221,8
DA:222,8
DA:223,8
DA:224,8
DA:225,8
DA:226,8
DA:227,8
DA:228,8
DA:229,8
DA:230,8
DA:231,8
DA:232,8
DA:233,8
DA:234,8
DA:235,8
DA:236,8
DA:237,8
DA:238,8
DA:239,8
DA:240,8
DA:242,8
DA:272,8
DA:273,8
DA:275,0
DA:276,0
DA:277,0
DA:278,0
DA:288,72
DA:289,36
DA:290,8
DA:297,0
DA:304,4
DA:311,1
DA:318,0
DA:319,0
DA:327,0
DA:328,0
DA:336,0
DA:337,0
DA:345,0
DA:346,0
DA:347,0
DA:355,0
DA:356,0
DA:357,0
DA:365,0
DA:366,0
DA:367,0
DA:377,6
DA:378,6
DA:379,6
DA:380,6
DA:381,6
DA:389,0
DA:390,0
DA:391,0
DA:392,0
DA:400,0
DA:401,0
DA:402,0
DA:403,0
DA:411,0
DA:412,0
DA:413,0
DA:414,0
DA:421,6
DA:422,6
DA:431,1256
DA:439,148
DA:446,56
DA:453,56
DA:460,2
DA:469,6
DA:481,6
DA:482,6
DA:483,6
DA:484,1
DA:486,6
DA:494,6
DA:495,6
DA:496,6
DA:497,1
DA:498,5
DA:499,0
DA:501,6
DA:509,6
DA:510,6
DA:511,6
DA:512,1
DA:514,6
DA:522,6
DA:531,9
DA:533,9
DA:534,6
DA:535,6
DA:536,6
DA:537,1
DA:538,1
DA:540,5
DA:541,5
DA:542,4
DA:543,3
DA:544,1
DA:545,1
DA:547,4
DA:549,1
DA:555,4
DA:556,4
DA:557,4
DA:558,4
DA:559,4
DA:560,4
DA:561,4
DA:562,4
DA:563,4
DA:564,4
DA:565,4
DA:566,4
DA:567,4
DA:568,4
DA:569,4
DA:570,4
DA:571,4
DA:572,4
DA:573,4
DA:574,4
DA:575,4
DA:577,4
DA:578,4
DA:579,4
DA:580,4
DA:581,4
DA:582,4
DA:583,0
DA:584,0
DA:585,0
DA:587,0
DA:588,0
DA:589,0
DA:593,4
DA:628,4
DA:629,3
DA:630,2
DA:632,1
DA:633,1
DA:634,1
DA:635,1
DA:643,1
DA:644,1
DA:647,1
DA:648,1
DA:655,3
DA:664,1
DA:665,0
DA:668,1
DA:669,1
DA:670,1
DA:679,1
DA:687,7
DA:688,7
DA:695,74
DA:696,315
DA:697,63
DA:698,0
DA:700,63
DA:702,11
DA:709,74
DA:710,315
DA:711,63
DA:712,0
DA:714,63
DA:716,11
DA:726,0
DA:729,0
DA:730,0
DA:731,0
DA:733,0
DA:734,0
DA:735,0
DA:736,0
DA:738,0
DA:747,448
DA:754,56
DA:755,112
DA:756,56
DA:758,0
DA:765,56
DA:776,56
DA:777,112
DA:778,56
DA:780,0
DA:788,456
DA:796,74
DA:797,74
DA:799,74
DA:1045,56
DA:1088,280
DA:1198,1
LF:254
LH:200
BRDA:157,0,0,9
BRDA:157,0,1,57
BRDA:168,1,0,8
BRDA:168,1,1,0
BRDA:168,2,0,8
BRDA:168,2,1,8
BRDA:171,3,0,8
BRDA:171,3,1,0
BRDA:171,4,0,8
BRDA:171,4,1,8
BRDA:174,5,0,8
BRDA:174,5,1,0
BRDA:174,6,0,8
BRDA:174,6,1,8
BRDA:194,7,0,9
BRDA:194,7,1,57
BRDA:194,8,0,66
BRDA:194,8,1,8
BRDA:194,8,2,58
BRDA:194,8,3,1
BRDA:214,9,0,8
BRDA:214,9,1,0
BRDA:318,10,0,0
BRDA:318,10,1,0
BRDA:327,11,0,0
BRDA:327,11,1,0
BRDA:336,12,0,0
BRDA:336,12,1,0
BRDA:345,13,0,0
BRDA:345,13,1,0
BRDA:355,14,0,0
BRDA:355,14,1,0
BRDA:365,15,0,0
BRDA:365,15,1,0
BRDA:378,16,0,2
BRDA:378,16,1,4
BRDA:421,17,0,6
BRDA:421,17,1,0
BRDA:431,18,0,1256
BRDA:431,18,1,812
BRDA:483,19,0,1
BRDA:483,19,1,5
BRDA:496,20,0,1
BRDA:496,20,1,5
BRDA:498,21,0,0
BRDA:498,21,1,5
BRDA:511,22,0,1
BRDA:511,22,1,5
BRDA:522,23,0,6
BRDA:522,23,1,5
BRDA:522,23,2,5
BRDA:533,24,0,6
BRDA:533,24,1,3
BRDA:536,25,0,1
BRDA:536,25,1,5
BRDA:541,26,0,4
BRDA:541,26,1,1
BRDA:544,27,0,1
BRDA:544,27,1,0
BRDA:582,28,0,0
BRDA:582,28,1,4
BRDA:587,29,0,0
BRDA:587,29,1,0
BRDA:628,30,0,3
BRDA:628,30,1,1
BRDA:664,31,0,0
BRDA:664,31,1,1
BRDA:695,32,0,63
BRDA:695,32,1,11
BRDA:696,33,0,315
BRDA:696,33,1,315
BRDA:697,34,0,0
BRDA:697,34,1,63
BRDA:709,35,0,63
BRDA:709,35,1,11
BRDA:711,36,0,0
BRDA:711,36,1,63
BRDA:726,37,0,0
BRDA:726,37,1,0
BRDA:726,37,2,0
BRDA:734,38,0,0
BRDA:734,38,1,0
BRDA:735,39,0,0
BRDA:735,39,1,0
BRDA:754,40,0,56
BRDA:754,40,1,0
BRDA:754,41,0,56
BRDA:754,41,1,56
BRDA:776,42,0,56
BRDA:776,42,1,0
BRDA:776,43,0,56
BRDA:776,43,1,56
BRDA:811,44,0,74
BRDA:811,44,1,18
BRDA:816,45,0,74
BRDA:816,45,1,56
BRDA:822,46,0,56
BRDA:822,46,1,0
BRDA:825,47,0,56
BRDA:825,47,1,56
BRDA:826,48,0,56
BRDA:826,48,1,0
BRDA:852,49,0,20
BRDA:852,49,1,36
BRDA:852,50,0,0
BRDA:852,50,1,56
BRDA:856,51,0,56
BRDA:856,51,1,56
BRDA:859,52,0,56
BRDA:859,52,1,0
BRDA:876,53,0,56
BRDA:876,53,1,4
BRDA:885,54,0,56
BRDA:885,54,1,3
BRDA:909,55,0,56
BRDA:909,55,1,2
BRDA:925,56,0,28
BRDA:925,56,1,28
BRDA:928,57,0,56
BRDA:928,57,1,28
BRDA:929,58,0,56
BRDA:929,58,1,28
BRDA:950,59,0,56
BRDA:950,59,1,2
BRDA:984,60,0,2
BRDA:984,60,1,1
BRDA:1011,61,0,3
BRDA:1011,61,1,53
BRDA:1014,62,0,56
BRDA:1014,62,1,3
BRDA:1015,63,0,56
BRDA:1015,63,1,53
BRDA:1024,64,0,20
BRDA:1024,64,1,36
BRDA:1024,65,0,0
BRDA:1024,65,1,56
BRDA:1028,66,0,56
BRDA:1028,66,1,56
BRDA:1031,67,0,56
BRDA:1031,67,1,0
BRDA:1043,68,0,56
BRDA:1043,68,1,56
BRDA:1050,69,0,56
BRDA:1050,69,1,0
BRDA:1067,70,0,20
BRDA:1067,70,1,36
BRDA:1067,71,0,0
BRDA:1067,71,1,56
BRDA:1071,72,0,56
BRDA:1071,72,1,56
BRDA:1074,73,0,56
BRDA:1074,73,1,0
BRDA:1086,74,0,56
BRDA:1086,74,1,56
BRDA:1093,75,0,56
BRDA:1093,75,1,0
BRDA:1124,76,0,56
BRDA:1124,76,1,54
BRF:158
BRH:114
end_of_record
TN:
SF:src/react-extension/components/Administration/DisplayUserDirectoryAdministration/DisplayUserDirectoryAdministration.test.data.js
FN:7,defaultAppContext
FN:9,(anonymous_1)
FN:21,defaultProps
FN:35,(anonymous_3)
FN:36,(anonymous_4)
FN:37,(anonymous_5)
FNF:6
FNH:5
FNDA:2,defaultAppContext
FNDA:1,(anonymous_1)
FNDA:1,defaultProps
FNDA:8,(anonymous_3)
FNDA:8,(anonymous_4)
FNDA:0,(anonymous_5)
DA:8,2
DA:11,1
DA:14,2
DA:22,1
DA:35,8
DA:36,8
DA:37,0
DA:45,1
DA:74,1
DA:106,1
LF:10
LH:9
BRDA:14,0,0,2
BRDA:14,0,1,2
BRF:2
BRH:2
end_of_record
TN:
SF:src/react-extension/components/Administration/DisplayUserDirectoryAdministration/DisplayUserDirectoryAdministration.test.page.js
FN:29,(anonymous_0)
FN:39,(anonymous_1)
FN:52,(anonymous_2)
FN:59,(anonymous_3)
FN:66,(anonymous_4)
FN:73,(anonymous_5)
FN:80,(anonymous_6)
FN:87,(anonymous_7)
FN:94,(anonymous_8)
FN:101,(anonymous_9)
FN:108,(anonymous_10)
FN:115,(anonymous_11)
FN:122,(anonymous_12)
FN:129,(anonymous_13)
FN:136,(anonymous_14)
FN:143,(anonymous_15)
FN:150,(anonymous_16)
FN:157,(anonymous_17)
FN:164,(anonymous_18)
FN:171,(anonymous_19)
FN:178,(anonymous_20)
FN:185,(anonymous_21)
FN:192,(anonymous_22)
FN:199,(anonymous_23)
FN:206,(anonymous_24)
FN:213,(anonymous_25)
FN:220,(anonymous_26)
FN:227,(anonymous_27)
FN:234,(anonymous_28)
FN:241,(anonymous_29)
FN:248,(anonymous_30)
FN:255,(anonymous_31)
FN:262,(anonymous_32)
FN:269,(anonymous_33)
FN:276,(anonymous_34)
FN:283,(anonymous_35)
FN:290,(anonymous_36)
FN:297,(anonymous_37)
FN:302,(anonymous_38)
FN:305,(anonymous_39)
FN:310,(anonymous_40)
FN:316,(anonymous_41)
FN:321,(anonymous_42)
FN:326,(anonymous_43)
FNF:44
FNH:43
FNDA:8,(anonymous_0)
FNDA:6,(anonymous_1)
FNDA:1,(anonymous_2)
FNDA:0,(anonymous_3)
FNDA:4,(anonymous_4)
FNDA:1,(anonymous_5)
FNDA:8,(anonymous_6)
FNDA:4,(anonymous_7)
FNDA:1,(anonymous_8)
FNDA:1,(anonymous_9)
FNDA:3,(anonymous_10)
FNDA:5,(anonymous_11)
FNDA:5,(anonymous_12)
FNDA:4,(anonymous_13)
FNDA:4,(anonymous_14)
FNDA:5,(anonymous_15)
FNDA:4,(anonymous_16)
FNDA:1,(anonymous_17)
FNDA:1,(anonymous_18)
FNDA:2,(anonymous_19)
FNDA:2,(anonymous_20)
FNDA:4,(anonymous_21)
FNDA:1,(anonymous_22)
FNDA:1,(anonymous_23)
FNDA:1,(anonymous_24)
FNDA:1,(anonymous_25)
FNDA:1,(anonymous_26)
FNDA:1,(anonymous_27)
FNDA:2,(anonymous_28)
FNDA:1,(anonymous_29)
FNDA:1,(anonymous_30)
FNDA:1,(anonymous_31)
FNDA:1,(anonymous_32)
FNDA:1,(anonymous_33)
FNDA:1,(anonymous_34)
FNDA:1,(anonymous_35)
FNDA:1,(anonymous_36)
FNDA:1,(anonymous_37)
FNDA:8,(anonymous_38)
FNDA:8,(anonymous_39)
FNDA:3,(anonymous_40)
FNDA:1,(anonymous_41)
FNDA:1,(anonymous_42)
FNDA:1,(anonymous_43)
DA:30,8
DA:40,6
DA:53,1
DA:60,0
DA:67,4
DA:74,1
DA:81,8
DA:88,4
DA:95,1
DA:102,1
DA:109,3
DA:116,5
DA:123,5
DA:130,4
DA:137,4
DA:144,5
DA:151,4
DA:158,1
DA:165,1
DA:172,2
DA:179,2
DA:186,4
DA:193,1
DA:200,1
DA:207,1
DA:214,1
DA:221,1
DA:228,1
DA:235,2
DA:242,1
DA:249,1
DA:256,1
DA:263,1
DA:270,1
DA:277,1
DA:284,1
DA:291,1
DA:298,1
DA:303,8
DA:304,8
DA:305,8
DA:311,3
DA:312,3
DA:317,1
DA:322,1
DA:327,1
LF:46
LH:45
BRF:0
BRH:0
end_of_record
TN:
SF:src/react-extension/components/Administration/EditSubscriptionKey/EditSubscriptionKey.js
FN:30,(anonymous_0)
FN:37,(anonymous_1)
FN:46,(anonymous_2)
FN:57,(anonymous_3)
FN:65,(anonymous_4)
FN:74,(anonymous_5)
FN:86,(anonymous_6)
FN:98,(anonymous_7)
FN:108,(anonymous_8)
FN:117,(anonymous_9)
FN:130,(anonymous_10)
FN:132,(anonymous_11)
FN:133,(anonymous_12)
FN:148,(anonymous_13)
FN:155,(anonymous_14)
FN:186,(anonymous_15)
FN:193,(anonymous_16)
FN:204,(anonymous_17)
FN:222,(anonymous_18)
FN:232,(anonymous_19)
FN:239,(anonymous_20)
FN:248,(anonymous_21)
FN:263,(anonymous_22)
FN:271,(anonymous_23)
FN:279,(anonymous_24)
FN:283,(anonymous_25)
FNF:26
FNH:19
FNDA:6,(anonymous_0)
FNDA:6,(anonymous_1)
FNDA:6,(anonymous_2)
FNDA:6,(anonymous_3)
FNDA:6,(anonymous_4)
FNDA:5,(anonymous_5)
FNDA:6,(anonymous_6)
FNDA:0,(anonymous_7)
FNDA:0,(anonymous_8)
FNDA:0,(anonymous_9)
FNDA:0,(anonymous_10)
FNDA:0,(anonymous_11)
FNDA:0,(anonymous_12)
FNDA:0,(anonymous_13)
FNDA:5,(anonymous_14)
FNDA:1,(anonymous_15)
FNDA:2,(anonymous_16)
FNDA:4,(anonymous_17)
FNDA:5,(anonymous_18)
FNDA:5,(anonymous_19)
FNDA:5,(anonymous_20)
FNDA:5,(anonymous_21)
FNDA:10,(anonymous_22)
FNDA:176,(anonymous_23)
FNDA:94,(anonymous_24)
FNDA:44,(anonymous_25)
DA:31,6
DA:32,6
DA:33,6
DA:34,6
DA:38,6
DA:47,6
DA:48,6
DA:49,6
DA:50,6
DA:51,6
DA:58,6
DA:59,6
DA:66,6
DA:75,5
DA:77,5
DA:78,5
DA:87,6
DA:88,6
DA:89,6
DA:90,6
DA:99,0
DA:100,0
DA:101,0
DA:109,0
DA:110,0
DA:118,0
DA:119,0
DA:120,0
DA:121,0
DA:122,0
DA:131,0
DA:132,0
DA:133,0
DA:134,0
DA:135,0
DA:137,0
DA:140,0
DA:149,0
DA:156,5
DA:157,0
DA:160,5
DA:161,5
DA:163,5
DA:164,1
DA:165,1
DA:166,1
DA:169,4
DA:173,4
DA:174,4
DA:175,2
DA:177,4
DA:178,4
DA:179,4
DA:187,1
DA:194,2
DA:195,2
DA:196,0
DA:197,0
DA:205,4
DA:206,1
DA:209,3
DA:210,3
DA:214,3
DA:215,3
DA:223,5
DA:224,2
DA:233,5
DA:234,5
DA:235,5
DA:236,1
DA:239,5
DA:240,5
DA:250,5
DA:255,5
DA:257,5
DA:264,10
DA:272,176
DA:280,94
DA:284,44
DA:322,3
LF:80
LH:59
BRDA:66,0,0,6
BRDA:66,0,1,0
BRDA:77,1,0,5
BRDA:77,1,1,0
BRDA:99,2,0,0
BRDA:99,2,1,0
BRDA:121,3,0,0
BRDA:121,3,1,0
BRDA:156,4,0,0
BRDA:156,4,1,5
BRDA:163,5,0,1
BRDA:163,5,1,4
BRDA:205,6,0,1
BRDA:205,6,1,3
BRDA:223,7,0,2
BRDA:223,7,1,3
BRDA:235,8,0,1
BRDA:235,8,1,4
BRDA:292,9,0,3
BRDA:292,9,1,41
BRDA:306,10,0,44
BRDA:306,10,1,3
BRF:22
BRH:15
end_of_record
TN:
SF:src/react-extension/components/Administration/EditSubscriptionKey/EditSubscriptionKey.test.data.js
FN:7,defaultProps
FNF:1
FNH:1
FNDA:1,defaultProps
DA:8,1
LF:1
LH:1
BRF:0
BRH:0
end_of_record
TN:
SF:src/react-extension/components/Administration/EditSubscriptionKey/EditSubscriptionKey.test.page.js
FN:14,(anonymous_0)
FN:25,(anonymous_1)
FN:32,(anonymous_2)
FN:39,(anonymous_3)
FN:46,(anonymous_4)
FN:54,(anonymous_5)
FN:61,(anonymous_6)
FN:68,(anonymous_7)
FN:72,(anonymous_8)
FN:76,(anonymous_9)
FN:83,(anonymous_10)
FN:91,(anonymous_11)
FN:93,(anonymous_12)
FN:100,(anonymous_13)
FN:100,(anonymous_14)
FNF:15
FNH:12
FNDA:6,(anonymous_0)
FNDA:10,(anonymous_1)
FNDA:1,(anonymous_2)
FNDA:2,(anonymous_3)
FNDA:2,(anonymous_4)
FNDA:5,(anonymous_5)
FNDA:3,(anonymous_6)
FNDA:0,(anonymous_7)
FNDA:0,(anonymous_8)
FNDA:0,(anonymous_9)
FNDA:3,(anonymous_10)
FNDA:6,(anonymous_11)
FNDA:6,(anonymous_12)
FNDA:5,(anonymous_13)
FNDA:3,(anonymous_14)
DA:15,6
DA:26,10
DA:33,1
DA:40,2
DA:47,2
DA:55,5
DA:62,3
DA:69,0
DA:73,0
DA:77,0
DA:84,3
DA:92,6
DA:93,6
DA:101,5
DA:102,5
DA:103,5
LF:16
LH:13
BRDA:100,0,0,3
BRF:1
BRH:1
end_of_record
TN:
SF:src/react-extension/components/Announcement/AnnouncementWrapper/AnnouncementWrapper.js
FN:23,(anonymous_0)
FN:32,(anonymous_1)
FN:39,(anonymous_2)
FN:47,(anonymous_3)
FNF:4
FNH:0
FNDA:0,(anonymous_0)
FNDA:0,(anonymous_1)
FNDA:0,(anonymous_2)
FNDA:0,(anonymous_3)
DA:24,0
DA:25,0
DA:33,0
DA:40,0
DA:48,0
DA:64,1
LF:6
LH:1
BRDA:51,0,0,0
BRDA:51,0,1,0
BRF:2
BRH:0
end_of_record
TN:
SF:src/react-extension/components/Announcement/HandleSubscriptionAnnouncement/DisplayExpiredSubscriptionAnnouncement.js
FN:30,(anonymous_0)
FNF:1
FNH:0
FNDA:0,(anonymous_0)
DA:31,0
DA:45,1
LF:2
LH:1
BRF:0
BRH:0
end_of_record
TN:
SF:src/react-extension/components/Announcement/HandleSubscriptionAnnouncement/DisplayGoingToExpireSubscriptionAnnouncement.js
FN:33,(anonymous_0)
FN:43,(anonymous_1)
FNF:2
FNH:0
FNDA:0,(anonymous_0)
FNDA:0,(anonymous_1)
DA:34,0
DA:35,0
DA:36,0
DA:44,0
DA:58,1
LF:5
LH:1
BRDA:36,0,0,0
BRDA:36,0,1,0
BRDA:36,1,0,0
BRDA:36,1,1,0
BRF:4
BRH:0
end_of_record
TN:
SF:src/react-extension/components/Announcement/HandleSubscriptionAnnouncement/DisplayInvalidSubscriptionAnnouncement.js
FN:30,(anonymous_0)
FNF:1
FNH:0
FNDA:0,(anonymous_0)
DA:31,0
DA:45,1
LF:2
LH:1
BRF:0
BRH:0
end_of_record
TN:
SF:src/react-extension/components/Announcement/HandleSubscriptionAnnouncement/HandleSubscriptionAnnouncement.js
FN:30,(anonymous_0)
FN:38,(anonymous_1)
FN:45,(anonymous_2)
FN:52,(anonymous_3)
FN:61,(anonymous_4)
FN:72,(anonymous_5)
FN:91,(anonymous_6)
FN:97,(anonymous_7)
FN:98,(anonymous_8)
FN:109,(anonymous_9)
FN:117,(anonymous_10)
FNF:11
FNH:7
FNDA:3,(anonymous_0)
FNDA:3,(anonymous_1)
FNDA:3,(anonymous_2)
FNDA:0,(anonymous_3)
FNDA:0,(anonymous_4)
FNDA:3,(anonymous_5)
FNDA:3,(anonymous_6)
FNDA:0,(anonymous_7)
FNDA:0,(anonymous_8)
FNDA:1,(anonymous_9)
FNDA:3,(anonymous_10)
DA:31,3
DA:32,3
DA:39,3
DA:46,3
DA:53,0
DA:62,0
DA:63,0
DA:64,0
DA:65,0
DA:73,3
DA:74,3
DA:75,3
DA:76,1
DA:77,1
DA:80,2
DA:81,1
DA:83,1
DA:92,3
DA:97,3
DA:98,0
DA:99,0
DA:110,1
DA:118,3
DA:122,1
LF:24
LH:17
BRDA:63,0,0,0
BRDA:63,0,1,0
BRDA:63,1,0,0
BRDA:63,1,1,0
BRDA:76,2,0,1
BRDA:76,2,1,0
BRDA:80,3,0,1
BRDA:80,3,1,1
BRDA:98,4,0,0
BRDA:98,4,1,0
BRF:10
BRH:3
end_of_record
TN:
SF:src/react-extension/components/Announcement/HandleSubscriptionAnnouncement/HandleSubscriptionAnnouncement.test.data.js
FN:21,defaultProps
FNF:1
FNH:1
FNDA:1,defaultProps
DA:22,1
DA:35,1
LF:2
LH:2
BRF:0
BRH:0
end_of_record
TN:
SF:src/react-extension/components/Announcement/HandleSubscriptionAnnouncement/HandleSubscriptionAnnouncement.test.page.js
FN:26,(anonymous_0)
FNF:1
FNH:1
FNDA:3,(anonymous_0)
DA:27,3
LF:1
LH:1
BRF:0
BRH:0
end_of_record
TN:
SF:src/react-extension/components/Authentication/CheckMailBox/CheckMailBox.js
FN:23,(anonymous_0)
FN:31,(anonymous_1)
FNF:2
FNH:1
FNDA:0,(anonymous_0)
FNDA:1,(anonymous_1)
DA:24,0
DA:32,1
DA:44,1
LF:3
LH:2
BRF:0
BRH:0
end_of_record
TN:
SF:src/react-extension/components/Authentication/CheckMailBox/CheckMailBox.test.page.js
FN:30,(anonymous_0)
FN:41,(anonymous_1)
FN:48,(anonymous_2)
FN:55,(anonymous_3)
FNF:4
FNH:4
FNDA:1,(anonymous_0)
FNDA:2,(anonymous_1)
FNDA:1,(anonymous_2)
FNDA:1,(anonymous_3)
DA:31,1
DA:42,2
DA:49,1
DA:56,1
LF:4
LH:4
BRF:0
BRH:0
end_of_record
TN:
SF:src/react-extension/components/Authentication/CheckPassphrase/CheckPassphrase.js
FN:30,(anonymous_0)
FN:41,(anonymous_1)
FN:60,(anonymous_2)
FN:67,(anonymous_3)
FN:68,(anonymous_4)
FN:74,(anonymous_5)
FN:81,(anonymous_6)
FN:88,(anonymous_7)
FN:95,(anonymous_8)
FN:106,(anonymous_9)
FN:114,(anonymous_10)
FN:128,(anonymous_11)
FN:139,(anonymous_12)
FN:146,(anonymous_13)
FN:153,(anonymous_14)
FN:160,(anonymous_15)
FN:169,(anonymous_16)
FN:184,(anonymous_17)
FN:191,(anonymous_18)
FN:198,(anonymous_19)
FN:211,(anonymous_20)
FN:219,(anonymous_21)
FN:226,(anonymous_22)
FN:234,(anonymous_23)
FN:241,(anonymous_24)
FNF:25
FNH:21
FNDA:8,(anonymous_0)
FNDA:8,(anonymous_1)
FNDA:55,(anonymous_2)
FNDA:5,(anonymous_3)
FNDA:1,(anonymous_4)
FNDA:56,(anonymous_5)
FNDA:28,(anonymous_6)
FNDA:8,(anonymous_7)
FNDA:8,(anonymous_8)
FNDA:8,(anonymous_9)
FNDA:5,(anonymous_10)
FNDA:6,(anonymous_11)
FNDA:2,(anonymous_12)
FNDA:0,(anonymous_13)
FNDA:0,(anonymous_14)
FNDA:4,(anonymous_15)
FNDA:2,(anonymous_16)
FNDA:6,(anonymous_17)
FNDA:2,(anonymous_18)
FNDA:5,(anonymous_19)
FNDA:6,(anonymous_20)
FNDA:0,(anonymous_21)
FNDA:8,(anonymous_22)
FNDA:0,(anonymous_23)
FNDA:28,(anonymous_24)
DA:31,8
DA:32,8
DA:33,8
DA:34,8
DA:42,8
DA:61,55
DA:68,5
DA:75,56
DA:82,28
DA:89,8
DA:96,8
DA:97,8
DA:98,8
DA:99,8
DA:100,8
DA:107,8
DA:115,5
DA:116,5
DA:118,5
DA:119,4
DA:120,4
DA:129,6
DA:130,6
DA:131,6
DA:132,0
DA:140,2
DA:147,0
DA:154,0
DA:161,4
DA:171,2
DA:172,2
DA:173,1
DA:175,1
DA:176,1
DA:185,6
DA:192,2
DA:199,5
DA:200,5
DA:201,5
DA:202,1
DA:203,1
DA:205,4
DA:212,6
DA:220,0
DA:227,8
DA:235,0
DA:242,28
DA:243,28
DA:307,1
DA:308,1
LF:50
LH:45
BRDA:82,0,0,28
BRDA:82,0,1,27
BRDA:118,1,0,4
BRDA:118,1,1,1
BRDA:131,2,0,0
BRDA:131,2,1,6
BRDA:172,3,0,1
BRDA:172,3,1,1
BRDA:201,4,0,1
BRDA:201,4,1,4
BRDA:242,5,0,4
BRDA:242,5,1,24
BRDA:248,6,0,2
BRDA:248,6,1,26
BRDA:253,7,0,28
BRDA:253,7,1,0
BRDA:259,8,0,28
BRDA:259,8,1,0
BRDA:265,9,0,28
BRDA:265,9,1,12
BRDA:267,10,0,12
BRDA:267,10,1,1
BRDA:270,11,0,12
BRDA:270,11,1,1
BRDA:276,12,0,28
BRDA:276,12,1,27
BRF:26
BRH:23
end_of_record
TN:
SF:src/react-extension/components/Authentication/CheckPassphrase/CheckPassphrase.test.data.js
FN:8,defaultAppContext
FN:20,defaultProps
FN:34,propsWithCannotRememberMe
FNF:3
FNH:3
FNDA:8,defaultAppContext
FNDA:1,defaultProps
FNDA:1,propsWithCannotRememberMe
DA:9,8
DA:13,8
DA:21,1
DA:35,1
LF:4
LH:4
BRDA:13,0,0,8
BRDA:13,0,1,8
BRF:2
BRH:2
end_of_record
TN:
SF:src/react-extension/components/Authentication/CheckPassphrase/CheckPassphrase.test.page.js
FN:16,(anonymous_0)
FN:29,(anonymous_1)
FN:36,(anonymous_2)
FN:43,(anonymous_3)
FN:50,(anonymous_4)
FN:54,(anonymous_5)
FN:61,(anonymous_6)
FN:69,(anonymous_7)
FN:78,(anonymous_8)
FN:85,(anonymous_9)
FN:92,(anonymous_10)
FN:100,(anonymous_11)
FN:103,(anonymous_12)
FN:110,(anonymous_13)
FN:112,(anonymous_14)
FN:120,(anonymous_15)
FN:120,(anonymous_16)
FNF:17
FNH:16
FNDA:8,(anonymous_0)
FNDA:1,(anonymous_1)
FNDA:10,(anonymous_2)
FNDA:2,(anonymous_3)
FNDA:8,(anonymous_4)
FNDA:1,(anonymous_5)
FNDA:8,(anonymous_6)
FNDA:3,(anonymous_7)
FNDA:3,(anonymous_8)
FNDA:1,(anonymous_9)
FNDA:0,(anonymous_10)
FNDA:2,(anonymous_11)
FNDA:2,(anonymous_12)
FNDA:6,(anonymous_13)
FNDA:6,(anonymous_14)
FNDA:5,(anonymous_15)
FNDA:3,(anonymous_16)
DA:17,8
DA:30,1
DA:37,10
DA:44,2
DA:51,8
DA:55,1
DA:62,8
DA:70,3
DA:71,3
DA:72,3
DA:79,3
DA:86,1
DA:93,0
DA:101,2
DA:102,2
DA:103,2
DA:111,6
DA:112,6
DA:121,5
DA:122,5
DA:123,5
LF:21
LH:20
BRDA:72,0,0,3
BRDA:72,0,1,1
BRDA:120,1,0,3
BRF:3
BRH:3
end_of_record
TN:
SF:src/react-extension/components/Authentication/ChooseSecurityToken/ChooseSecurityToken.js
FN:29,(anonymous_0)
FN:39,(anonymous_1)
FN:47,(anonymous_2)
FN:65,(anonymous_3)
FN:76,(anonymous_4)
FN:89,(anonymous_5)
FN:103,(anonymous_6)
FN:110,(anonymous_7)
FN:111,(anonymous_8)
FN:117,(anonymous_9)
FN:124,(anonymous_10)
FN:134,(anonymous_11)
FN:142,(anonymous_12)
FN:155,(anonymous_13)
FN:167,(anonymous_14)
FN:176,(anonymous_15)
FN:187,(anonymous_16)
FN:201,(anonymous_17)
FN:212,(anonymous_18)
FN:222,(anonymous_19)
FN:229,(anonymous_20)
FN:240,(anonymous_21)
FN:254,(anonymous_22)
FN:275,(anonymous_23)
FN:283,(anonymous_24)
FN:293,(anonymous_25)
FN:300,(anonymous_26)
FNF:27
FNH:26
FNDA:8,(anonymous_0)
FNDA:8,(anonymous_1)
FNDA:8,(anonymous_2)
FNDA:52,(anonymous_3)
FNDA:29,(anonymous_4)
FNDA:34,(anonymous_5)
FNDA:36,(anonymous_6)
FNDA:5,(anonymous_7)
FNDA:2,(anonymous_8)
FNDA:68,(anonymous_9)
FNDA:8,(anonymous_10)
FNDA:8,(anonymous_11)
FNDA:5,(anonymous_12)
FNDA:2,(anonymous_13)
FNDA:9,(anonymous_14)
FNDA:6,(anonymous_15)
FNDA:3,(anonymous_16)
FNDA:1,(anonymous_17)
FNDA:11,(anonymous_18)
FNDA:15,(anonymous_19)
FNDA:9,(anonymous_20)
FNDA:9,(anonymous_21)
FNDA:5,(anonymous_22)
FNDA:4,(anonymous_23)
FNDA:34,(anonymous_24)
FNDA:0,(anonymous_25)
FNDA:34,(anonymous_26)
DA:30,8
DA:31,8
DA:32,8
DA:33,8
DA:41,8
DA:48,8
DA:66,52
DA:77,29
DA:78,29
DA:79,29
DA:80,29
DA:81,29
DA:82,29
DA:90,34
DA:91,26
DA:96,8
DA:104,36
DA:111,5
DA:118,68
DA:125,8
DA:126,8
DA:127,8
DA:128,8
DA:135,8
DA:143,5
DA:144,5
DA:146,5
DA:147,3
DA:148,3
DA:156,2
DA:157,2
DA:158,2
DA:159,0
DA:168,9
DA:169,9
DA:177,6
DA:178,6
DA:179,6
DA:180,0
DA:188,3
DA:193,3
DA:202,1
DA:203,1
DA:204,1
DA:213,11
DA:214,11
DA:223,15
DA:230,9
DA:231,9
DA:232,9
DA:233,0
DA:242,9
DA:243,9
DA:244,9
DA:248,9
DA:255,5
DA:257,5
DA:258,5
DA:259,1
DA:260,1
DA:263,4
DA:264,4
DA:265,1
DA:266,1
DA:269,3
DA:276,4
DA:284,34
DA:294,0
DA:301,34
DA:302,34
DA:371,1
DA:372,1
LF:72
LH:68
BRDA:82,0,0,0
BRDA:82,0,1,29
BRDA:90,1,0,26
BRDA:90,1,1,8
BRDA:146,2,0,3
BRDA:146,2,1,2
BRDA:156,3,0,2
BRDA:156,3,1,0
BRDA:158,4,0,0
BRDA:158,4,1,2
BRDA:179,5,0,0
BRDA:179,5,1,6
BRDA:213,6,0,11
BRDA:213,6,1,0
BRDA:232,7,0,0
BRDA:232,7,1,9
BRDA:258,8,0,1
BRDA:258,8,1,4
BRDA:264,9,0,1
BRDA:264,9,1,3
BRDA:284,10,0,34
BRDA:284,10,1,34
BRDA:284,10,2,33
BRDA:301,11,0,3
BRDA:301,11,1,31
BRDA:306,12,0,2
BRDA:306,12,1,32
BRDA:338,13,0,34
BRDA:338,13,1,9
BRDA:340,14,0,9
BRDA:340,14,1,1
BRDA:343,15,0,9
BRDA:343,15,1,1
BRF:33
BRH:27
end_of_record
TN:
SF:src/react-extension/components/Authentication/ChooseSecurityToken/ChooseSecurityToken.test.data.js
FN:8,defaultAppContext
FN:20,defaultProps
FNF:2
FNH:2
FNDA:8,defaultAppContext
FNDA:1,defaultProps
DA:9,8
DA:13,8
DA:21,1
LF:3
LH:3
BRDA:13,0,0,8
BRDA:13,0,1,8
BRF:2
BRH:2
end_of_record
TN:
SF:src/react-extension/components/Authentication/ChooseSecurityToken/ChooseSecurityToken.test.page.js
FN:16,(anonymous_0)
FN:29,(anonymous_1)
FN:36,(anonymous_2)
FN:43,(anonymous_3)
FN:50,(anonymous_4)
FN:58,(anonymous_5)
FN:66,(anonymous_6)
FN:73,(anonymous_7)
FN:80,(anonymous_8)
FN:88,(anonymous_9)
FN:96,(anonymous_10)
FN:100,(anonymous_11)
FN:107,(anonymous_12)
FN:109,(anonymous_13)
FN:115,(anonymous_14)
FN:118,(anonymous_15)
FN:125,(anonymous_16)
FN:125,(anonymous_17)
FNF:18
FNH:18
FNDA:8,(anonymous_0)
FNDA:1,(anonymous_1)
FNDA:12,(anonymous_2)
FNDA:2,(anonymous_3)
FNDA:1,(anonymous_4)
FNDA:8,(anonymous_5)
FNDA:3,(anonymous_6)
FNDA:3,(anonymous_7)
FNDA:1,(anonymous_8)
FNDA:1,(anonymous_9)
FNDA:2,(anonymous_10)
FNDA:2,(anonymous_11)
FNDA:6,(anonymous_12)
FNDA:6,(anonymous_13)
FNDA:1,(anonymous_14)
FNDA:1,(anonymous_15)
FNDA:5,(anonymous_16)
FNDA:3,(anonymous_17)
DA:17,8
DA:30,1
DA:37,12
DA:44,2
DA:51,1
DA:59,8
DA:67,3
DA:74,3
DA:81,1
DA:89,1
DA:97,2
DA:98,2
DA:99,2
DA:100,2
DA:108,6
DA:109,6
DA:116,1
DA:117,1
DA:118,1
DA:126,5
DA:127,5
DA:128,5
LF:22
LH:22
BRDA:125,0,0,3
BRF:1
BRH:1
end_of_record
TN:
SF:src/react-extension/components/Authentication/CreateGpgKey/CreateGpgKey.js
FN:33,(anonymous_0)
FN:44,(anonymous_1)
FN:68,(anonymous_2)
FN:75,(anonymous_3)
FN:79,(anonymous_4)
FN:85,(anonymous_5)
FN:92,(anonymous_6)
FN:99,(anonymous_7)
FN:109,(anonymous_8)
FN:117,(anonymous_9)
FN:132,(anonymous_10)
FN:133,(anonymous_11)
FN:135,(anonymous_12)
FN:143,(anonymous_13)
FN:150,(anonymous_14)
FN:158,(anonymous_15)
FN:167,(anonymous_16)
FN:175,(anonymous_17)
FN:177,(anonymous_18)
FN:192,(anonymous_19)
FN:202,(anonymous_20)
FN:212,(anonymous_21)
FN:221,(anonymous_22)
FN:228,(anonymous_23)
FN:235,(anonymous_24)
FN:243,(anonymous_25)
FN:250,(anonymous_26)
FNF:27
FNH:20
FNDA:14,(anonymous_0)
FNDA:14,(anonymous_1)
FNDA:82,(anonymous_2)
FNDA:82,(anonymous_3)
FNDA:82,(anonymous_4)
FNDA:82,(anonymous_5)
FNDA:64,(anonymous_6)
FNDA:14,(anonymous_7)
FNDA:14,(anonymous_8)
FNDA:12,(anonymous_9)
FNDA:12,(anonymous_10)
FNDA:0,(anonymous_11)
FNDA:0,(anonymous_12)
FNDA:1,(anonymous_13)
FNDA:0,(anonymous_14)
FNDA:2,(anonymous_15)
FNDA:12,(anonymous_16)
FNDA:12,(anonymous_17)
FNDA:48,(anonymous_18)
FNDA:0,(anonymous_19)
FNDA:2,(anonymous_20)
FNDA:0,(anonymous_21)
FNDA:0,(anonymous_22)
FNDA:2,(anonymous_23)
FNDA:1,(anonymous_24)
FNDA:0,(anonymous_25)
FNDA:41,(anonymous_26)
DA:34,14
DA:35,14
DA:36,14
DA:37,14
DA:38,14
DA:45,14
DA:69,82
DA:76,82
DA:79,82
DA:86,82
DA:93,64
DA:100,14
DA:101,14
DA:102,14
DA:103,14
DA:110,14
DA:118,12
DA:119,12
DA:120,12
DA:121,12
DA:122,12
DA:123,12
DA:133,12
DA:135,12
DA:136,0
DA:137,0
DA:144,1
DA:151,0
DA:159,2
DA:160,2
DA:168,12
DA:176,12
DA:177,48
DA:178,12
DA:193,0
DA:194,0
DA:196,0
DA:203,2
DA:204,2
DA:213,0
DA:214,0
DA:215,0
DA:222,0
DA:229,2
DA:236,1
DA:244,0
DA:251,41
DA:252,41
DA:253,41
DA:335,1
DA:336,1
LF:51
LH:40
BRDA:133,0,0,0
BRDA:133,0,1,0
BRDA:136,1,0,0
BRDA:136,1,1,0
BRDA:177,2,0,30
BRDA:177,2,1,18
BRDA:181,3,0,12
BRDA:181,3,1,12
BRDA:193,4,0,0
BRDA:193,4,1,0
BRDA:251,5,0,2
BRDA:251,5,1,39
BRDA:252,6,0,18
BRDA:252,6,1,23
BRDA:261,7,0,41
BRDA:261,7,1,40
BRDA:271,8,0,41
BRDA:271,8,1,1
BRDA:281,9,0,40
BRDA:281,9,1,1
BRDA:319,10,0,41
BRDA:319,10,1,23
BRF:22
BRH:16
end_of_record
TN:
SF:src/react-extension/components/Authentication/CreateGpgKey/CreateGpgKey.test.data.js
FN:8,defaultAppContext
FN:20,defaultProps
FNF:2
FNH:2
FNDA:1,defaultAppContext
FNDA:1,defaultProps
DA:9,1
DA:13,1
DA:21,1
LF:3
LH:3
BRDA:13,0,0,1
BRDA:13,0,1,1
BRF:2
BRH:2
end_of_record
TN:
SF:src/react-extension/components/Authentication/CreateGpgKey/CreateGpgKey.test.page.js
FN:16,(anonymous_0)
FN:29,(anonymous_1)
FN:36,(anonymous_2)
FN:43,(anonymous_3)
FN:50,(anonymous_4)
FN:57,(anonymous_5)
FN:64,(anonymous_6)
FN:71,(anonymous_7)
FN:78,(anonymous_8)
FN:85,(anonymous_9)
FN:92,(anonymous_10)
FN:99,(anonymous_11)
FN:106,(anonymous_12)
FN:113,(anonymous_13)
FN:120,(anonymous_14)
FN:128,(anonymous_15)
FN:130,(anonymous_16)
FN:137,(anonymous_17)
FN:137,(anonymous_18)
FN:146,(anonymous_19)
FN:149,(anonymous_20)
FNF:21
FNH:20
FNDA:14,(anonymous_0)
FNDA:18,(anonymous_1)
FNDA:1,(anonymous_2)
FNDA:1,(anonymous_3)
FNDA:2,(anonymous_4)
FNDA:6,(anonymous_5)
FNDA:1,(anonymous_6)
FNDA:1,(anonymous_7)
FNDA:1,(anonymous_8)
FNDA:1,(anonymous_9)
FNDA:1,(anonymous_10)
FNDA:1,(anonymous_11)
FNDA:3,(anonymous_12)
FNDA:2,(anonymous_13)
FNDA:1,(anonymous_14)
FNDA:13,(anonymous_15)
FNDA:13,(anonymous_16)
FNDA:2,(anonymous_17)
FNDA:0,(anonymous_18)
FNDA:1,(anonymous_19)
FNDA:1,(anonymous_20)
DA:17,14
DA:30,18
DA:37,1
DA:44,1
DA:51,2
DA:58,6
DA:65,1
DA:72,1
DA:79,1
DA:86,1
DA:93,1
DA:100,1
DA:107,3
DA:114,2
DA:121,1
DA:129,13
DA:130,13
DA:138,2
DA:139,2
DA:140,2
DA:147,1
DA:148,1
DA:149,1
LF:23
LH:23
BRDA:137,0,0,0
BRF:1
BRH:0
end_of_record
TN:
SF:src/react-extension/components/Authentication/DisplayBrowserNotSupported/DisplayBrowserNotSupported.js
FN:27,(anonymous_0)
FN:35,(anonymous_1)
FNF:2
FNH:1
FNDA:0,(anonymous_0)
FNDA:1,(anonymous_1)
DA:19,1
DA:20,1
DA:28,0
DA:36,1
DA:53,1
LF:5
LH:4
BRF:0
BRH:0
end_of_record
TN:
SF:src/react-extension/components/Authentication/DisplayBrowserNotSupported/DisplayBrowserNotSupportedPage.js
FN:30,(anonymous_0)
FN:41,(anonymous_1)
FN:48,(anonymous_2)
FN:55,(anonymous_3)
FN:62,(anonymous_4)
FN:69,(anonymous_5)
FN:76,(anonymous_6)
[...]
DA:107,2
DA:115,3
DA:116,3
DA:124,5
DA:125,5
DA:133,1
DA:134,1
DA:144,25
DA:162,133
DA:163,133
LF:25
LH:25
BRDA:143,0,0,20
BRDA:183,1,0,3
BRDA:183,1,1,22
BRF:3
BRH:3
end_of_record
TN:
SF:src/react-extension/lib/Error/PassboltSubscriptionError.js
FN:12,(anonymous_0)
FNF:1
FNH:1
FNDA:3,(anonymous_0)
DA:13,3
DA:14,3
DA:15,3
LF:3
LH:3
BRDA:12,0,0,1
BRF:1
BRH:1
end_of_record
TN:
SF:src/react-extension/lib/Error/UserAbortsOperationError.js
FN:15,(anonymous_0)
FNF:1
FNH:1
FNDA:8,(anonymous_0)
DA:16,8
DA:17,8
LF:2
LH:2
BRF:0
BRH:0
end_of_record
TN:
SF:src/react-extension/lib/Object/getPropValue.js
FN:1,(anonymous_0)
FN:2,(anonymous_1)
FNF:2
FNH:2
FNDA:2105,(anonymous_0)
FNDA:4957,(anonymous_1)
DA:1,2105
DA:3,4957
LF:2
LH:2
BRDA:3,0,0,22
BRDA:3,0,1,4935
BRF:2
BRH:2
end_of_record
TN:
SF:src/react-extension/lib/Sanitize/sanitizeUrl.js
FN:25,(anonymous_0)
FNF:1
FNH:1
FNDA:429,(anonymous_0)
DA:27,429
DA:28,6
DA:30,423
DA:31,423
DA:32,5
DA:33,0
DA:36,423
DA:37,114
DA:38,0
DA:42,423
DA:43,423
DA:44,423
DA:47,423
DA:48,59
DA:51,423
DA:52,423
DA:53,413
DA:54,3
DA:56,410
DA:57,4
DA:59,406
DA:61,10
DA:69,45
LF:23
LH:21
BRDA:27,0,0,6
BRDA:27,0,1,423
BRDA:27,1,0,429
BRDA:27,1,1,427
BRDA:27,1,2,424
BRDA:30,2,0,423
BRDA:30,2,1,304
BRDA:31,3,0,5
BRDA:31,3,1,418
BRDA:32,4,0,0
BRDA:32,4,1,5
BRDA:36,5,0,114
BRDA:36,5,1,309
BRDA:37,6,0,0
BRDA:37,6,1,114
BRDA:42,7,0,423
BRDA:42,7,1,418
BRDA:44,8,0,423
BRDA:44,8,1,309
BRDA:47,9,0,59
BRDA:47,9,1,364
BRDA:47,10,0,423
BRDA:47,10,1,71
BRDA:53,11,0,3
BRDA:53,11,1,410
BRDA:56,12,0,4
BRDA:56,12,1,406
BRF:27
BRH:25
end_of_record
TN:
SF:src/react-extension/test/fixture/ResourceTypes/resourceTypes.js
FNF:0
FNH:0
LF:0
LH:0
BRF:0
BRH:0
end_of_record
TN:
SF:src/react-extension/test/fixture/Settings/siteSettings.js
FNF:0
FNH:0
LF:0
LH:0
BRF:0
BRH:0
end_of_record
TN:
SF:src/react-extension/test/fixture/Settings/userSettings.js
FNF:0
FNH:0
LF:0
LH:0
BRF:0
BRH:0
end_of_record
TN:
SF:src/react-extension/test/lib/crypto/cryptoGetRandomvalues.js
FN:19,(anonymous_0)
FNF:1
FNH:1
FNDA:456,(anonymous_0)
DA:15,4
DA:17,4
DA:19,456
LF:3
LH:3
BRF:0
BRH:0
end_of_record
TN:
SF:src/react-extension/test/mock/MockPort.js
FN:1,delay
FN:2,(anonymous_1)
FN:3,(anonymous_2)
FN:8,(anonymous_3)
FN:14,(anonymous_4)
FN:19,(anonymous_5)
FN:23,(anonymous_6)
FN:42,(anonymous_7)
FN:47,(anonymous_8)
FN:53,(anonymous_9)
FNF:10
FNH:7
FNDA:187,delay
FNDA:187,(anonymous_1)
FNDA:187,(anonymous_2)
FNDA:192,(anonymous_3)
FNDA:20,(anonymous_4)
FNDA:0,(anonymous_5)
FNDA:187,(anonymous_6)
FNDA:0,(anonymous_7)
FNDA:0,(anonymous_8)
FNDA:89,(anonymous_9)
DA:2,187
DA:3,187
DA:9,192
DA:10,192
DA:11,192
DA:15,20
DA:16,20
DA:20,0
DA:24,187
DA:25,187
DA:28,187
DA:29,5
DA:30,5
DA:31,5
DA:32,5
DA:33,5
DA:34,5
DA:36,182
DA:39,187
DA:43,0
DA:44,0
DA:49,0
DA:50,0
DA:54,89
LF:24
LH:19
BRDA:28,0,0,5
BRDA:28,0,1,182
BRF:2
BRH:2
end_of_record
TN:
SF:src/react-extension/test/mock/components/Internationalisation/MockTranslationProvider.js
FN:28,(anonymous_0)
FN:53,(anonymous_1)
FNF:2
FNH:2
FNDA:624,(anonymous_0)
FNDA:641,(anonymous_1)
DA:29,624
DA:54,641
DA:58,92
LF:3
LH:3
BRF:0
BRH:0
end_of_record
TN:
SF:src/react-quickaccess/components/HomePage/canSuggestUrl.js
FN:18,(anonymous_0)
FN:78,(anonymous_1)
FN:134,(anonymous_2)
FNF:3
FNH:3
FNDA:74,(anonymous_0)
FNDA:72,(anonymous_1)
FNDA:19,(anonymous_2)
DA:21,74
DA:22,74
DA:28,2
DA:31,72
DA:34,72
DA:35,0
DA:39,72
DA:40,33
DA:41,8
DA:46,64
DA:47,8
DA:48,8
DA:53,56
DA:54,33
DA:58,23
DA:59,23
DA:60,23
DA:61,4
DA:65,19
DA:78,1
DA:80,72
DA:81,72
DA:82,72
DA:83,72
DA:91,72
DA:92,39
DA:93,39
DA:96,72
DA:97,72
DA:99,0
DA:102,72
DA:103,72
DA:104,33
DA:105,33
DA:107,39
DA:108,39
DA:111,72
DA:115,1
DA:134,1
DA:135,19
DA:137,2
DA:140,17
DA:143,17
DA:149,7
DA:155,5
DA:156,3
DA:161,14
LF:47
LH:45
BRDA:34,0,0,0
BRDA:34,0,1,72
BRDA:39,1,0,33
BRDA:39,1,1,39
BRDA:40,2,0,8
BRDA:40,2,1,25
BRDA:46,3,0,8
BRDA:46,3,1,56
BRDA:47,4,0,8
BRDA:47,4,1,0
BRDA:53,5,0,33
BRDA:53,5,1,23
BRDA:60,6,0,4
BRDA:60,6,1,19
BRDA:60,7,0,23
BRDA:60,7,1,21
BRDA:91,8,0,39
BRDA:91,8,1,33
BRDA:103,9,0,33
BRDA:103,9,1,39
BRDA:135,10,0,2
BRDA:135,10,1,17
BRDA:135,11,0,19
BRDA:135,11,1,19
BRDA:135,11,2,19
BRDA:135,11,3,17
BRDA:143,12,0,7
BRDA:143,12,1,10
BRDA:149,13,0,5
BRDA:149,13,1,2
BRDA:155,14,0,3
BRDA:155,14,1,2
BRDA:155,15,0,5
BRDA:155,15,1,5
BRF:34
BRH:32
end_of_record
TN:
SF:src/react-quickaccess/components/PassphraseDialog/PassphraseDialog.js
FN:8,(anonymous_0)
FN:15,(anonymous_1)
FN:24,(anonymous_2)
FN:40,(anonymous_3)
FN:44,(anonymous_4)
FN:56,(anonymous_5)
FN:65,(anonymous_6)
FN:78,(anonymous_7)
FN:88,(anonymous_8)
FN:101,(anonymous_9)
FN:114,(anonymous_10)
FN:119,(anonymous_11)
FN:129,(anonymous_12)
FNF:13
FNH:9
FNDA:1,(anonymous_0)
FNDA:1,(anonymous_1)
FNDA:1,(anonymous_2)
FNDA:8,(anonymous_3)
FNDA:1,(anonymous_4)
FNDA:1,(anonymous_5)
FNDA:0,(anonymous_6)
FNDA:1,(anonymous_7)
FNDA:1,(anonymous_8)
FNDA:0,(anonymous_9)
FNDA:0,(anonymous_10)
FNDA:0,(anonymous_11)
FNDA:4,(anonymous_12)
DA:9,1
DA:10,1
DA:11,1
DA:12,1
DA:16,1
DA:17,1
DA:18,1
DA:19,1
DA:20,1
DA:21,1
DA:25,1
DA:41,8
DA:45,1
DA:46,1
DA:48,1
DA:49,1
DA:50,1
DA:52,0
DA:57,1
DA:58,1
DA:62,1
DA:66,0
DA:67,0
DA:72,0
DA:74,0
DA:79,1
DA:80,1
DA:81,1
DA:83,1
DA:89,1
DA:102,0
DA:115,0
DA:116,0
DA:121,0
DA:123,0
DA:124,0
DA:125,0
DA:130,4
DA:182,1
LF:39
LH:27
BRDA:57,0,0,0
BRDA:57,0,1,1
BRDA:72,1,0,0
BRDA:72,1,1,0
BRDA:80,2,0,0
BRDA:80,2,1,1
BRDA:121,3,0,0
BRDA:121,3,1,0
BRDA:143,4,0,4
BRDA:143,4,1,4
BRDA:146,5,0,0
BRDA:146,5,1,4
BRDA:160,6,0,1
BRDA:160,6,1,3
BRDA:165,7,0,4
BRDA:165,7,1,0
BRF:16
BRH:8
end_of_record
TN:
SF:src/react-quickaccess/components/ResourceCreatePage/ResourceCreatePage.js
FN:11,(anonymous_0)
FN:18,(anonymous_1)
FN:22,(anonymous_2)
FN:31,(anonymous_3)
FN:53,(anonymous_4)
FN:57,(anonymous_5)
FN:63,(anonymous_6)
FN:70,(anonymous_7)
FN:91,(anonymous_8)
FN:92,(anonymous_9)
FN:99,(anonymous_10)
FN:112,(anonymous_11)
FN:117,(anonymous_12)
FN:150,(anonymous_13)
FN:170,(anonymous_14)
FN:177,(anonymous_15)
FN:181,(anonymous_16)
FN:191,(anonymous_17)
FN:199,(anonymous_18)
FN:208,(anonymous_19)
FN:215,(anonymous_20)
FNF:21
FNH:16
FNDA:4,(anonymous_0)
FNDA:4,(anonymous_1)
FNDA:4,(anonymous_2)
FNDA:4,(anonymous_3)
FNDA:60,(anonymous_4)
FNDA:4,(anonymous_5)
FNDA:4,(anonymous_6)
FNDA:4,(anonymous_7)
FNDA:4,(anonymous_8)
FNDA:4,(anonymous_9)
FNDA:4,(anonymous_10)
FNDA:0,(anonymous_11)
FNDA:1,(anonymous_12)
FNDA:0,(anonymous_13)
FNDA:0,(anonymous_14)
FNDA:1,(anonymous_15)
FNDA:1,(anonymous_16)
FNDA:0,(anonymous_17)
FNDA:0,(anonymous_18)
FNDA:1,(anonymous_19)
FNDA:15,(anonymous_20)
DA:12,4
DA:13,4
DA:14,4
DA:15,4
DA:19,4
DA:23,4
DA:24,4
DA:25,4
DA:26,4
DA:27,4
DA:28,4
DA:32,4
DA:54,60
DA:58,4
DA:59,4
DA:60,4
DA:64,4
DA:65,4
DA:66,4
DA:67,4
DA:71,4
DA:72,4
DA:73,4
DA:74,4
DA:76,4
DA:77,4
DA:78,2
DA:79,2
DA:81,2
DA:82,2
DA:85,2
DA:88,4
DA:92,4
DA:99,4
DA:100,4
DA:101,2
DA:102,2
DA:103,0
DA:105,2
DA:107,4
DA:113,0
DA:114,0
DA:118,1
DA:119,1
DA:127,1
DA:132,1
DA:134,1
DA:135,1
DA:141,1
DA:144,1
DA:146,0
DA:151,0
DA:155,0
DA:163,0
DA:171,0
DA:172,0
DA:174,0
DA:178,1
DA:182,1
DA:183,1
DA:184,1
DA:186,1
DA:192,0
DA:193,0
DA:196,0
DA:200,0
DA:201,0
DA:204,0
DA:205,0
DA:209,1
DA:210,1
DA:211,1
DA:212,1
DA:216,15
DA:288,1
LF:75
LH:58
BRDA:78,0,0,2
BRDA:78,0,1,0
BRDA:81,1,0,2
BRDA:81,1,1,0
BRDA:100,2,0,2
BRDA:100,2,1,2
BRDA:102,3,0,0
BRDA:102,3,1,2
BRDA:151,4,0,0
BRDA:151,4,1,0
BRDA:151,5,0,0
BRDA:151,5,1,0
BRDA:151,5,2,0
BRDA:151,5,3,0
BRDA:151,5,4,0
BRDA:151,5,5,0
BRDA:171,6,0,0
BRDA:171,6,1,0
BRDA:183,7,0,0
BRDA:183,7,1,1
BRDA:192,8,0,0
BRDA:192,8,1,0
BRDA:200,9,0,0
BRDA:200,9,1,0
BRDA:235,10,0,0
BRDA:235,10,1,15
BRDA:241,11,0,0
BRDA:241,11,1,15
BRDA:256,12,0,0
BRDA:256,12,1,15
BRDA:257,13,0,0
BRDA:257,13,1,15
BRDA:278,14,0,2
BRDA:278,14,1,13
BRF:34
BRH:12
end_of_record
TN:
SF:src/react-quickaccess/components/Search/Search.js
FN:8,(anonymous_0)
FN:18,(anonymous_1)
FN:22,(anonymous_2)
FN:26,(anonymous_3)
FN:30,(anonymous_4)
FNF:5
FNH:4
FNDA:2,(anonymous_0)
FNDA:2,(anonymous_1)
FNDA:0,(anonymous_2)
FNDA:1,(anonymous_3)
FNDA:2,(anonymous_4)
DA:9,2
DA:10,2
DA:11,2
DA:19,2
DA:23,0
DA:27,1
DA:31,2
DA:49,1
LF:8
LH:7
BRF:0
BRH:0
end_of_record
TN:
SF:src/react-quickaccess/components/SimpleBar/SimpleBar.js
FN:16,(anonymous_0)
FN:19,(anonymous_1)
FN:22,(anonymous_2)
FN:45,(anonymous_3)
FN:54,(anonymous_4)
FN:75,(anonymous_5)
FN:95,(anonymous_6)
FNF:7
FNH:5
FNDA:4,(anonymous_0)
FNDA:0,(anonymous_1)
FNDA:0,(anonymous_2)
FNDA:15,(anonymous_3)
FNDA:15,(anonymous_4)
FNDA:4,(anonymous_5)
FNDA:4,(anonymous_6)
DA:16,1
DA:17,4
DA:20,0
DA:21,0
DA:22,0
DA:23,0
DA:25,0
DA:26,0
DA:28,0
DA:29,0
DA:31,0
DA:32,0
DA:34,0
DA:37,0
DA:41,4
DA:44,1
DA:47,15
DA:48,15
DA:49,15
DA:50,15
DA:51,15
DA:52,15
DA:54,15
DA:55,15
DA:58,0
DA:59,15
DA:60,0
DA:65,15
DA:69,15
DA:70,0
DA:75,15
DA:76,4
DA:78,4
DA:79,4
DA:90,4
DA:91,0
DA:95,4
DA:96,4
DA:97,4
DA:101,15
DA:138,1
DA:140,1
LF:42
LH:26
BRDA:21,0,0,0
BRDA:21,0,1,0
BRDA:23,1,0,0
BRDA:23,1,1,0
BRDA:23,1,2,0
BRDA:23,1,3,0
BRDA:45,2,0,15
BRDA:55,3,0,0
BRDA:55,3,1,15
BRDA:59,4,0,0
BRDA:59,4,1,15
BRDA:59,5,0,15
BRDA:59,5,1,0
BRDA:69,6,0,0
BRDA:69,6,1,15
BRDA:76,7,0,4
BRDA:76,7,1,4
BRDA:78,8,0,4
BRDA:78,8,1,0
BRDA:82,9,0,4
BRDA:82,9,1,4
BRDA:85,10,0,4
BRDA:85,10,1,0
BRDA:90,11,0,0
BRDA:90,11,1,4
BRDA:109,12,0,0
BRDA:109,12,1,15
BRDA:115,13,0,0
BRDA:115,13,1,15
BRF:29
BRH:14
end_of_record
TN:
SF:src/react-quickaccess/contexts/AppContext.js
FN:13,withAppContext
FN:15,(anonymous_1)
FN:19,(anonymous_2)
FNF:3
FNH:3
FNDA:3,withAppContext
FNDA:7,(anonymous_1)
FNDA:7,(anonymous_2)
DA:3,3
DA:14,3
DA:16,7
DA:19,7
LF:4
LH:4
BRF:0
BRH:0
end_of_record
TN:
SF:src/shared/lib/Browser/detectBrowserName.js
FN:31,detectBrowserName
FNF:1
FNH:1
FNDA:4,detectBrowserName
DA:15,1
DA:32,4
DA:35,4
DA:36,1
DA:38,3
DA:39,0
DA:41,3
DA:42,0
DA:44,3
DA:45,0
DA:47,3
DA:48,0
DA:50,3
DA:51,2
DA:53,1
DA:54,0
DA:57,1
DA:60,4
LF:18
LH:13
BRDA:35,0,0,1
BRDA:35,0,1,3
BRDA:38,1,0,0
BRDA:38,1,1,3
BRDA:41,2,0,0
BRDA:41,2,1,3
BRDA:41,3,0,3
BRDA:41,3,1,3
BRDA:44,4,0,0
BRDA:44,4,1,3
BRDA:47,5,0,0
BRDA:47,5,1,3
BRDA:50,6,0,2
BRDA:50,6,1,1
BRDA:53,7,0,0
BRDA:53,7,1,1
BRF:16
BRH:11
end_of_record
TN:
SF:src/shared/lib/Error/PassboltApiFetchError.js
FN:9,(anonymous_0)
FNF:1
FNH:1
FNDA:28,(anonymous_0)
DA:10,28
DA:11,28
DA:12,28
LF:3
LH:3
BRDA:12,0,0,28
BRDA:12,0,1,22
BRF:2
BRH:2
end_of_record
TN:
SF:src/shared/lib/Error/PassboltBadResponseError.js
FN:8,(anonymous_0)
FNF:1
FNH:0
FNDA:0,(anonymous_0)
DA:9,0
DA:10,0
LF:2
LH:0
BRF:0
BRH:0
end_of_record
TN:
SF:src/shared/lib/Error/PassboltServiceUnavailableError.js
FN:9,(anonymous_0)
FNF:1
FNH:1
FNDA:1,(anonymous_0)
DA:10,1
DA:11,1
DA:12,1
LF:3
LH:3
BRDA:10,0,0,1
BRDA:10,0,1,0
BRF:2
BRH:1
end_of_record
TN:
SF:src/shared/lib/Secret/PwnedPasswords.js
FN:12,(anonymous_0)
FN:32,(anonymous_1)
FN:33,(anonymous_2)
FN:34,(anonymous_3)
FNF:4
FNH:0
FNDA:0,(anonymous_0)
FNDA:0,(anonymous_1)
FNDA:0,(anonymous_2)
FNDA:0,(anonymous_3)
DA:8,11
DA:9,11
DA:13,0
DA:14,0
DA:15,0
DA:18,0
DA:19,0
DA:20,0
DA:21,0
DA:22,0
DA:23,0
DA:25,0
DA:26,0
DA:27,0
DA:29,0
DA:30,0
DA:32,0
DA:33,0
DA:34,0
LF:19
LH:2
BRDA:13,0,0,0
BRDA:13,0,1,0
BRDA:26,1,0,0
BRDA:26,1,1,0
BRDA:30,2,0,0
BRDA:30,2,1,0
BRF:6
BRH:0
end_of_record
TN:
SF:src/shared/lib/Secret/SecretComplexity.js
FN:80,(anonymous_0)
FN:94,(anonymous_1)
FN:103,(anonymous_2)
FN:120,(anonymous_3)
FN:124,(anonymous_4)
FN:143,(anonymous_5)
FN:161,(anonymous_6)
FN:192,(anonymous_7)
FNF:8
FNH:7
FNDA:456,(anonymous_0)
FNDA:209,(anonymous_1)
FNDA:187,(anonymous_2)
FNDA:145,(anonymous_3)
FNDA:725,(anonymous_4)
FNDA:25,(anonymous_5)
FNDA:22,(anonymous_6)
FNDA:0,(anonymous_7)
DA:16,11
DA:49,11
DA:81,456
DA:82,456
DA:83,456
DA:85,456
DA:95,209
DA:104,187
DA:106,187
DA:107,748
DA:108,202
DA:112,187
DA:121,145
DA:122,145
DA:124,145
DA:125,725
DA:126,725
DA:127,516
DA:130,145
DA:144,25
DA:145,25
DA:146,100
DA:147,100
DA:148,65
DA:152,25
DA:162,22
DA:163,22
DA:164,22
DA:165,22
DA:168,22
DA:169,28
DA:176,22
DA:177,22
DA:179,22
DA:180,42
DA:181,42
DA:182,456
DA:186,22
DA:193,0
DA:194,0
LF:40
LH:38
BRDA:107,0,0,202
BRDA:107,0,1,546
BRDA:121,1,0,145
BRDA:121,1,1,64
BRDA:125,2,0,0
BRDA:125,2,1,725
BRDA:126,3,0,209
BRDA:126,3,1,516
BRDA:126,4,0,725
BRDA:126,4,1,725
BRDA:147,5,0,65
BRDA:147,5,1,35
BRDA:164,6,0,22
BRDA:164,6,1,2
BRDA:165,7,0,22
BRDA:165,7,1,2
BRDA:184,8,0,42
BRDA:184,8,1,22
BRF:18
BRH:17
end_of_record
TN:
SF:src/shared/lib/Settings/ResourceTypesSettings.js
FN:25,(anonymous_0)
FN:45,(anonymous_1)
FN:53,(anonymous_2)
FN:61,(anonymous_3)
FN:70,(anonymous_4)
FN:74,(anonymous_5)
FN:81,(anonymous_6)
FN:97,(anonymous_7)
FN:125,(anonymous_8)
FN:129,(anonymous_9)
FN:141,(anonymous_10)
FN:145,(anonymous_11)
FN:164,(anonymous_12)
FN:175,(anonymous_13)
FN:190,(anonymous_14)
FNF:15
FNH:15
FNDA:7,(anonymous_0)
FNDA:244,(anonymous_1)
FNDA:111,(anonymous_2)
FNDA:69,(anonymous_3)
FNDA:189,(anonymous_4)
FNDA:252,(anonymous_5)
FNDA:707,(anonymous_6)
FNDA:65,(anonymous_7)
FNDA:9,(anonymous_8)
FNDA:13,(anonymous_9)
FNDA:10,(anonymous_10)
FNDA:12,(anonymous_11)
FNDA:59,(anonymous_12)
FNDA:56,(anonymous_13)
FNDA:3,(anonymous_14)
DA:14,5
DA:26,7
DA:27,1
DA:29,6
DA:32,7
DA:33,0
DA:35,7
DA:46,244
DA:54,111
DA:62,69
DA:71,189
DA:72,5
DA:74,252
DA:82,707
DA:83,8
DA:85,699
DA:86,0
DA:88,699
DA:99,65
DA:100,11
DA:103,54
DA:104,1
DA:107,53
DA:108,0
DA:112,53
DA:126,9
DA:127,0
DA:129,13
DA:130,9
DA:131,7
DA:133,2
DA:142,10
DA:143,0
DA:145,12
DA:146,10
DA:147,7
DA:149,3
DA:165,59
DA:166,53
DA:168,6
DA:180,56
DA:191,3
LF:42
LH:37
BRDA:26,0,0,1
BRDA:26,0,1,6
BRDA:32,1,0,0
BRDA:32,1,1,7
BRDA:71,2,0,5
BRDA:71,2,1,184
BRDA:82,3,0,8
BRDA:82,3,1,699
BRDA:82,4,0,707
BRDA:82,4,1,699
BRDA:85,5,0,0
BRDA:85,5,1,699
BRDA:85,6,0,699
BRDA:85,6,1,699
BRDA:99,7,0,11
BRDA:99,7,1,54
BRDA:99,8,0,65
BRDA:99,8,1,63
BRDA:103,9,0,1
BRDA:103,9,1,53
BRDA:103,10,0,54
BRDA:103,10,1,1
BRDA:107,11,0,0
BRDA:107,11,1,53
BRDA:107,12,0,53
BRDA:107,12,1,53
BRDA:126,13,0,0
BRDA:126,13,1,9
BRDA:130,14,0,7
BRDA:130,14,1,2
BRDA:130,15,0,9
BRDA:130,15,1,7
BRDA:142,16,0,0
BRDA:142,16,1,10
BRDA:146,17,0,7
BRDA:146,17,1,3
BRDA:146,18,0,10
BRDA:146,18,1,7
BRDA:165,19,0,53
BRDA:165,19,1,6
BRDA:165,20,0,59
BRDA:165,20,1,6
BRF:42
BRH:37
end_of_record
TN:
SF:src/shared/lib/Settings/SiteSettings.js
FN:18,(anonymous_0)
FN:27,(anonymous_1)
FN:54,(anonymous_2)
FN:63,(anonymous_3)
FN:73,(anonymous_4)
FN:82,(anonymous_5)
FN:90,(anonymous_6)
FN:102,(anonymous_7)
FN:114,(anonymous_8)
FN:123,(anonymous_9)
FN:132,(anonymous_10)
FN:140,(anonymous_11)
FN:148,(anonymous_12)
FN:157,(anonymous_13)
FN:165,(anonymous_14)
FN:174,(anonymous_15)
FN:182,(anonymous_16)
FNF:17
FNH:8
FNDA:55,(anonymous_0)
FNDA:842,(anonymous_1)
FNDA:98,(anonymous_2)
FNDA:98,(anonymous_3)
FNDA:0,(anonymous_4)
FNDA:0,(anonymous_5)
FNDA:135,(anonymous_6)
FNDA:171,(anonymous_7)
FNDA:0,(anonymous_8)
FNDA:0,(anonymous_9)
FNDA:0,(anonymous_10)
FNDA:0,(anonymous_11)
FNDA:3,(anonymous_12)
FNDA:0,(anonymous_13)
FNDA:17,(anonymous_14)
FNDA:0,(anonymous_15)
FNDA:0,(anonymous_16)
DA:19,55
DA:28,842
DA:29,842
DA:30,842
DA:39,842
DA:40,839
DA:41,839
DA:42,839
DA:46,842
DA:55,98
DA:56,98
DA:64,98
DA:65,98
DA:74,0
DA:75,0
DA:83,0
DA:91,135
DA:92,135
DA:93,124
DA:95,11
DA:103,171
DA:104,171
DA:105,160
DA:107,11
DA:115,0
DA:116,0
DA:124,0
DA:125,0
DA:133,0
DA:141,0
DA:149,3
DA:150,3
DA:158,0
DA:166,17
DA:167,17
DA:175,0
DA:183,0
LF:37
LH:25
BRDA:30,0,0,842
BRDA:30,0,1,3
BRDA:39,1,0,839
BRDA:39,1,1,3
BRDA:39,2,0,842
BRDA:39,2,1,839
BRDA:41,3,0,839
BRDA:41,3,1,0
BRDA:41,4,0,839
BRDA:41,4,1,0
BRDA:64,5,0,98
BRDA:64,5,1,0
BRDA:65,6,0,98
BRDA:65,6,1,0
BRDA:74,7,0,0
BRDA:74,7,1,0
BRDA:92,8,0,124
BRDA:92,8,1,11
BRDA:104,9,0,160
BRDA:104,9,1,11
BRDA:133,10,0,0
BRDA:133,10,1,0
BRDA:150,11,0,3
BRDA:150,11,1,0
BRDA:167,12,0,17
BRDA:167,12,1,0
BRF:26
BRH:16
end_of_record
TN:
SF:src/shared/lib/Settings/UserSettings.js
FN:15,(anonymous_0)
FN:22,(anonymous_1)
FN:29,(anonymous_2)
FN:36,(anonymous_3)
FN:44,(anonymous_4)
FN:48,(anonymous_5)
FN:52,(anonymous_6)
FN:56,(anonymous_7)
FN:60,(anonymous_8)
FN:68,(anonymous_9)
FNF:10
FNH:5
FNDA:43,(anonymous_0)
FNDA:0,(anonymous_1)
FNDA:0,(anonymous_2)
FNDA:0,(anonymous_3)
FNDA:0,(anonymous_4)
FNDA:858,(anonymous_5)
FNDA:222,(anonymous_6)
FNDA:214,(anonymous_7)
FNDA:171,(anonymous_8)
FNDA:0,(anonymous_9)
DA:16,43
DA:23,0
DA:30,0
DA:37,0
DA:45,0
DA:49,858
DA:53,222
DA:57,214
DA:61,171
DA:69,0
LF:10
LH:5
BRF:0
BRH:0
end_of_record
TN:
SF:src/shared/lib/apiClient/apiClient.js
FN:26,(anonymous_0)
FN:52,(anonymous_1)
FN:63,(anonymous_2)
FN:83,(anonymous_3)
FN:104,(anonymous_4)
FN:133,(anonymous_5)
FN:150,(anonymous_6)
FN:171,(anonymous_7)
FN:197,(anonymous_8)
FN:211,(anonymous_9)
FN:227,(anonymous_10)
FN:242,(anonymous_11)
FN:256,(anonymous_12)
FN:270,(anonymous_13)
FN:287,(anonymous_14)
FN:312,(anonymous_15)
FNF:16
FNH:8
FNDA:6,(anonymous_0)
FNDA:4,(anonymous_1)
FNDA:4,(anonymous_2)
FNDA:0,(anonymous_3)
FNDA:0,(anonymous_4)
FNDA:4,(anonymous_5)
FNDA:0,(anonymous_6)
FNDA:0,(anonymous_7)
FNDA:0,(anonymous_8)
FNDA:4,(anonymous_9)
FNDA:4,(anonymous_10)
FNDA:0,(anonymous_11)
FNDA:0,(anonymous_12)
FNDA:4,(anonymous_13)
FNDA:0,(anonymous_14)
FNDA:4,(anonymous_15)
DA:27,6
DA:28,6
DA:29,0
DA:31,5
DA:32,1
DA:34,4
DA:35,4
DA:36,4
DA:37,4
DA:39,4
DA:40,4
DA:42,0
DA:45,4
DA:53,4
DA:64,4
DA:84,0
DA:85,0
DA:86,0
DA:105,0
DA:107,0
DA:108,0
DA:110,0
DA:111,0
DA:113,0
DA:115,0
DA:116,0
DA:117,0
DA:119,0
DA:134,4
DA:135,4
DA:151,0
DA:152,0
DA:153,0
DA:172,0
DA:174,0
DA:175,0
DA:177,0
DA:178,0
DA:180,0
DA:182,0
DA:183,0
DA:184,0
DA:186,0
DA:198,0
DA:199,0
DA:201,0
DA:202,0
DA:212,4
DA:213,0
DA:215,4
DA:216,4
DA:217,0
DA:228,4
DA:229,0
DA:231,4
DA:232,0
DA:243,0
DA:244,0
DA:257,0
DA:271,4
DA:272,0
DA:274,4
DA:276,4
DA:277,4
DA:278,0
DA:279,0
DA:281,0
DA:283,0
DA:286,0
DA:287,0
DA:288,0
DA:291,0
DA:295,4
DA:313,4
DA:314,4
DA:315,4
DA:316,0
DA:320,4
DA:321,4
DA:322,4
DA:323,0
DA:325,4
DA:326,4
DA:329,1
DA:332,3
DA:333,3
DA:339,0
DA:342,3
DA:343,2
DA:344,2
DA:350,1
LF:91
LH:40
BRDA:28,0,0,0
BRDA:28,0,1,5
BRDA:31,1,0,1
BRDA:31,1,1,4
BRDA:36,2,0,4
BRDA:36,2,1,0
BRDA:85,3,0,0
BRDA:85,3,1,0
BRDA:107,4,0,0
BRDA:107,4,1,0
BRDA:110,5,0,0
BRDA:110,5,1,0
BRDA:111,6,0,0
BRDA:111,6,1,0
BRDA:113,7,0,0
BRDA:113,7,1,0
BRDA:116,8,0,0
BRDA:116,8,1,0
BRDA:134,9,0,4
BRDA:134,9,1,4
BRDA:151,10,0,0
BRDA:151,10,1,0
BRDA:174,11,0,0
BRDA:174,11,1,0
BRDA:177,12,0,0
BRDA:177,12,1,0
BRDA:178,13,0,0
BRDA:178,13,1,0
BRDA:180,14,0,0
BRDA:180,14,1,0
BRDA:183,15,0,0
BRDA:183,15,1,0
BRDA:198,16,0,0
BRDA:198,16,1,0
BRDA:201,17,0,0
BRDA:201,17,1,0
BRDA:212,18,0,0
BRDA:212,18,1,4
BRDA:216,19,0,0
BRDA:216,19,1,4
BRDA:228,20,0,0
BRDA:228,20,1,4
BRDA:231,21,0,0
BRDA:231,21,1,4
BRDA:243,22,0,0
BRDA:243,22,1,0
BRDA:271,23,0,0
BRDA:271,23,1,4
BRDA:276,24,0,4
BRDA:276,24,1,0
BRDA:278,25,0,0
BRDA:278,25,1,0
BRDA:281,26,0,0
BRDA:281,26,1,0
BRDA:286,27,0,0
BRDA:286,27,1,0
BRDA:315,28,0,0
BRDA:315,28,1,4
BRDA:322,29,0,0
BRDA:322,29,1,4
BRDA:342,30,0,2
BRDA:342,30,1,1
BRF:62
BRH:16
end_of_record
TN:
SF:src/shared/lib/apiClient/apiClientOptions.js
FN:24,(anonymous_0)
FN:51,(anonymous_1)
FN:75,(anonymous_2)
FN:90,(anonymous_3)
FN:98,(anonymous_4)
FN:107,(anonymous_5)
FNF:6
FNH:5
FNDA:8,(anonymous_0)
FNDA:0,(anonymous_1)
FNDA:6,(anonymous_2)
FNDA:9,(anonymous_3)
FNDA:9,(anonymous_4)
FNDA:4,(anonymous_5)
DA:25,8
DA:26,1
DA:28,7
DA:29,6
DA:30,6
DA:32,1
DA:35,1
DA:36,0
DA:38,1
DA:41,5
DA:52,0
DA:53,0
DA:55,0
DA:56,0
DA:58,0
DA:59,0
DA:61,0
DA:64,0
DA:76,6
DA:77,1
DA:79,5
DA:80,1
DA:82,4
DA:83,4
DA:91,9
DA:99,9
DA:108,4
DA:109,0
LF:28
LH:18
BRDA:25,0,0,1
BRDA:25,0,1,7
BRDA:28,1,0,6
BRDA:28,1,1,1
BRDA:35,2,0,0
BRDA:35,2,1,1
BRDA:52,3,0,0
BRDA:52,3,1,0
BRDA:55,4,0,0
BRDA:55,4,1,0
BRDA:58,5,0,0
BRDA:58,5,1,0
BRDA:76,6,0,1
BRDA:76,6,1,5
BRDA:79,7,0,1
BRDA:79,7,1,4
BRDA:108,8,0,0
BRDA:108,8,1,4
BRF:18
BRH:10
end_of_record
TN:
SF:src/shared/lib/apiClient/csrfToken.js
FN:18,(anonymous_0)
FN:29,(anonymous_1)
FN:41,(anonymous_2)
FN:55,(anonymous_3)
FNF:4
FNH:0
FNDA:0,(anonymous_0)
FNDA:0,(anonymous_1)
FNDA:0,(anonymous_2)
FNDA:0,(anonymous_3)
DA:19,0
DA:30,0
DA:31,0
DA:42,0
DA:43,0
DA:45,0
DA:46,0
DA:56,0
LF:8
LH:0
BRDA:42,0,0,0
BRDA:42,0,1,0
BRDA:45,1,0,0
BRDA:45,1,1,0
BRF:4
BRH:0
end_of_record
